This is XeTeX, Version 3.141592653-2.6-0.999995 (TeX Live 2023) (preloaded format=xelatex 2024.3.12)  19 MAR 2024 09:53
entering extended mode
 \write18 enabled.
 %&-line parsing enabled.
**Lec-06.tex
(./Lec-06.tex
LaTeX2e <2022-11-01> patch level 1
L3 programming layer <2023-02-22>
(/usr/share/texlive/texmf-dist/tex/latex/beamer/beamer.cls
Document Class: beamer 2023/02/20 v3.69 A class for typesetting presentations
(/usr/share/texlive/texmf-dist/tex/latex/beamer/beamerbasemodes.sty
(/usr/share/texlive/texmf-dist/tex/latex/etoolbox/etoolbox.sty
Package: etoolbox 2020/10/05 v2.5k e-TeX tools for LaTeX (JAW)
\etb@tempcnta=\count181
)
\beamer@tempbox=\box51
\beamer@tempcount=\count182
\c@beamerpauses=\count183

(/usr/share/texlive/texmf-dist/tex/latex/beamer/beamerbasedecode.sty
\beamer@slideinframe=\count184
\beamer@minimum=\count185
\beamer@decode@box=\box52
)
\beamer@commentbox=\box53
\beamer@modecount=\count186
)
(/usr/share/texlive/texmf-dist/tex/generic/iftex/iftex.sty
Package: iftex 2022/02/03 v1.0f TeX engine tests
)
\headdp=\dimen140
\footheight=\dimen141
\sidebarheight=\dimen142
\beamer@tempdim=\dimen143
\beamer@finalheight=\dimen144
\beamer@animht=\dimen145
\beamer@animdp=\dimen146
\beamer@animwd=\dimen147
\beamer@leftmargin=\dimen148
\beamer@rightmargin=\dimen149
\beamer@leftsidebar=\dimen150
\beamer@rightsidebar=\dimen151
\beamer@boxsize=\dimen152
\beamer@vboxoffset=\dimen153
\beamer@descdefault=\dimen154
\beamer@descriptionwidth=\dimen155
\beamer@lastskip=\skip48
\beamer@areabox=\box54
\beamer@animcurrent=\box55
\beamer@animshowbox=\box56
\beamer@sectionbox=\box57
\beamer@logobox=\box58
\beamer@linebox=\box59
\beamer@sectioncount=\count187
\beamer@subsubsectionmax=\count188
\beamer@subsectionmax=\count189
\beamer@sectionmax=\count190
\beamer@totalheads=\count191
\beamer@headcounter=\count192
\beamer@partstartpage=\count193
\beamer@sectionstartpage=\count194
\beamer@subsectionstartpage=\count195
\beamer@animationtempa=\count196
\beamer@animationtempb=\count197
\beamer@xpos=\count198
\beamer@ypos=\count199
\beamer@ypos@offset=\count266
\beamer@showpartnumber=\count267
\beamer@currentsubsection=\count268
\beamer@coveringdepth=\count269
\beamer@sectionadjust=\count270
\beamer@toclastsection=\count271
\beamer@tocsectionnumber=\count272

(/usr/share/texlive/texmf-dist/tex/latex/beamer/beamerbaseoptions.sty
(/usr/share/texlive/texmf-dist/tex/latex/graphics/keyval.sty
Package: keyval 2022/05/29 v1.15 key=value parser (DPC)
\KV@toks@=\toks16
))
\beamer@paperwidth=\skip49
\beamer@paperheight=\skip50

(/usr/share/texlive/texmf-dist/tex/latex/geometry/geometry.sty
Package: geometry 2020/01/02 v5.9 Page Geometry

(/usr/share/texlive/texmf-dist/tex/generic/iftex/ifvtex.sty
Package: ifvtex 2019/10/25 v1.7 ifvtex legacy package. Use iftex instead.
)
\Gm@cnth=\count273
\Gm@cntv=\count274
\c@Gm@tempcnt=\count275
\Gm@bindingoffset=\dimen156
\Gm@wd@mp=\dimen157
\Gm@odd@mp=\dimen158
\Gm@even@mp=\dimen159
\Gm@layoutwidth=\dimen160
\Gm@layoutheight=\dimen161
\Gm@layouthoffset=\dimen162
\Gm@layoutvoffset=\dimen163
\Gm@dimlist=\toks17
)
(/usr/share/texlive/texmf-dist/tex/latex/pgf/math/pgfmath.sty
(/usr/share/texlive/texmf-dist/tex/latex/pgf/utilities/pgfrcs.sty
(/usr/share/texlive/texmf-dist/tex/generic/pgf/utilities/pgfutil-common.tex
\pgfutil@everybye=\toks18
\pgfutil@tempdima=\dimen164
\pgfutil@tempdimb=\dimen165
)
(/usr/share/texlive/texmf-dist/tex/generic/pgf/utilities/pgfutil-latex.def
\pgfutil@abb=\box60
)
(/usr/share/texlive/texmf-dist/tex/generic/pgf/utilities/pgfrcs.code.tex
(/usr/share/texlive/texmf-dist/tex/generic/pgf/pgf.revision.tex)
Package: pgfrcs 2023-01-15 v3.1.10 (3.1.10)
))
(/usr/share/texlive/texmf-dist/tex/latex/pgf/utilities/pgfkeys.sty
(/usr/share/texlive/texmf-dist/tex/generic/pgf/utilities/pgfkeys.code.tex
\pgfkeys@pathtoks=\toks19
\pgfkeys@temptoks=\toks20

(/usr/share/texlive/texmf-dist/tex/generic/pgf/utilities/pgfkeyslibraryfiltered
.code.tex
\pgfkeys@tmptoks=\toks21
)))
(/usr/share/texlive/texmf-dist/tex/generic/pgf/math/pgfmath.code.tex
(/usr/share/texlive/texmf-dist/tex/generic/pgf/math/pgfmathutil.code.tex
\pgf@x=\dimen166
\pgf@xa=\dimen167
\pgf@xb=\dimen168
\pgf@xc=\dimen169
\pgf@y=\dimen170
\pgf@ya=\dimen171
\pgf@yb=\dimen172
\pgf@yc=\dimen173
\c@pgf@counta=\count276
\c@pgf@countb=\count277
\c@pgf@countc=\count278
\c@pgf@countd=\count279
)
(/usr/share/texlive/texmf-dist/tex/generic/pgf/math/pgfmathparser.code.tex
\pgfmath@dimen=\dimen174
\pgfmath@count=\count280
\pgfmath@box=\box61
\pgfmath@toks=\toks22
\pgfmath@stack@operand=\toks23
\pgfmath@stack@operation=\toks24
)
(/usr/share/texlive/texmf-dist/tex/generic/pgf/math/pgfmathfunctions.code.tex)
(/usr/share/texlive/texmf-dist/tex/generic/pgf/math/pgfmathfunctions.basic.code
.tex)
(/usr/share/texlive/texmf-dist/tex/generic/pgf/math/pgfmathfunctions.trigonomet
ric.code.tex)
(/usr/share/texlive/texmf-dist/tex/generic/pgf/math/pgfmathfunctions.random.cod
e.tex)
(/usr/share/texlive/texmf-dist/tex/generic/pgf/math/pgfmathfunctions.comparison
.code.tex)
(/usr/share/texlive/texmf-dist/tex/generic/pgf/math/pgfmathfunctions.base.code.
tex)
(/usr/share/texlive/texmf-dist/tex/generic/pgf/math/pgfmathfunctions.round.code
.tex)
(/usr/share/texlive/texmf-dist/tex/generic/pgf/math/pgfmathfunctions.misc.code.
tex)
(/usr/share/texlive/texmf-dist/tex/generic/pgf/math/pgfmathfunctions.integerari
thmetics.code.tex)
(/usr/share/texlive/texmf-dist/tex/generic/pgf/math/pgfmathcalc.code.tex)
(/usr/share/texlive/texmf-dist/tex/generic/pgf/math/pgfmathfloat.code.tex
\c@pgfmathroundto@lastzeros=\count281
)))

Class beamer Warning: ``mathserif'' is obsolete. Use font theme ``serif'' with 
option ``onlymath'' on input line 357.

(/usr/share/texlive/texmf-dist/tex/latex/base/size11.clo
File: size11.clo 2022/07/02 v1.4n Standard LaTeX file (size option)
)
(/usr/share/texlive/texmf-dist/tex/latex/pgf/basiclayer/pgfcore.sty
(/usr/share/texlive/texmf-dist/tex/latex/graphics/graphicx.sty
Package: graphicx 2021/09/16 v1.2d Enhanced LaTeX Graphics (DPC,SPQR)

(/usr/share/texlive/texmf-dist/tex/latex/graphics/graphics.sty
Package: graphics 2022/03/10 v1.4e Standard LaTeX Graphics (DPC,SPQR)

(/usr/share/texlive/texmf-dist/tex/latex/graphics/trig.sty
Package: trig 2021/08/11 v1.11 sin cos tan (DPC)
)
(/usr/share/texlive/texmf-dist/tex/latex/graphics-cfg/graphics.cfg
File: graphics.cfg 2016/06/04 v1.11 sample graphics configuration
)
Package graphics Info: Driver file: xetex.def on input line 107.

(/usr/share/texlive/texmf-dist/tex/latex/graphics-def/xetex.def
File: xetex.def 2022/09/22 v5.0n Graphics/color driver for xetex
))
\Gin@req@height=\dimen175
\Gin@req@width=\dimen176
)
(/usr/share/texlive/texmf-dist/tex/latex/pgf/systemlayer/pgfsys.sty
(/usr/share/texlive/texmf-dist/tex/generic/pgf/systemlayer/pgfsys.code.tex
Package: pgfsys 2023-01-15 v3.1.10 (3.1.10)
\pgf@x=\dimen177
\pgf@y=\dimen178
\pgf@xa=\dimen179
\pgf@ya=\dimen180
\pgf@xb=\dimen181
\pgf@yb=\dimen182
\pgf@xc=\dimen183
\pgf@yc=\dimen184
\pgf@xd=\dimen185
\pgf@yd=\dimen186
\w@pgf@writea=\write3
\r@pgf@reada=\read2
\c@pgf@counta=\count282
\c@pgf@countb=\count283
\c@pgf@countc=\count284
\c@pgf@countd=\count285
\t@pgf@toka=\toks25
\t@pgf@tokb=\toks26
\t@pgf@tokc=\toks27
\pgf@sys@id@count=\count286

(/usr/share/texlive/texmf-dist/tex/generic/pgf/systemlayer/pgf.cfg
File: pgf.cfg 2023-01-15 v3.1.10 (3.1.10)
)
Driver file for pgf: pgfsys-xetex.def

(/usr/share/texlive/texmf-dist/tex/generic/pgf/systemlayer/pgfsys-xetex.def
File: pgfsys-xetex.def 2023-01-15 v3.1.10 (3.1.10)

(/usr/share/texlive/texmf-dist/tex/generic/pgf/systemlayer/pgfsys-dvipdfmx.def
File: pgfsys-dvipdfmx.def 2023-01-15 v3.1.10 (3.1.10)

(/usr/share/texlive/texmf-dist/tex/generic/pgf/systemlayer/pgfsys-common-pdf.de
f
File: pgfsys-common-pdf.def 2023-01-15 v3.1.10 (3.1.10)
)
\pgfsys@objnum=\count287
)))
(/usr/share/texlive/texmf-dist/tex/generic/pgf/systemlayer/pgfsyssoftpath.code.
tex
File: pgfsyssoftpath.code.tex 2023-01-15 v3.1.10 (3.1.10)
\pgfsyssoftpath@smallbuffer@items=\count288
\pgfsyssoftpath@bigbuffer@items=\count289
)
(/usr/share/texlive/texmf-dist/tex/generic/pgf/systemlayer/pgfsysprotocol.code.
tex
File: pgfsysprotocol.code.tex 2023-01-15 v3.1.10 (3.1.10)
)) (/usr/share/texlive/texmf-dist/tex/latex/xcolor/xcolor.sty
Package: xcolor 2022/06/12 v2.14 LaTeX color extensions (UK)

(/usr/share/texlive/texmf-dist/tex/latex/graphics-cfg/color.cfg
File: color.cfg 2016/01/02 v1.6 sample color configuration
)
Package xcolor Info: Driver file: xetex.def on input line 227.

(/usr/share/texlive/texmf-dist/tex/latex/graphics/mathcolor.ltx)
Package xcolor Info: Model `cmy' substituted by `cmy0' on input line 1353.
Package xcolor Info: Model `RGB' extended on input line 1369.
Package xcolor Info: Model `HTML' substituted by `rgb' on input line 1371.
Package xcolor Info: Model `Hsb' substituted by `hsb' on input line 1372.
Package xcolor Info: Model `tHsb' substituted by `hsb' on input line 1373.
Package xcolor Info: Model `HSB' substituted by `hsb' on input line 1374.
Package xcolor Info: Model `Gray' substituted by `gray' on input line 1375.
Package xcolor Info: Model `wave' substituted by `hsb' on input line 1376.
)
(/usr/share/texlive/texmf-dist/tex/generic/pgf/basiclayer/pgfcore.code.tex
Package: pgfcore 2023-01-15 v3.1.10 (3.1.10)

(/usr/share/texlive/texmf-dist/tex/generic/pgf/math/pgfint.code.tex)
(/usr/share/texlive/texmf-dist/tex/generic/pgf/basiclayer/pgfcorepoints.code.te
x
File: pgfcorepoints.code.tex 2023-01-15 v3.1.10 (3.1.10)
\pgf@picminx=\dimen187
\pgf@picmaxx=\dimen188
\pgf@picminy=\dimen189
\pgf@picmaxy=\dimen190
\pgf@pathminx=\dimen191
\pgf@pathmaxx=\dimen192
\pgf@pathminy=\dimen193
\pgf@pathmaxy=\dimen194
\pgf@xx=\dimen195
\pgf@xy=\dimen196
\pgf@yx=\dimen197
\pgf@yy=\dimen198
\pgf@zx=\dimen199
\pgf@zy=\dimen256
)
(/usr/share/texlive/texmf-dist/tex/generic/pgf/basiclayer/pgfcorepathconstruct.
code.tex
File: pgfcorepathconstruct.code.tex 2023-01-15 v3.1.10 (3.1.10)
\pgf@path@lastx=\dimen257
\pgf@path@lasty=\dimen258
)
(/usr/share/texlive/texmf-dist/tex/generic/pgf/basiclayer/pgfcorepathusage.code
.tex
File: pgfcorepathusage.code.tex 2023-01-15 v3.1.10 (3.1.10)
\pgf@shorten@end@additional=\dimen259
\pgf@shorten@start@additional=\dimen260
)
(/usr/share/texlive/texmf-dist/tex/generic/pgf/basiclayer/pgfcorescopes.code.te
x
File: pgfcorescopes.code.tex 2023-01-15 v3.1.10 (3.1.10)
\pgfpic=\box62
\pgf@hbox=\box63
\pgf@layerbox@main=\box64
\pgf@picture@serial@count=\count290
)
(/usr/share/texlive/texmf-dist/tex/generic/pgf/basiclayer/pgfcoregraphicstate.c
ode.tex
File: pgfcoregraphicstate.code.tex 2023-01-15 v3.1.10 (3.1.10)
\pgflinewidth=\dimen261
)
(/usr/share/texlive/texmf-dist/tex/generic/pgf/basiclayer/pgfcoretransformation
s.code.tex
File: pgfcoretransformations.code.tex 2023-01-15 v3.1.10 (3.1.10)
\pgf@pt@x=\dimen262
\pgf@pt@y=\dimen263
\pgf@pt@temp=\dimen264
)
(/usr/share/texlive/texmf-dist/tex/generic/pgf/basiclayer/pgfcorequick.code.tex
File: pgfcorequick.code.tex 2023-01-15 v3.1.10 (3.1.10)
)
(/usr/share/texlive/texmf-dist/tex/generic/pgf/basiclayer/pgfcoreobjects.code.t
ex
File: pgfcoreobjects.code.tex 2023-01-15 v3.1.10 (3.1.10)
)
(/usr/share/texlive/texmf-dist/tex/generic/pgf/basiclayer/pgfcorepathprocessing
.code.tex
File: pgfcorepathprocessing.code.tex 2023-01-15 v3.1.10 (3.1.10)
)
(/usr/share/texlive/texmf-dist/tex/generic/pgf/basiclayer/pgfcorearrows.code.te
x
File: pgfcorearrows.code.tex 2023-01-15 v3.1.10 (3.1.10)
\pgfarrowsep=\dimen265
)
(/usr/share/texlive/texmf-dist/tex/generic/pgf/basiclayer/pgfcoreshade.code.tex
File: pgfcoreshade.code.tex 2023-01-15 v3.1.10 (3.1.10)
\pgf@max=\dimen266
\pgf@sys@shading@range@num=\count291
\pgf@shadingcount=\count292
)
(/usr/share/texlive/texmf-dist/tex/generic/pgf/basiclayer/pgfcoreimage.code.tex
File: pgfcoreimage.code.tex 2023-01-15 v3.1.10 (3.1.10)
)
(/usr/share/texlive/texmf-dist/tex/generic/pgf/basiclayer/pgfcoreexternal.code.
tex
File: pgfcoreexternal.code.tex 2023-01-15 v3.1.10 (3.1.10)
\pgfexternal@startupbox=\box65
)
(/usr/share/texlive/texmf-dist/tex/generic/pgf/basiclayer/pgfcorelayers.code.te
x
File: pgfcorelayers.code.tex 2023-01-15 v3.1.10 (3.1.10)
)
(/usr/share/texlive/texmf-dist/tex/generic/pgf/basiclayer/pgfcoretransparency.c
ode.tex
File: pgfcoretransparency.code.tex 2023-01-15 v3.1.10 (3.1.10)
)
(/usr/share/texlive/texmf-dist/tex/generic/pgf/basiclayer/pgfcorepatterns.code.
tex
File: pgfcorepatterns.code.tex 2023-01-15 v3.1.10 (3.1.10)
)
(/usr/share/texlive/texmf-dist/tex/generic/pgf/basiclayer/pgfcorerdf.code.tex
File: pgfcorerdf.code.tex 2023-01-15 v3.1.10 (3.1.10)
))) (/usr/share/texlive/texmf-dist/tex/latex/pgf/utilities/xxcolor.sty
Package: xxcolor 2003/10/24 ver 0.1
\XC@nummixins=\count293
\XC@countmixins=\count294
)
(/usr/share/texlive/texmf-dist/tex/latex/base/atbegshi-ltx.sty
Package: atbegshi-ltx 2021/01/10 v1.0c Emulation of the original atbegshi
package with kernel methods
)
(/usr/share/texlive/texmf-dist/tex/latex/hyperref/hyperref.sty
Package: hyperref 2023-02-07 v7.00v Hypertext links for LaTeX

(/usr/share/texlive/texmf-dist/tex/generic/ltxcmds/ltxcmds.sty
Package: ltxcmds 2020-05-10 v1.25 LaTeX kernel commands for general use (HO)
)
(/usr/share/texlive/texmf-dist/tex/generic/pdftexcmds/pdftexcmds.sty
Package: pdftexcmds 2020-06-27 v0.33 Utility functions of pdfTeX for LuaTeX (HO
)

(/usr/share/texlive/texmf-dist/tex/generic/infwarerr/infwarerr.sty
Package: infwarerr 2019/12/03 v1.5 Providing info/warning/error messages (HO)
)
Package pdftexcmds Info: \pdf@primitive is available.
Package pdftexcmds Info: \pdf@ifprimitive is available.
Package pdftexcmds Info: \pdfdraftmode not found.
)
(/usr/share/texlive/texmf-dist/tex/latex/kvsetkeys/kvsetkeys.sty
Package: kvsetkeys 2022-10-05 v1.19 Key value parser (HO)
)
(/usr/share/texlive/texmf-dist/tex/generic/kvdefinekeys/kvdefinekeys.sty
Package: kvdefinekeys 2019-12-19 v1.6 Define keys (HO)
)
(/usr/share/texlive/texmf-dist/tex/generic/pdfescape/pdfescape.sty
Package: pdfescape 2019/12/09 v1.15 Implements pdfTeX's escape features (HO)
)
(/usr/share/texlive/texmf-dist/tex/latex/hycolor/hycolor.sty
Package: hycolor 2020-01-27 v1.10 Color options for hyperref/bookmark (HO)
)
(/usr/share/texlive/texmf-dist/tex/latex/letltxmacro/letltxmacro.sty
Package: letltxmacro 2019/12/03 v1.6 Let assignment for LaTeX macros (HO)
)
(/usr/share/texlive/texmf-dist/tex/latex/auxhook/auxhook.sty
Package: auxhook 2019-12-17 v1.6 Hooks for auxiliary files (HO)
)
(/usr/share/texlive/texmf-dist/tex/latex/hyperref/nameref.sty
Package: nameref 2022-05-17 v2.50 Cross-referencing by name of section

(/usr/share/texlive/texmf-dist/tex/latex/refcount/refcount.sty
Package: refcount 2019/12/15 v3.6 Data extraction from label references (HO)
)
(/usr/share/texlive/texmf-dist/tex/generic/gettitlestring/gettitlestring.sty
Package: gettitlestring 2019/12/15 v1.6 Cleanup title references (HO)

(/usr/share/texlive/texmf-dist/tex/latex/kvoptions/kvoptions.sty
Package: kvoptions 2022-06-15 v3.15 Key value format for package options (HO)
))
\c@section@level=\count295
)
\@linkdim=\dimen267
\Hy@linkcounter=\count296
\Hy@pagecounter=\count297

(/usr/share/texlive/texmf-dist/tex/latex/hyperref/pd1enc.def
File: pd1enc.def 2023-02-07 v7.00v Hyperref: PDFDocEncoding definition (HO)
)
(/usr/share/texlive/texmf-dist/tex/generic/intcalc/intcalc.sty
Package: intcalc 2019/12/15 v1.3 Expandable calculations with integers (HO)
)
(/usr/share/texlive/texmf-dist/tex/generic/etexcmds/etexcmds.sty
Package: etexcmds 2019/12/15 v1.7 Avoid name clashes with e-TeX commands (HO)
)
\Hy@SavedSpaceFactor=\count298

(/usr/share/texlive/texmf-dist/tex/latex/hyperref/puenc.def
File: puenc.def 2023-02-07 v7.00v Hyperref: PDF Unicode definition (HO)
)
Package hyperref Info: Option `bookmarks' set `true' on input line 4060.
Package hyperref Info: Option `bookmarksopen' set `true' on input line 4060.
Package hyperref Info: Option `implicit' set `false' on input line 4060.
Package hyperref Info: Hyper figures OFF on input line 4177.
Package hyperref Info: Link nesting OFF on input line 4182.
Package hyperref Info: Hyper index ON on input line 4185.
Package hyperref Info: Plain pages OFF on input line 4192.
Package hyperref Info: Backreferencing OFF on input line 4197.
Package hyperref Info: Implicit mode OFF; no redefinition of LaTeX internals.
Package hyperref Info: Bookmarks ON on input line 4425.
\c@Hy@tempcnt=\count299

(/usr/share/texlive/texmf-dist/tex/latex/url/url.sty
\Urlmuskip=\muskip16
Package: url 2013/09/16  ver 3.4  Verb mode for urls, etc.
)
LaTeX Info: Redefining \url on input line 4763.
\XeTeXLinkMargin=\dimen268

(/usr/share/texlive/texmf-dist/tex/generic/bitset/bitset.sty
Package: bitset 2019/12/09 v1.3 Handle bit-vector datatype (HO)

(/usr/share/texlive/texmf-dist/tex/generic/bigintcalc/bigintcalc.sty
Package: bigintcalc 2019/12/15 v1.5 Expandable calculations on big integers (HO
)
))
\Fld@menulength=\count300
\Field@Width=\dimen269
\Fld@charsize=\dimen270
Package hyperref Info: Hyper figures OFF on input line 6042.
Package hyperref Info: Link nesting OFF on input line 6047.
Package hyperref Info: Hyper index ON on input line 6050.
Package hyperref Info: backreferencing OFF on input line 6057.
Package hyperref Info: Link coloring OFF on input line 6062.
Package hyperref Info: Link coloring with OCG OFF on input line 6067.
Package hyperref Info: PDF/A mode OFF on input line 6072.
\Hy@abspage=\count301


Package hyperref Message: Stopped early.

)
Package hyperref Info: Driver (autodetected): hxetex.
 (/usr/share/texlive/texmf-dist/tex/latex/hyperref/hxetex.def
File: hxetex.def 2023-02-07 v7.00v Hyperref driver for XeTeX

(/usr/share/texlive/texmf-dist/tex/generic/stringenc/stringenc.sty
Package: stringenc 2019/11/29 v1.12 Convert strings between diff. encodings (HO
)
)
\pdfm@box=\box66
\c@Hy@AnnotLevel=\count302
\HyField@AnnotCount=\count303
\Fld@listcount=\count304
\c@bookmark@seq@number=\count305

(/usr/share/texlive/texmf-dist/tex/latex/rerunfilecheck/rerunfilecheck.sty
Package: rerunfilecheck 2022-07-10 v1.10 Rerun checks for auxiliary files (HO)

(/usr/share/texlive/texmf-dist/tex/latex/base/atveryend-ltx.sty
Package: atveryend-ltx 2020/08/19 v1.0a Emulation of the original atveryend pac
kage
with kernel methods
)
(/usr/share/texlive/texmf-dist/tex/generic/uniquecounter/uniquecounter.sty
Package: uniquecounter 2019/12/15 v1.4 Provide unlimited unique counter (HO)
)
Package uniquecounter Info: New unique counter `rerunfilecheck' on input line 2
85.
))
(/usr/share/texlive/texmf-dist/tex/latex/beamer/beamerbaserequires.sty
(/usr/share/texlive/texmf-dist/tex/latex/beamer/beamerbasecompatibility.sty)
(/usr/share/texlive/texmf-dist/tex/latex/beamer/beamerbasefont.sty
(/usr/share/texlive/texmf-dist/tex/latex/amsfonts/amssymb.sty
Package: amssymb 2013/01/14 v3.01 AMS font symbols

(/usr/share/texlive/texmf-dist/tex/latex/amsfonts/amsfonts.sty
Package: amsfonts 2013/01/14 v3.01 Basic AMSFonts support
\@emptytoks=\toks28
\symAMSa=\mathgroup4
\symAMSb=\mathgroup5
LaTeX Font Info:    Redeclaring math symbol \hbar on input line 98.
LaTeX Font Info:    Overwriting math alphabet `\mathfrak' in version `bold'
(Font)                  U/euf/m/n --> U/euf/b/n on input line 106.
)))
(/usr/share/texlive/texmf-dist/tex/latex/beamer/beamerbasetranslator.sty
(/usr/share/texlive/texmf-dist/tex/latex/translator/translator.sty
Package: translator 2021-05-31 v1.12d Easy translation of strings in LaTeX
))
(/usr/share/texlive/texmf-dist/tex/latex/beamer/beamerbasemisc.sty)
(/usr/share/texlive/texmf-dist/tex/latex/beamer/beamerbasetwoscreens.sty)
(/usr/share/texlive/texmf-dist/tex/latex/beamer/beamerbaseoverlay.sty
\beamer@argscount=\count306
\beamer@lastskipcover=\skip51
\beamer@trivlistdepth=\count307
)
(/usr/share/texlive/texmf-dist/tex/latex/beamer/beamerbasetitle.sty)
(/usr/share/texlive/texmf-dist/tex/latex/beamer/beamerbasesection.sty
\c@lecture=\count308
\c@part=\count309
\c@section=\count310
\c@subsection=\count311
\c@subsubsection=\count312
)
(/usr/share/texlive/texmf-dist/tex/latex/beamer/beamerbaseframe.sty
\beamer@framebox=\box67
\beamer@frametitlebox=\box68
\beamer@zoombox=\box69
\beamer@zoomcount=\count313
\beamer@zoomframecount=\count314
\beamer@frametextheight=\dimen271
\c@subsectionslide=\count315
\beamer@frametopskip=\skip52
\beamer@framebottomskip=\skip53
\beamer@frametopskipautobreak=\skip54
\beamer@framebottomskipautobreak=\skip55
\beamer@envbody=\toks29
\framewidth=\dimen272
\c@framenumber=\count316
)
(/usr/share/texlive/texmf-dist/tex/latex/beamer/beamerbaseverbatim.sty
\beamer@verbatimfileout=\write4
)
(/usr/share/texlive/texmf-dist/tex/latex/beamer/beamerbaseframesize.sty
\beamer@splitbox=\box70
\beamer@autobreakcount=\count317
\beamer@autobreaklastheight=\dimen273
\beamer@frametitletoks=\toks30
\beamer@framesubtitletoks=\toks31
)
(/usr/share/texlive/texmf-dist/tex/latex/beamer/beamerbaseframecomponents.sty
\beamer@footins=\box71
)
(/usr/share/texlive/texmf-dist/tex/latex/beamer/beamerbasecolor.sty)
(/usr/share/texlive/texmf-dist/tex/latex/beamer/beamerbasenotes.sty
\beamer@frameboxcopy=\box72
)
(/usr/share/texlive/texmf-dist/tex/latex/beamer/beamerbasetoc.sty)
(/usr/share/texlive/texmf-dist/tex/latex/beamer/beamerbasetemplates.sty
\beamer@sbttoks=\toks32

(/usr/share/texlive/texmf-dist/tex/latex/beamer/beamerbaseauxtemplates.sty
(/usr/share/texlive/texmf-dist/tex/latex/beamer/beamerbaseboxes.sty
\bmb@box=\box73
\bmb@colorbox=\box74
\bmb@boxwidth=\dimen274
\bmb@boxheight=\dimen275
\bmb@prevheight=\dimen276
\bmb@temp=\dimen277
\bmb@dima=\dimen278
\bmb@dimb=\dimen279
\bmb@prevheight=\dimen280
)
\beamer@blockheadheight=\dimen281
))
(/usr/share/texlive/texmf-dist/tex/latex/beamer/beamerbaselocalstructure.sty
(/usr/share/texlive/texmf-dist/tex/latex/tools/enumerate.sty
Package: enumerate 2015/07/23 v3.00 enumerate extensions (DPC)
\@enLab=\toks33
)
\beamer@bibiconwidth=\skip56
\c@figure=\count318
\c@table=\count319
\abovecaptionskip=\skip57
\belowcaptionskip=\skip58
)
(/usr/share/texlive/texmf-dist/tex/latex/beamer/beamerbasenavigation.sty
(/usr/share/texlive/texmf-dist/tex/latex/beamer/beamerbasenavigationsymbols.tex
)
\beamer@section@min@dim=\dimen282
) (/usr/share/texlive/texmf-dist/tex/latex/beamer/beamerbasetheorems.sty
(/usr/share/texlive/texmf-dist/tex/latex/amsmath/amsmath.sty
Package: amsmath 2022/04/08 v2.17n AMS math features
\@mathmargin=\skip59

For additional information on amsmath, use the `?' option.
(/usr/share/texlive/texmf-dist/tex/latex/amsmath/amstext.sty
Package: amstext 2021/08/26 v2.01 AMS text

(/usr/share/texlive/texmf-dist/tex/latex/amsmath/amsgen.sty
File: amsgen.sty 1999/11/30 v2.0 generic functions
\@emptytoks=\toks34
\ex@=\dimen283
))
(/usr/share/texlive/texmf-dist/tex/latex/amsmath/amsbsy.sty
Package: amsbsy 1999/11/29 v1.2d Bold Symbols
\pmbraise@=\dimen284
)
(/usr/share/texlive/texmf-dist/tex/latex/amsmath/amsopn.sty
Package: amsopn 2022/04/08 v2.04 operator names
)
\inf@bad=\count320
LaTeX Info: Redefining \frac on input line 234.
\uproot@=\count321
\leftroot@=\count322
LaTeX Info: Redefining \overline on input line 399.
LaTeX Info: Redefining \colon on input line 410.
\classnum@=\count323
\DOTSCASE@=\count324
LaTeX Info: Redefining \ldots on input line 496.
LaTeX Info: Redefining \dots on input line 499.
LaTeX Info: Redefining \cdots on input line 620.
\Mathstrutbox@=\box75
\strutbox@=\box76
LaTeX Info: Redefining \big on input line 722.
LaTeX Info: Redefining \Big on input line 723.
LaTeX Info: Redefining \bigg on input line 724.
LaTeX Info: Redefining \Bigg on input line 725.
\big@size=\dimen285
LaTeX Font Info:    Redeclaring font encoding OML on input line 743.
LaTeX Font Info:    Redeclaring font encoding OMS on input line 744.
\macc@depth=\count325
LaTeX Info: Redefining \bmod on input line 905.
LaTeX Info: Redefining \pmod on input line 910.
LaTeX Info: Redefining \smash on input line 940.
LaTeX Info: Redefining \relbar on input line 970.
LaTeX Info: Redefining \Relbar on input line 971.
\c@MaxMatrixCols=\count326
\dotsspace@=\muskip17
\c@parentequation=\count327
\dspbrk@lvl=\count328
\tag@help=\toks35
\row@=\count329
\column@=\count330
\maxfields@=\count331
\andhelp@=\toks36
\eqnshift@=\dimen286
\alignsep@=\dimen287
\tagshift@=\dimen288
\tagwidth@=\dimen289
\totwidth@=\dimen290
\lineht@=\dimen291
\@envbody=\toks37
\multlinegap=\skip60
\multlinetaggap=\skip61
\mathdisplay@stack=\toks38
LaTeX Info: Redefining \[ on input line 2953.
LaTeX Info: Redefining \] on input line 2954.
)
(/usr/share/texlive/texmf-dist/tex/latex/amscls/amsthm.sty
Package: amsthm 2020/05/29 v2.20.6
\thm@style=\toks39
\thm@bodyfont=\toks40
\thm@headfont=\toks41
\thm@notefont=\toks42
\thm@headpunct=\toks43
\thm@preskip=\skip62
\thm@postskip=\skip63
\thm@headsep=\skip64
\dth@everypar=\toks44
)
\c@theorem=\count332
)
(/usr/share/texlive/texmf-dist/tex/latex/beamer/beamerbasethemes.sty))
(/usr/share/texlive/texmf-dist/tex/latex/beamer/beamerthemedefault.sty
(/usr/share/texlive/texmf-dist/tex/latex/beamer/beamerfontthemedefault.sty)
(/usr/share/texlive/texmf-dist/tex/latex/beamer/beamercolorthemedefault.sty)
(/usr/share/texlive/texmf-dist/tex/latex/beamer/beamerinnerthemedefault.sty
\beamer@dima=\dimen292
\beamer@dimb=\dimen293
)
(/usr/share/texlive/texmf-dist/tex/latex/beamer/beamerouterthemedefault.sty)))
(./beamerthemetpu.sty
(/usr/share/texlive/texmf-dist/tex/latex/pgf/frontendlayer/tikz.sty
(/usr/share/texlive/texmf-dist/tex/latex/pgf/basiclayer/pgf.sty
Package: pgf 2023-01-15 v3.1.10 (3.1.10)

(/usr/share/texlive/texmf-dist/tex/generic/pgf/modules/pgfmoduleshapes.code.tex
File: pgfmoduleshapes.code.tex 2023-01-15 v3.1.10 (3.1.10)
\pgfnodeparttextbox=\box77
) (/usr/share/texlive/texmf-dist/tex/generic/pgf/modules/pgfmoduleplot.code.tex
File: pgfmoduleplot.code.tex 2023-01-15 v3.1.10 (3.1.10)
)
(/usr/share/texlive/texmf-dist/tex/latex/pgf/compatibility/pgfcomp-version-0-65
.sty
Package: pgfcomp-version-0-65 2023-01-15 v3.1.10 (3.1.10)
\pgf@nodesepstart=\dimen294
\pgf@nodesepend=\dimen295
)
(/usr/share/texlive/texmf-dist/tex/latex/pgf/compatibility/pgfcomp-version-1-18
.sty
Package: pgfcomp-version-1-18 2023-01-15 v3.1.10 (3.1.10)
)) (/usr/share/texlive/texmf-dist/tex/latex/pgf/utilities/pgffor.sty
(/usr/share/texlive/texmf-dist/tex/generic/pgf/utilities/pgffor.code.tex
Package: pgffor 2023-01-15 v3.1.10 (3.1.10)
\pgffor@iter=\dimen296
\pgffor@skip=\dimen297
\pgffor@stack=\toks45
\pgffor@toks=\toks46
))
(/usr/share/texlive/texmf-dist/tex/generic/pgf/frontendlayer/tikz/tikz.code.tex
Package: tikz 2023-01-15 v3.1.10 (3.1.10)

(/usr/share/texlive/texmf-dist/tex/generic/pgf/libraries/pgflibraryplothandlers
.code.tex
File: pgflibraryplothandlers.code.tex 2023-01-15 v3.1.10 (3.1.10)
\pgf@plot@mark@count=\count333
\pgfplotmarksize=\dimen298
)
\tikz@lastx=\dimen299
\tikz@lasty=\dimen300
\tikz@lastxsaved=\dimen301
\tikz@lastysaved=\dimen302
\tikz@lastmovetox=\dimen303
\tikz@lastmovetoy=\dimen304
\tikzleveldistance=\dimen305
\tikzsiblingdistance=\dimen306
\tikz@figbox=\box78
\tikz@figbox@bg=\box79
\tikz@tempbox=\box80
\tikz@tempbox@bg=\box81
\tikztreelevel=\count334
\tikznumberofchildren=\count335
\tikznumberofcurrentchild=\count336
\tikz@fig@count=\count337

(/usr/share/texlive/texmf-dist/tex/generic/pgf/modules/pgfmodulematrix.code.tex
File: pgfmodulematrix.code.tex 2023-01-15 v3.1.10 (3.1.10)
\pgfmatrixcurrentrow=\count338
\pgfmatrixcurrentcolumn=\count339
\pgf@matrix@numberofcolumns=\count340
)
\tikz@expandcount=\count341

(/usr/share/texlive/texmf-dist/tex/generic/pgf/frontendlayer/tikz/libraries/tik
zlibrarytopaths.code.tex
File: tikzlibrarytopaths.code.tex 2023-01-15 v3.1.10 (3.1.10)
)))
(/usr/share/texlive/texmf-dist/tex/latex/tcolorbox/tcolorbox.sty
Package: tcolorbox 2023/03/17 version 6.0.3 text color boxes

(/usr/share/texlive/texmf-dist/tex/latex/tools/verbatim.sty
Package: verbatim 2022-07-02 v1.5u LaTeX2e package for verbatim enhancements
\every@verbatim=\toks47
\verbatim@line=\toks48
\verbatim@in@stream=\read3
)
(/usr/share/texlive/texmf-dist/tex/latex/environ/environ.sty
Package: environ 2014/05/04 v0.3 A new way to define environments

(/usr/share/texlive/texmf-dist/tex/latex/trimspaces/trimspaces.sty
Package: trimspaces 2009/09/17 v1.1 Trim spaces around a token list
))
\tcb@titlebox=\box82
\tcb@upperbox=\box83
\tcb@lowerbox=\box84
\tcb@phantombox=\box85
\c@tcbbreakpart=\count342
\c@tcblayer=\count343
\c@tcolorbox@number=\count344
\tcb@temp=\box86
\tcb@temp=\box87
\tcb@temp=\box88
\tcb@temp=\box89

(/usr/share/texlive/texmf-dist/tex/latex/tcolorbox/tcbskins.code.tex
Library (tcolorbox): 'tcbskins.code.tex' version '6.0.3'
(/usr/share/texlive/texmf-dist/tex/latex/tikzfill/tikzfill.image.sty
Package: tikzfill.image 2022/07/20 v1.0.0 Image filling library for TikZ

(/usr/share/texlive/texmf-dist/tex/latex/tikzfill/tikzfill-common.sty
Package: tikzfill-common 2022/07/20 v1.0.0 Auxiliary code for tikzfill
)
(/usr/share/texlive/texmf-dist/tex/latex/tikzfill/tikzlibraryfill.image.code.te
x
File: tikzlibraryfill.image.code.tex 2022/07/20 v1.0.0 Image filling library
\l__tikzfill_img_box=\box90
)) (/usr/share/texlive/texmf-dist/tex/latex/tcolorbox/tcbskinsjigsaw.code.tex
Library (tcolorbox): 'tcbskinsjigsaw.code.tex' version '6.0.3'
)) (/usr/share/texlive/texmf-dist/tex/latex/tcolorbox/tcbbreakable.code.tex
Library (tcolorbox): 'tcbbreakable.code.tex' version '6.0.3'
(/usr/share/texlive/texmf-dist/tex/latex/pdfcol/pdfcol.sty
Package: pdfcol 2022-09-21 v1.7 Handle new color stacks for pdfTeX (HO)
Package pdfcol Info: Interface disabled because of missing PDF mode of pdfTeX.
)
Package pdfcol Info: pdfTeX's color stacks are not available.
\tcb@testbox=\box91
\tcb@totalupperbox=\box92
\tcb@totallowerbox=\box93
))
(./beamerinnerthemetpu.sty) (./beamerouterthemetpu.sty)
(./beamercolorthemetpu.sty) (./beamerfontthemetpu.sty))
(/usr/share/texlive/texmf-dist/tex/generic/babel/babel.sty
Package: babel 2023/02/13 3.86 The Babel package
\babel@savecnt=\count345
\U@D=\dimen307
\l@unhyphenated=\language86

(/usr/share/texlive/texmf-dist/tex/generic/babel/xebabel.def)
\bbl@readstream=\read4
LaTeX Info: Redefining \textlatin on input line 4088.
\bbl@dirlevel=\count346

(/usr/share/texlive/texmf-dist/tex/generic/babel-english/english.ldf
Language: english 2017/06/06 v3.3r English support from the babel system
Package babel Info: Hyphen rules for 'canadian' set to \l@english
(babel)             (\language0). Reported on input line 102.
Package babel Info: Hyphen rules for 'australian' set to \l@ukenglish
(babel)             (\language66). Reported on input line 105.
Package babel Info: Hyphen rules for 'newzealand' set to \l@ukenglish
(babel)             (\language66). Reported on input line 108.
)
(/usr/share/texlive/texmf-dist/tex/generic/babel-russian/russianb.ldf
File: russianb.ldf 2021/01/10 1.3m Russian support for the Babel system
Language: russian 2020/09/09 1.3k Russian support for the Babel system
Package babel Info: Making " an active character on input line 124.
Package babel Info: Default for \cyrdash is provided on input line 163.
))
(/usr/share/texlive/texmf-dist/tex/generic/babel/locale/ru/babel-russian.tex
Package babel Info: Importing font and identification data for russian
(babel)             from babel-ru.ini. Reported on input line 11.
)
(/usr/share/texlive/texmf-dist/tex/generic/babel/locale/en/babel-english.tex
Package babel Info: Importing font and identification data for english
(babel)             from babel-en.ini. Reported on input line 11.
)
(/usr/share/texlive/texmf-dist/tex/latex/base/inputenc.sty
Package: inputenc 2021/02/14 v1.3d Input encoding file
\inpenc@prehook=\toks49
\inpenc@posthook=\toks50


Package inputenc Warning: inputenc package ignored with utf8 based engines.

) (/usr/share/texlive/texmf-dist/tex/latex/base/fontenc.sty
Package: fontenc 2021/04/29 v2.0v Standard LaTeX package

(/usr/share/texlive/texmf-dist/tex/latex/cyrillic/t2aenc.def
File: t2aenc.def 2022/06/11 v1.0j Cyrillic encoding definition file
)
LaTeX Font Info:    Trying to load font information for T2A+lmss on input line 
112.
LaTeX Font Info:    No file T2Almss.fd. on input line 112.
LaTeX Font Info:    Trying to load font information for T2A+cmr on input line 1
12.

(/usr/share/texlive/texmf-dist/tex/latex/cyrillic/t2acmr.fd
File: t2acmr.fd 2001/08/11 v1.0a Computer Modern Cyrillic font definitions
)

LaTeX Font Warning: Font shape `T2A/lmss/m/n' undefined
(Font)              using `T2A/cmr/m/n' instead on input line 112.

) (/usr/share/texlive/texmf-dist/tex/latex/fontspec/fontspec.sty
(/usr/share/texlive/texmf-dist/tex/latex/l3packages/xparse/xparse.sty
(/usr/share/texlive/texmf-dist/tex/latex/l3kernel/expl3.sty
Package: expl3 2023-02-22 L3 programming layer (loader) 

(/usr/share/texlive/texmf-dist/tex/latex/l3backend/l3backend-xetex.def
File: l3backend-xetex.def 2023-01-16 L3 backend support: XeTeX
\g__graphics_track_int=\count347
\l__pdf_internal_box=\box94
\g__pdf_backend_object_int=\count348
\g__pdf_backend_annotation_int=\count349
\g__pdf_backend_link_int=\count350
))
Package: xparse 2023-02-02 L3 Experimental document command parser
)
Package: fontspec 2022/01/15 v2.8a Font selection for XeLaTeX and LuaLaTeX

(/usr/share/texlive/texmf-dist/tex/latex/fontspec/fontspec-xetex.sty
Package: fontspec-xetex 2022/01/15 v2.8a Font selection for XeLaTeX and LuaLaTe
X
\l__fontspec_script_int=\count351
\l__fontspec_language_int=\count352
\l__fontspec_strnum_int=\count353
\l__fontspec_tmp_int=\count354
\l__fontspec_tmpa_int=\count355
\l__fontspec_tmpb_int=\count356
\l__fontspec_tmpc_int=\count357
\l__fontspec_em_int=\count358
\l__fontspec_emdef_int=\count359
\l__fontspec_strong_int=\count360
\l__fontspec_strongdef_int=\count361
\l__fontspec_tmpa_dim=\dimen308
\l__fontspec_tmpb_dim=\dimen309
\l__fontspec_tmpc_dim=\dimen310

(/usr/share/texlive/texmf-dist/tex/latex/base/fontenc.sty
Package: fontenc 2021/04/29 v2.0v Standard LaTeX package
)
(/usr/share/texlive/texmf-dist/tex/latex/fontspec/fontspec.cfg)))

Package fontspec Info: Font family 'Brygada1918(0)' created for font
(fontspec)             'Brygada1918' with options
(fontspec)             [Ligatures=TeX,Path=./fonts/BrygadaFontFiles/,Extension
(fontspec)             =
(fontspec)             .ttf,UprightFont=*-Regular,BoldFont=*-Bold,ItalicFont=*-
Italic,BoldItalicFont=*-BoldItalic].
(fontspec)              
(fontspec)              This font family consists of the following NFSS
(fontspec)             series/shapes:
(fontspec)              
(fontspec)             - 'normal' (m/n) with NFSS spec.:
(fontspec)             <->"[./fonts/BrygadaFontFiles/Brygada1918-Regular.ttf]/O
T:script=latn;language=dflt;mapping=tex-text;"
(fontspec)             - 'small caps'  (m/sc) with NFSS spec.:
(fontspec)             <->"[./fonts/BrygadaFontFiles/Brygada1918-Regular.ttf]/O
T:script=latn;language=dflt;+smcp;mapping=tex-text;"
(fontspec)             - 'bold' (b/n) with NFSS spec.:
(fontspec)             <->"[./fonts/BrygadaFontFiles/Brygada1918-Bold.ttf]/OT:s
cript=latn;language=dflt;mapping=tex-text;"
(fontspec)             - 'bold small caps'  (b/sc) with NFSS spec.:
(fontspec)             <->"[./fonts/BrygadaFontFiles/Brygada1918-Bold.ttf]/OT:s
cript=latn;language=dflt;+smcp;mapping=tex-text;"
(fontspec)             - 'italic' (m/it) with NFSS spec.:
(fontspec)             <->"[./fonts/BrygadaFontFiles/Brygada1918-Italic.ttf]/OT
:script=latn;language=dflt;mapping=tex-text;"
(fontspec)             - 'italic small caps'  (m/scit) with NFSS spec.:
(fontspec)             <->"[./fonts/BrygadaFontFiles/Brygada1918-Italic.ttf]/OT
:script=latn;language=dflt;+smcp;mapping=tex-text;"
(fontspec)             - 'bold italic' (b/it) with NFSS spec.:
(fontspec)             <->"[./fonts/BrygadaFontFiles/Brygada1918-BoldItalic.ttf
]/OT:script=latn;language=dflt;mapping=tex-text;"
(fontspec)             - 'bold italic small caps'  (b/scit) with NFSS spec.:
(fontspec)             <->"[./fonts/BrygadaFontFiles/Brygada1918-BoldItalic.ttf
]/OT:script=latn;language=dflt;+smcp;mapping=tex-text;"


Package fontspec Info: Font family 'ALSSirius(0)' created for font 'ALSSirius'
(fontspec)             with options
(fontspec)             [Ligatures=TeX,Path=./fonts/ALSSiriusFiles/,Extension =
(fontspec)             .otf,UprightFont=*-Regular,BoldFont=*-Bold].
(fontspec)              
(fontspec)              This font family consists of the following NFSS
(fontspec)             series/shapes:
(fontspec)              
(fontspec)             - 'normal' (m/n) with NFSS spec.:
(fontspec)             <->"[./fonts/ALSSiriusFiles/ALSSirius-Regular.otf]/OT:sc
ript=latn;language=dflt;mapping=tex-text;"
(fontspec)             - 'small caps'  (m/sc) with NFSS spec.: 
(fontspec)             - 'bold' (b/n) with NFSS spec.:
(fontspec)             <->"[./fonts/ALSSiriusFiles/ALSSirius-Bold.otf]/OT:scrip
t=latn;language=dflt;mapping=tex-text;"
(fontspec)             - 'bold small caps'  (b/sc) with NFSS spec.: 


Package fontspec Info: Font family 'Consolas(0)' created for font 'Consolas'
(fontspec)             with options
(fontspec)             [WordSpace={1,0,0},HyphenChar=None,PunctuationSpace=Word
Space,Path=./fonts/ConsolasFontFiles/,Extension
(fontspec)             =
(fontspec)             .ttf,UprightFont=*-Regular,BoldFont=*-Bold,ItalicFont=*-
Italic,BoldItalicFont=*-BoldItalic].
(fontspec)              
(fontspec)              This font family consists of the following NFSS
(fontspec)             series/shapes:
(fontspec)              
(fontspec)             - 'normal' (m/n) with NFSS spec.:
(fontspec)             <->"[./fonts/ConsolasFontFiles/Consolas-Regular.ttf]/OT:
script=latn;language=dflt;"
(fontspec)             - 'small caps'  (m/sc) with NFSS spec.: 
(fontspec)             and font adjustment code:
(fontspec)             \fontdimen 2\font =1\fontdimen 2\font \fontdimen 3\font
(fontspec)             =0\fontdimen 3\font \fontdimen 4\font =0\fontdimen
(fontspec)             4\font \fontdimen 7\font =0\fontdimen 2\font
(fontspec)             \tex_hyphenchar:D \font =-1\scan_stop: 
(fontspec)             - 'bold' (b/n) with NFSS spec.:
(fontspec)             <->"[./fonts/ConsolasFontFiles/Consolas-Bold.ttf]/OT:scr
ipt=latn;language=dflt;"
(fontspec)             - 'bold small caps'  (b/sc) with NFSS spec.: 
(fontspec)             and font adjustment code:
(fontspec)             \fontdimen 2\font =1\fontdimen 2\font \fontdimen 3\font
(fontspec)             =0\fontdimen 3\font \fontdimen 4\font =0\fontdimen
(fontspec)             4\font \fontdimen 7\font =0\fontdimen 2\font
(fontspec)             \tex_hyphenchar:D \font =-1\scan_stop: 
(fontspec)             - 'italic' (m/it) with NFSS spec.:
(fontspec)             <->"[./fonts/ConsolasFontFiles/Consolas-Italic.ttf]/OT:s
cript=latn;language=dflt;"
(fontspec)             - 'italic small caps'  (m/scit) with NFSS spec.: 
(fontspec)             and font adjustment code:
(fontspec)             \fontdimen 2\font =1\fontdimen 2\font \fontdimen 3\font
(fontspec)             =0\fontdimen 3\font \fontdimen 4\font =0\fontdimen
(fontspec)             4\font \fontdimen 7\font =0\fontdimen 2\font
(fontspec)             \tex_hyphenchar:D \font =-1\scan_stop: 
(fontspec)             - 'bold italic' (b/it) with NFSS spec.:
(fontspec)             <->"[./fonts/ConsolasFontFiles/Consolas-BoldItalic.ttf]/
OT:script=latn;language=dflt;"
(fontspec)             - 'bold italic small caps'  (b/scit) with NFSS spec.: 
(fontspec)             and font adjustment code:
(fontspec)             \fontdimen 2\font =1\fontdimen 2\font \fontdimen 3\font
(fontspec)             =0\fontdimen 3\font \fontdimen 4\font =0\fontdimen
(fontspec)             4\font \fontdimen 7\font =0\fontdimen 2\font
(fontspec)             \tex_hyphenchar:D \font =-1\scan_stop: 


(/usr/share/texlive/texmf-dist/tex/latex/minted/minted.sty
Package: minted 2022/12/12 v2.7 Yet another Pygments shim for LaTeX

(/usr/share/texlive/texmf-dist/tex/latex/fvextra/fvextra.sty
Package: fvextra 2022/11/30 v1.5 fvextra - extensions and patches for fancyvrb

(/usr/share/texlive/texmf-dist/tex/latex/fancyvrb/fancyvrb.sty
Package: fancyvrb 2023/01/19 4.5a verbatim text (tvz,hv)
\FV@CodeLineNo=\count362
\FV@InFile=\read5
\FV@TabBox=\box95
\c@FancyVerbLine=\count363
\FV@StepNumber=\count364
\FV@OutFile=\write5
)
(/usr/share/texlive/texmf-dist/tex/latex/upquote/upquote.sty
Package: upquote 2012/04/19 v1.3 upright-quote and grave-accent glyphs in verba
tim

(/usr/share/texlive/texmf-dist/tex/latex/base/textcomp.sty
Package: textcomp 2020/02/02 v2.0n Standard LaTeX package
))
(/usr/share/texlive/texmf-dist/tex/latex/lineno/lineno.sty
Package: lineno 2023/01/19 line numbers on paragraphs v5.1
Invalid UTF-8 byte or sequence at line 290 replaced by U+FFFD.
\linenopenalty=\count365
\output=\toks51
\linenoprevgraf=\count366
\linenumbersep=\dimen311
\linenumberwidth=\dimen312
\c@linenumber=\count367
\c@pagewiselinenumber=\count368
\c@LN@truepage=\count369
\c@internallinenumber=\count370
\c@internallinenumbers=\count371
\quotelinenumbersep=\dimen313
\bframerule=\dimen314
\bframesep=\dimen315
\bframebox=\box96
\linenoamsmath@ams@eqpen=\count372
LaTeX Info: Redefining \\ on input line 3131.
)
\c@FV@TrueTabGroupLevel=\count373
\c@FV@TrueTabCounter=\count374
\FV@TabBox@Group=\box97
\FV@TmpLength=\skip65
\c@FV@HighlightLinesStart=\count375
\c@FV@HighlightLinesStop=\count376
\FV@LoopCount=\count377
\FV@NCharsBox=\box98
\FV@BreakIndent=\dimen316
\FV@BreakIndentNChars=\count378
\FV@BreakSymbolSepLeft=\dimen317
\FV@BreakSymbolSepLeftNChars=\count379
\FV@BreakSymbolSepRight=\dimen318
\FV@BreakSymbolSepRightNChars=\count380
\FV@BreakSymbolIndentLeft=\dimen319
\FV@BreakSymbolIndentLeftNChars=\count381
\FV@BreakSymbolIndentRight=\dimen320
\FV@BreakSymbolIndentRightNChars=\count382
\c@FancyVerbLineBreakLast=\count383
\FV@LineBox=\box99
\FV@LineIndentBox=\box100
\c@FV@BreakBufferDepth=\count384
\FV@LineWidth=\dimen321
)
(/usr/share/texlive/texmf-dist/tex/latex/base/ifthen.sty
Package: ifthen 2022/04/13 v1.1d Standard LaTeX ifthen package (DPC)
)
(/usr/share/texlive/texmf-dist/tex/latex/tools/calc.sty
Package: calc 2017/05/25 v4.3 Infix arithmetic (KKT,FJ)
\calc@Acount=\count385
\calc@Bcount=\count386
\calc@Adimen=\dimen322
\calc@Bdimen=\dimen323
\calc@Askip=\skip66
\calc@Bskip=\skip67
LaTeX Info: Redefining \setlength on input line 80.
LaTeX Info: Redefining \addtolength on input line 81.
\calc@Ccount=\count387
\calc@Cskip=\skip68
)
(/usr/share/texlive/texmf-dist/tex/latex/tools/shellesc.sty
Package: shellesc 2019/11/08 v1.0c unified shell escape interface for LaTeX
Package shellesc Info: Unrestricted shell escape enabled on input line 75.
)
(/usr/share/texlive/texmf-dist/tex/latex/ifplatform/ifplatform.sty
Package: ifplatform 2017/10/13 v0.4a Testing for the operating system

(/usr/share/texlive/texmf-dist/tex/generic/catchfile/catchfile.sty
Package: catchfile 2019/12/09 v1.8 Catch the contents of a file (HO)
)
(/usr/share/texlive/texmf-dist/tex/generic/iftex/ifluatex.sty
Package: ifluatex 2019/10/25 v1.5 ifluatex legacy package. Use iftex instead.
)
runsystem(uname -s > "Lec-06.w18")...executed.

 (./Lec-06.w18)
runsystem(rm -- "Lec-06.w18")...executed.

)
(/usr/share/texlive/texmf-dist/tex/generic/xstring/xstring.sty
(/usr/share/texlive/texmf-dist/tex/generic/xstring/xstring.tex
\integerpart=\count388
\decimalpart=\count389
)
Package: xstring 2023/01/14 v1.85 String manipulations (CT)
)
(/usr/share/texlive/texmf-dist/tex/latex/framed/framed.sty
Package: framed 2011/10/22 v 0.96: framed or shaded text with page breaks
\OuterFrameSep=\skip69
\fb@frw=\dimen324
\fb@frh=\dimen325
\FrameRule=\dimen326
\FrameSep=\dimen327
)
(/usr/share/texlive/texmf-dist/tex/latex/float/float.sty
Package: float 2001/11/08 v1.3d Float enhancements (AL)
\c@float@type=\count390
\float@exts=\toks52
\float@box=\box101
\@float@everytoks=\toks53
\@floatcapt=\box102
)
\minted@appexistsfile=\read6
\minted@bgbox=\box103
\minted@code=\write6
\c@minted@FancyVerbLineTemp=\count391
\c@minted@pygmentizecounter=\count392
\@float@every@listing=\toks54
\c@listing=\count393
)
(/usr/share/texlive/texmf-dist/tex/latex/booktabs/booktabs.sty
Package: booktabs 2020/01/12 v1.61803398 Publication quality tables
\heavyrulewidth=\dimen328
\lightrulewidth=\dimen329
\cmidrulewidth=\dimen330
\belowrulesep=\dimen331
\belowbottomsep=\dimen332
\aboverulesep=\dimen333
\abovetopsep=\dimen334
\cmidrulesep=\dimen335
\cmidrulekern=\dimen336
\defaultaddspace=\dimen337
\@cmidla=\count394
\@cmidlb=\count395
\@aboverulesep=\dimen338
\@belowrulesep=\dimen339
\@thisruleclass=\count396
\@lastruleclass=\count397
\@thisrulewidth=\dimen340
)
(/usr/share/texlive/texmf-dist/tex/latex/tools/multicol.sty
Package: multicol 2021/11/30 v1.9d multicolumn formatting (FMi)
\c@tracingmulticols=\count398
\mult@box=\box104
\multicol@leftmargin=\dimen341
\c@unbalance=\count399
\c@collectmore=\count400
\doublecol@number=\count401
\multicoltolerance=\count402
\multicolpretolerance=\count403
\full@width=\dimen342
\page@free=\dimen343
\premulticols=\dimen344
\postmulticols=\dimen345
\multicolsep=\skip70
\multicolbaselineskip=\skip71
\partial@page=\box105
\last@line=\box106
\maxbalancingoverflow=\dimen346
\mult@rightbox=\box107
\mult@grightbox=\box108
\mult@firstbox=\box109
\mult@gfirstbox=\box110
\@tempa=\box111
\@tempa=\box112
\@tempa=\box113
\@tempa=\box114
\@tempa=\box115
\@tempa=\box116
\@tempa=\box117
\@tempa=\box118
\@tempa=\box119
\@tempa=\box120
\@tempa=\box121
\@tempa=\box122
\@tempa=\box123
\@tempa=\box124
\@tempa=\box125
\@tempa=\box126
\@tempa=\box127
\@tempa=\box128
\@tempa=\box129
\@tempa=\box130
\@tempa=\box131
\@tempa=\box132
\@tempa=\box133
\@tempa=\box134
\@tempa=\box135
\@tempa=\box136
\@tempa=\box137
\@tempa=\box138
\@tempa=\box139
\@tempa=\box140
\@tempa=\box141
\@tempa=\box142
\@tempa=\box143
\@tempa=\box144
\@tempa=\box145
\@tempa=\box146
\c@minrows=\count404
\c@columnbadness=\count405
\c@finalcolumnbadness=\count406
\last@try=\dimen347
\multicolovershoot=\dimen348
\multicolundershoot=\dimen349
\mult@nat@firstbox=\box147
\colbreak@box=\box148
\mc@col@check@num=\count407
)
(/usr/share/texlive/texmf-dist/tex/latex/amsmath/amsxtra.sty
Package: amsxtra 1999/11/15 v1.2c AMS extra commands
LaTeX Info: Redefining \nobreakspace on input line 54.
)
(/usr/share/texlive/texmf-dist/tex/latex/tools/longtable.sty
Package: longtable 2021-09-01 v4.17 Multi-page Table package (DPC)
\LTleft=\skip72
\LTright=\skip73
\LTpre=\skip74
\LTpost=\skip75
\LTchunksize=\count408
\LTcapwidth=\dimen350
\LT@head=\box149
\LT@firsthead=\box150
\LT@foot=\box151
\LT@lastfoot=\box152
\LT@gbox=\box153
\LT@cols=\count409
\LT@rows=\count410
\c@LT@tables=\count411
\c@LT@chunks=\count412
\LT@p@ftn=\toks55
)
(/usr/share/texlive/texmf-dist/tex/latex/wrapfig/wrapfig.sty
\wrapoverhang=\dimen351
\WF@size=\dimen352
\c@WF@wrappedlines=\count413
\WF@box=\box154
\WF@everypar=\toks56
Package: wrapfig 2003/01/31  v 3.6
)
(/usr/share/texlive/texmf-dist/tex/latex/ragged2e/ragged2e.sty
Package: ragged2e 2023/02/25 v3.4 ragged2e Package
\CenteringLeftskip=\skip76
\RaggedLeftLeftskip=\skip77
\RaggedRightLeftskip=\skip78
\CenteringRightskip=\skip79
\RaggedLeftRightskip=\skip80
\RaggedRightRightskip=\skip81
\CenteringParfillskip=\skip82
\RaggedLeftParfillskip=\skip83
\RaggedRightParfillskip=\skip84
\JustifyingParfillskip=\skip85
\CenteringParindent=\skip86
\RaggedLeftParindent=\skip87
\RaggedRightParindent=\skip88
\JustifyingParindent=\skip89
)
(/usr/share/texlive/texmf-dist/tex/latex/caption/caption.sty
Package: caption 2023/03/12 v3.6j Customizing captions (AR)

(/usr/share/texlive/texmf-dist/tex/latex/caption/caption3.sty
Package: caption3 2023/03/12 v2.4 caption3 kernel (AR)
\caption@tempdima=\dimen353
\captionmargin=\dimen354
\caption@leftmargin=\dimen355
\caption@rightmargin=\dimen356
\caption@width=\dimen357
\caption@indent=\dimen358
\caption@parindent=\dimen359
\caption@hangindent=\dimen360
Package caption Info: beamer document class detected.

(/usr/share/texlive/texmf-dist/tex/latex/caption/caption-beamer.sto
File: caption-beamer.sto 2022/01/06 v2.0c Adaption of the caption package to th
e beamer document classes (AR)
))
\c@caption@flags=\count414
\c@continuedfloat=\count415
Package caption Info: float package is loaded.
Package caption Info: hyperref package is loaded.
Package caption Info: Hyperref support is turned off
(caption)             because hyperref has stopped early.
Package caption Info: longtable package is loaded.

(/usr/share/texlive/texmf-dist/tex/latex/caption/ltcaption.sty
Package: ltcaption 2021/01/08 v1.4c longtable captions (AR)
)
Package caption Info: wrapfig package is loaded.
)
runsystem(which pygmentize && touch Lec-06.aex)...executed.

runsystem(rm Lec-06.aex)...executed.

 (./Lec-06.aux)
\openout1 = `Lec-06.aux'.

LaTeX Font Info:    Checking defaults for OML/cmm/m/it on input line 142.
LaTeX Font Info:    ... okay on input line 142.
LaTeX Font Info:    Checking defaults for OMS/cmsy/m/n on input line 142.
LaTeX Font Info:    ... okay on input line 142.
LaTeX Font Info:    Checking defaults for OT1/cmr/m/n on input line 142.
LaTeX Font Info:    ... okay on input line 142.
LaTeX Font Info:    Checking defaults for T1/cmr/m/n on input line 142.
LaTeX Font Info:    ... okay on input line 142.
LaTeX Font Info:    Checking defaults for TS1/cmr/m/n on input line 142.
LaTeX Font Info:    Trying to load font information for TS1+cmr on input line 1
42.
(/usr/share/texlive/texmf-dist/tex/latex/base/ts1cmr.fd
File: ts1cmr.fd 2022/07/10 v2.5l Standard LaTeX font definitions
)
LaTeX Font Info:    ... okay on input line 142.
LaTeX Font Info:    Checking defaults for TU/lmr/m/n on input line 142.
LaTeX Font Info:    ... okay on input line 142.
LaTeX Font Info:    Checking defaults for OMX/cmex/m/n on input line 142.
LaTeX Font Info:    ... okay on input line 142.
LaTeX Font Info:    Checking defaults for U/cmr/m/n on input line 142.
LaTeX Font Info:    ... okay on input line 142.
LaTeX Font Info:    Checking defaults for PD1/pdf/m/n on input line 142.
LaTeX Font Info:    ... okay on input line 142.
LaTeX Font Info:    Checking defaults for PU/pdf/m/n on input line 142.
LaTeX Font Info:    ... okay on input line 142.
LaTeX Font Info:    Checking defaults for T2A/cmr/m/n on input line 142.
LaTeX Font Info:    ... okay on input line 142.

*geometry* driver: auto-detecting
*geometry* detected driver: xetex
*geometry* verbose mode - [ preamble ] result:
* driver: xetex
* paper: custom
* layout: <same size as paper>
* layoutoffset:(h,v)=(0.0pt,0.0pt)
* modes: includehead includefoot 
* h-part:(L,W,R)=(36.42035pt, 386.95332pt, 31.8704pt)
* v-part:(T,H,B)=(0.0pt, 256.0748pt, 0.0pt)
* \paperwidth=455.24408pt
* \paperheight=256.0748pt
* \textwidth=386.95332pt
* \textheight=227.62207pt
* \oddsidemargin=-35.84964pt
* \evensidemargin=-35.84964pt
* \topmargin=-72.26999pt
* \headheight=14.22636pt
* \headsep=0.0pt
* \topskip=11.0pt
* \footskip=14.22636pt
* \marginparwidth=4.0pt
* \marginparsep=10.0pt
* \columnsep=10.0pt
* \skip\footins=10.0pt plus 4.0pt minus 2.0pt
* \hoffset=0.0pt
* \voffset=0.0pt
* \mag=1000
* \@twocolumnfalse
* \@twosidefalse
* \@mparswitchfalse
* \@reversemarginfalse
* (1in=72.27pt=25.4mm, 1cm=28.453pt)

Package hyperref Info: Link coloring OFF on input line 142.
(./Lec-06.out) (./Lec-06.out)
\@outlinefile=\write7
\openout7 = `Lec-06.out'.

\symnumbers=\mathgroup6
\sympureletters=\mathgroup7
LaTeX Font Info:    Overwriting math alphabet `\mathrm' in version `normal'
(Font)                  OT1/cmr/m/n --> TU/Brygada1918(0)/m/n on input line 142
.
LaTeX Font Info:    Redeclaring math alphabet \mathbf on input line 142.
LaTeX Font Info:    Overwriting math alphabet `\mathbf' in version `normal'
(Font)                  OT1/cmr/bx/n --> TU/Brygada1918(0)/b/n on input line 14
2.
LaTeX Font Info:    Overwriting math alphabet `\mathbf' in version `bold'
(Font)                  OT1/cmr/bx/n --> TU/Brygada1918(0)/b/n on input line 14
2.
LaTeX Font Info:    Redeclaring math alphabet \mathsf on input line 142.
LaTeX Font Info:    Overwriting math alphabet `\mathsf' in version `normal'
(Font)                  OT1/cmss/m/n --> TU/ALSSirius(0)/m/n on input line 142.

LaTeX Font Info:    Overwriting math alphabet `\mathsf' in version `bold'
(Font)                  OT1/cmss/bx/n --> TU/ALSSirius(0)/m/n on input line 142
.
LaTeX Font Info:    Redeclaring math alphabet \mathit on input line 142.
LaTeX Font Info:    Overwriting math alphabet `\mathit' in version `normal'
(Font)                  OT1/cmr/m/it --> TU/Brygada1918(0)/m/it on input line 1
42.
LaTeX Font Info:    Overwriting math alphabet `\mathit' in version `bold'
(Font)                  OT1/cmr/bx/it --> TU/Brygada1918(0)/m/it on input line 
142.
LaTeX Font Info:    Redeclaring math alphabet \mathtt on input line 142.
LaTeX Font Info:    Overwriting math alphabet `\mathtt' in version `normal'
(Font)                  OT1/cmtt/m/n --> TU/Consolas(0)/m/n on input line 142.
LaTeX Font Info:    Overwriting math alphabet `\mathtt' in version `bold'
(Font)                  OT1/cmtt/m/n --> TU/Consolas(0)/m/n on input line 142.
LaTeX Font Info:    Overwriting symbol font `numbers' in version `bold'
(Font)                  TU/Brygada1918(0)/m/n --> TU/Brygada1918(0)/b/n on inpu
t line 142.
LaTeX Font Info:    Overwriting symbol font `pureletters' in version `bold'
(Font)                  TU/Brygada1918(0)/m/it --> TU/Brygada1918(0)/b/it on in
put line 142.
LaTeX Font Info:    Overwriting math alphabet `\mathrm' in version `bold'
(Font)                  OT1/cmr/bx/n --> TU/Brygada1918(0)/b/n on input line 14
2.
LaTeX Font Info:    Overwriting math alphabet `\mathbf' in version `bold'
(Font)                  TU/Brygada1918(0)/b/n --> TU/Brygada1918(0)/b/n on inpu
t line 142.
LaTeX Font Info:    Overwriting math alphabet `\mathsf' in version `bold'
(Font)                  TU/ALSSirius(0)/m/n --> TU/ALSSirius(0)/b/n on input li
ne 142.
LaTeX Font Info:    Overwriting math alphabet `\mathit' in version `bold'
(Font)                  TU/Brygada1918(0)/m/it --> TU/Brygada1918(0)/b/it on in
put line 142.
LaTeX Font Info:    Overwriting math alphabet `\mathtt' in version `bold'
(Font)                  TU/Consolas(0)/m/n --> TU/Consolas(0)/b/n on input line
 142.

(/usr/share/texlive/texmf-dist/tex/latex/translator/translator-basic-dictionary
-English.dict
Dictionary: translator-basic-dictionary, Language: English 
)
(/usr/share/texlive/texmf-dist/tex/latex/translator/translator-bibliography-dic
tionary-English.dict
Dictionary: translator-bibliography-dictionary, Language: English 
)
(/usr/share/texlive/texmf-dist/tex/latex/translator/translator-environment-dict
ionary-English.dict
Dictionary: translator-environment-dictionary, Language: English 
)
(/usr/share/texlive/texmf-dist/tex/latex/translator/translator-months-dictionar
y-English.dict
Dictionary: translator-months-dictionary, Language: English 
)
(/usr/share/texlive/texmf-dist/tex/latex/translator/translator-numbers-dictiona
ry-English.dict
Dictionary: translator-numbers-dictionary, Language: English 
)
(/usr/share/texlive/texmf-dist/tex/latex/translator/translator-theorem-dictiona
ry-English.dict
Dictionary: translator-theorem-dictionary, Language: English 
)
LaTeX Info: Redefining \th on input line 142.

Package fontspec Info: Adjusting the maths setup (use [no-math] to avoid
(fontspec)             this).

\symlegacymaths=\mathgroup8
LaTeX Font Info:    Overwriting symbol font `legacymaths' in version `bold'
(Font)                  OT1/cmr/m/n --> OT1/cmr/bx/n on input line 142.
LaTeX Font Info:    Redeclaring math accent \acute on input line 142.
LaTeX Font Info:    Redeclaring math accent \grave on input line 142.
LaTeX Font Info:    Redeclaring math accent \ddot on input line 142.
LaTeX Font Info:    Redeclaring math accent \tilde on input line 142.
LaTeX Font Info:    Redeclaring math accent \bar on input line 142.
LaTeX Font Info:    Redeclaring math accent \breve on input line 142.
LaTeX Font Info:    Redeclaring math accent \check on input line 142.
LaTeX Font Info:    Redeclaring math accent \hat on input line 142.
LaTeX Font Info:    Redeclaring math accent \dot on input line 142.
LaTeX Font Info:    Redeclaring math accent \mathring on input line 142.
LaTeX Font Info:    Redeclaring math symbol \Gamma on input line 142.
LaTeX Font Info:    Redeclaring math symbol \Delta on input line 142.
LaTeX Font Info:    Redeclaring math symbol \Theta on input line 142.
LaTeX Font Info:    Redeclaring math symbol \Lambda on input line 142.
LaTeX Font Info:    Redeclaring math symbol \Xi on input line 142.
LaTeX Font Info:    Redeclaring math symbol \Pi on input line 142.
LaTeX Font Info:    Redeclaring math symbol \Sigma on input line 142.
LaTeX Font Info:    Redeclaring math symbol \Upsilon on input line 142.
LaTeX Font Info:    Redeclaring math symbol \Phi on input line 142.
LaTeX Font Info:    Redeclaring math symbol \Psi on input line 142.
LaTeX Font Info:    Redeclaring math symbol \Omega on input line 142.
LaTeX Font Info:    Redeclaring math symbol \mathdollar on input line 142.
LaTeX Font Info:    Redeclaring symbol font `operators' on input line 142.
LaTeX Font Info:    Encoding `OT1' has changed to `TU' for symbol font
(Font)              `operators' in the math version `normal' on input line 142.

LaTeX Font Info:    Overwriting symbol font `operators' in version `normal'
(Font)                  OT1/cmr/m/n --> TU/Brygada1918(0)/m/n on input line 142
.
LaTeX Font Info:    Encoding `OT1' has changed to `TU' for symbol font
(Font)              `operators' in the math version `bold' on input line 142.
LaTeX Font Info:    Overwriting symbol font `operators' in version `bold'
(Font)                  OT1/cmr/bx/n --> TU/Brygada1918(0)/m/n on input line 14
2.
LaTeX Font Info:    Overwriting symbol font `operators' in version `normal'
(Font)                  TU/Brygada1918(0)/m/n --> TU/Brygada1918(0)/m/n on inpu
t line 142.
LaTeX Font Info:    Redeclaring math alphabet \mathrm on input line 142.
LaTeX Font Info:    Overwriting math alphabet `\mathit' in version `normal'
(Font)                  TU/Brygada1918(0)/m/it --> TU/Brygada1918(0)/m/it on in
put line 142.
LaTeX Font Info:    Overwriting math alphabet `\mathbf' in version `normal'
(Font)                  TU/Brygada1918(0)/b/n --> TU/Brygada1918(0)/b/n on inpu
t line 142.
LaTeX Font Info:    Overwriting math alphabet `\mathsf' in version `normal'
(Font)                  TU/ALSSirius(0)/m/n --> TU/ALSSirius(0)/m/n on input li
ne 142.
LaTeX Font Info:    Overwriting math alphabet `\mathtt' in version `normal'
(Font)                  TU/Consolas(0)/m/n --> TU/Consolas(0)/m/n on input line
 142.
LaTeX Font Info:    Overwriting symbol font `operators' in version `bold'
(Font)                  TU/Brygada1918(0)/m/n --> TU/Brygada1918(0)/b/n on inpu
t line 142.
LaTeX Font Info:    Overwriting math alphabet `\mathit' in version `bold'
(Font)                  TU/Brygada1918(0)/b/it --> TU/Brygada1918(0)/b/it on in
put line 142.
LaTeX Font Info:    Overwriting math alphabet `\mathsf' in version `bold'
(Font)                  TU/ALSSirius(0)/b/n --> TU/ALSSirius(0)/b/n on input li
ne 142.
LaTeX Font Info:    Overwriting math alphabet `\mathtt' in version `bold'
(Font)                  TU/Consolas(0)/b/n --> TU/Consolas(0)/b/n on input line
 142.
Package caption Info: Begin \AtBeginDocument code.
Package caption Info: End \AtBeginDocument code.
 (./Lec-06.nav)
Underfull \hbox (badness 10000) in paragraph at lines 147--147
[]\TU/ALSSirius(0)/b/n/14.4   
 []

LaTeX Font Info:    Trying to load font information for U+msa on input line 147
.
(/usr/share/texlive/texmf-dist/tex/latex/amsfonts/umsa.fd
File: umsa.fd 2013/01/14 v3.01 AMS symbols A
)
LaTeX Font Info:    Trying to load font information for U+msb on input line 147
.

(/usr/share/texlive/texmf-dist/tex/latex/amsfonts/umsb.fd
File: umsb.fd 2013/01/14 v3.01 AMS symbols B
)
Overfull \hbox (68.29076pt too wide) in paragraph at lines 147--147
[][][]  
 []


Overfull \vbox (5.0pt too high) detected at line 147
 []

File: bgs/light/title.png Graphic file (type bmp)
<bgs/light/title.png>
File: logos/ru/light/logoclr.png Graphic file (type bmp)
<logos/ru/light/logoclr.png>
[1

] (./Lec-06.toc)
Overfull \hbox (68.29076pt too wide) in paragraph at lines 149--149
[][]  
 []


Overfull \vbox (5.0pt too high) detected at line 149
 []

File: bgs/light/toc.png Graphic file (type bmp)
<bgs/light/toc.png>
File: logos/ru/light/logobw.png Graphic file (type bmp)
<logos/ru/light/logobw.png>
[2

]
Overfull \hbox (68.29076pt too wide) in paragraph at lines 156--156
[][][]  
 []


Overfull \vbox (5.0pt too high) detected at line 156
 []

File: bgs/light/section.jpg Graphic file (type bmp)
<bgs/light/section.jpg>
File: logos/ru/light/logobw.png Graphic file (type bmp)
<logos/ru/light/logobw.png>
[3

]
\openout4 = `Lec-06.vrb'.

 (./Lec-06.vrb
\openout5 = `Lec-06.pyg'.

runsystem(pygmentize -S default -f latex -P commandprefix=PYG > Lec-06.out.pyg)
...executed.

 (./Lec-06.out.pyg)
runsystem(pygmentize -l 'python' -f latex -P commandprefix=PYG -F tokenmerge -P
 stripnl='False' -P escapeinside='||' -P mathescape='True' -F gobble:n='2' -P p
ython3='True' -o Lec-06.out.pyg Lec-06.pyg)...executed.

 (./Lec-06.out.pyg)
\openout5 = `Lec-06.pyg'.

runsystem(pygmentize -l 'pycon' -f latex -P commandprefix=PYG -F tokenmerge -P 
stripnl='False' -P escapeinside='||' -P mathescape='True' -F gobble:n='2' -P py
thon3='True' -o Lec-06.out.pyg Lec-06.pyg)...executed.

 (./Lec-06.out.pyg))
File: bgs/light/slide.jpg Graphic file (type bmp)
<bgs/light/slide.jpg>
File: logos/ru/light/logobw.png Graphic file (type bmp)
<logos/ru/light/logobw.png>

[4

]
\openout4 = `Lec-06.vrb'.

 (./Lec-06.vrb
\openout6 = `Lec-06.pyg'.

runsystem(pygmentize -l 'python' -f latex -P commandprefix=PYG -F tokenmerge -P
 stripnl='False' -P escapeinside='||' -P mathescape='True' -F gobble:n='2' -P p
ython3='True' -o Lec-06.out.pyg Lec-06.pyg)...executed.

 (./Lec-06.out.pyg)
\openout5 = `Lec-06.pyg'.

runsystem(pygmentize -l 'python' -f latex -P commandprefix=PYG -F tokenmerge -P
 stripnl='False' -P escapeinside='||' -P mathescape='True' -F gobble:n='2' -P p
ython3='True' -o Lec-06.out.pyg Lec-06.pyg)...executed.

 (./Lec-06.out.pyg)
\openout5 = `Lec-06.pyg'.

runsystem(pygmentize -l 'pycon' -f latex -P commandprefix=PYG -F tokenmerge -P 
stripnl='False' -P escapeinside='||' -P mathescape='True' -F gobble:n='2' -P py
thon3='True' -o Lec-06.out.pyg Lec-06.pyg)...executed.

 (./Lec-06.out.pyg)
\openout6 = `Lec-06.pyg'.

runsystem(pygmentize -l 'python' -f latex -P commandprefix=PYG -F tokenmerge -P
 stripnl='False' -P escapeinside='||' -P mathescape='True' -F gobble:n='2' -P p
ython3='True' -o Lec-06.out.pyg Lec-06.pyg)...executed.


(./Lec-06.out.pyg))
File: bgs/light/slide.jpg Graphic file (type bmp)
<bgs/light/slide.jpg>
File: logos/ru/light/logobw.png Graphic file (type bmp)
<logos/ru/light/logobw.png>
 [5

]
\openout4 = `Lec-06.vrb'.

 (./Lec-06.vrb
File: pics/oop1.pdf.pdf Graphic file (type pdf)
<use pics/oop1.pdf.pdf>
)
File: bgs/light/slide.jpg Graphic file (type bmp)
<bgs/light/slide.jpg>
File: logos/ru/light/logobw.png Graphic file (type bmp)
<logos/ru/light/logobw.png>
 [6

]
\openout4 = `Lec-06.vrb'.

 (./Lec-06.vrb
File: pics/oop2.pdf.pdf Graphic file (type pdf)
<use pics/oop2.pdf.pdf>
)
File: bgs/light/slide.jpg Graphic file (type bmp)
<bgs/light/slide.jpg>
File: logos/ru/light/logobw.png Graphic file (type bmp)
<logos/ru/light/logobw.png>
 [7

]
\openout4 = `Lec-06.vrb'.

 (./Lec-06.vrb
File: pics/oop3.pdf.pdf Graphic file (type pdf)
<use pics/oop3.pdf.pdf>
)
File: bgs/light/slide.jpg Graphic file (type bmp)
<bgs/light/slide.jpg>
File: logos/ru/light/logobw.png Graphic file (type bmp)
<logos/ru/light/logobw.png>

[8

]
\openout4 = `Lec-06.vrb'.

 (./Lec-06.vrb
\openout6 = `Lec-06.pyg'.

runsystem(pygmentize -l 'python' -f latex -P commandprefix=PYG -F tokenmerge -P
 stripnl='False' -P escapeinside='||' -P mathescape='True' -F gobble:n='2' -P p
ython3='True' -o Lec-06.out.pyg Lec-06.pyg)...executed.

 (./Lec-06.out.pyg)
\openout6 = `Lec-06.pyg'.

runsystem(pygmentize -l 'python' -f latex -P commandprefix=PYG -F tokenmerge -P
 stripnl='False' -P escapeinside='||' -P mathescape='True' -F gobble:n='2' -P p
ython3='True' -o Lec-06.out.pyg Lec-06.pyg)...executed.

 (./Lec-06.out.pyg)
\openout6 = `Lec-06.pyg'.

runsystem(pygmentize -l 'python' -f latex -P commandprefix=PYG -F tokenmerge -P
 stripnl='False' -P escapeinside='||' -P mathescape='True' -F gobble:n='2' -P p
ython3='True' -o Lec-06.out.pyg Lec-06.pyg)...executed.

 (./Lec-06.out.pyg)
\openout6 = `Lec-06.pyg'.

runsystem(pygmentize -l 'python' -f latex -P commandprefix=PYG -F tokenmerge -P
 stripnl='False' -P escapeinside='||' -P mathescape='True' -F gobble:n='2' -P p
ython3='True' -o Lec-06.out.pyg Lec-06.pyg)...executed.


(./Lec-06.out.pyg)
File: pics/car.pdf.pdf Graphic file (type pdf)
<use pics/car.pdf.pdf>
)
Overfull \vbox (0.62059pt too high) detected at line 308
 []

File: bgs/light/slide.jpg Graphic file (type bmp)
<bgs/light/slide.jpg>
File: logos/ru/light/logobw.png Graphic file (type bmp)
<logos/ru/light/logobw.png>
[9

]
Overfull \hbox (68.29076pt too wide) in paragraph at lines 312--312
[][][]  
 []


Overfull \vbox (5.0pt too high) detected at line 312
 []

File: bgs/light/section.jpg Graphic file (type bmp)
<bgs/light/section.jpg>
File: logos/ru/light/logobw.png Graphic file (type bmp)
<logos/ru/light/logobw.png>
[10

]
\openout4 = `Lec-06.vrb'.

 (./Lec-06.vrb
\openout5 = `Lec-06.pyg'.

runsystem(pygmentize -l 'python' -f latex -P commandprefix=PYG -F tokenmerge -P
 stripnl='False' -P escapeinside='||' -P mathescape='True' -F gobble:n='2' -P p
ython3='True' -o Lec-06.out.pyg Lec-06.pyg)...executed.

 (./Lec-06.out.pyg))
File: bgs/light/slide.jpg Graphic file (type bmp)
<bgs/light/slide.jpg>
File: logos/ru/light/logobw.png Graphic file (type bmp)
<logos/ru/light/logobw.png>
 [11

]
\openout4 = `Lec-06.vrb'.

 (./Lec-06.vrb
\openout6 = `Lec-06.pyg'.

runsystem(pygmentize -l 'python' -f latex -P commandprefix=PYG -F tokenmerge -P
 stripnl='False' -P escapeinside='||' -P mathescape='True' -F gobble:n='2' -P p
ython3='True' -o Lec-06.out.pyg Lec-06.pyg)...executed.

 (./Lec-06.out.pyg)
\openout6 = `Lec-06.pyg'.

runsystem(pygmentize -l 'python' -f latex -P commandprefix=PYG -F tokenmerge -P
 stripnl='False' -P escapeinside='||' -P mathescape='True' -F gobble:n='2' -P p
ython3='True' -o Lec-06.out.pyg Lec-06.pyg)...executed.


(./Lec-06.out.pyg)
\openout5 = `Lec-06.pyg'.

runsystem(pygmentize -l 'python' -f latex -P commandprefix=PYG -F tokenmerge -P
 stripnl='False' -P escapeinside='||' -P mathescape='True' -F gobble:n='2' -P p
ython3='True' -o Lec-06.out.pyg Lec-06.pyg)...executed.

 (./Lec-06.out.pyg)
\openout5 = `Lec-06.pyg'.

runsystem(pygmentize -l 'pycon' -f latex -P commandprefix=PYG -F tokenmerge -P 
stripnl='False' -P escapeinside='||' -P mathescape='True' -F gobble:n='2' -P py
thon3='True' -o Lec-06.out.pyg Lec-06.pyg)...executed.

 (./Lec-06.out.pyg))
File: bgs/light/slide.jpg Graphic file (type bmp)
<bgs/light/slide.jpg>
File: logos/ru/light/logobw.png Graphic file (type bmp)
<logos/ru/light/logobw.png>
 [12

]
\openout4 = `Lec-06.vrb'.

 (./Lec-06.vrb
\openout6 = `Lec-06.pyg'.

runsystem(pygmentize -l 'python' -f latex -P commandprefix=PYG -F tokenmerge -P
 stripnl='False' -P escapeinside='||' -P mathescape='True' -F gobble:n='2' -P p
ython3='True' -o Lec-06.out.pyg Lec-06.pyg)...executed.


(./Lec-06.out.pyg)
\openout6 = `Lec-06.pyg'.

runsystem(pygmentize -l 'python' -f latex -P commandprefix=PYG -F tokenmerge -P
 stripnl='False' -P escapeinside='||' -P mathescape='True' -F gobble:n='2' -P p
ython3='True' -o Lec-06.out.pyg Lec-06.pyg)...executed.

 (./Lec-06.out.pyg)
\openout6 = `Lec-06.pyg'.

runsystem(pygmentize -l 'python' -f latex -P commandprefix=PYG -F tokenmerge -P
 stripnl='False' -P escapeinside='||' -P mathescape='True' -F gobble:n='2' -P p
ython3='True' -o Lec-06.out.pyg Lec-06.pyg)...executed.

 (./Lec-06.out.pyg))
File: bgs/light/slide.jpg Graphic file (type bmp)
<bgs/light/slide.jpg>
File: logos/ru/light/logobw.png Graphic file (type bmp)
<logos/ru/light/logobw.png>
 [13

]
\openout4 = `Lec-06.vrb'.

 (./Lec-06.vrb
\openout5 = `Lec-06.pyg'.

runsystem(pygmentize -l 'python' -f latex -P commandprefix=PYG -F tokenmerge -P
 stripnl='False' -P escapeinside='||' -P mathescape='True' -F gobble:n='2' -P p
ython3='True' -o Lec-06.out.pyg Lec-06.pyg)...executed.


(./Lec-06.out.pyg))
File: bgs/light/slide.jpg Graphic file (type bmp)
<bgs/light/slide.jpg>
File: logos/ru/light/logobw.png Graphic file (type bmp)
<logos/ru/light/logobw.png>
 [14

]
\openout4 = `Lec-06.vrb'.

 (./Lec-06.vrb
\openout5 = `Lec-06.pyg'.

runsystem(pygmentize -l 'python' -f latex -P commandprefix=PYG -F tokenmerge -P
 stripnl='False' -P escapeinside='||' -P mathescape='True' -F gobble:n='2' -P p
ython3='True' -o Lec-06.out.pyg Lec-06.pyg)...executed.

 (./Lec-06.out.pyg)
\openout6 = `Lec-06.pyg'.

runsystem(pygmentize -l 'python' -f latex -P commandprefix=PYG -F tokenmerge -P
 stripnl='False' -P escapeinside='||' -P mathescape='True' -F gobble:n='2' -P p
ython3='True' -o Lec-06.out.pyg Lec-06.pyg)...executed.

 (./Lec-06.out.pyg)
\openout6 = `Lec-06.pyg'.

runsystem(pygmentize -l 'python' -f latex -P commandprefix=PYG -F tokenmerge -P
 stripnl='False' -P escapeinside='||' -P mathescape='True' -F gobble:n='2' -P p
ython3='True' -o Lec-06.out.pyg Lec-06.pyg)...executed.


(./Lec-06.out.pyg)
\openout6 = `Lec-06.pyg'.

runsystem(pygmentize -l 'python' -f latex -P commandprefix=PYG -F tokenmerge -P
 stripnl='False' -P escapeinside='||' -P mathescape='True' -F gobble:n='2' -P p
ython3='True' -o Lec-06.out.pyg Lec-06.pyg)...executed.

 (./Lec-06.out.pyg)
\openout6 = `Lec-06.pyg'.

runsystem(pygmentize -l 'python' -f latex -P commandprefix=PYG -F tokenmerge -P
 stripnl='False' -P escapeinside='||' -P mathescape='True' -F gobble:n='2' -P p
ython3='True' -o Lec-06.out.pyg Lec-06.pyg)...executed.

 (./Lec-06.out.pyg)
\openout6 = `Lec-06.pyg'.

runsystem(pygmentize -l 'python' -f latex -P commandprefix=PYG -F tokenmerge -P
 stripnl='False' -P escapeinside='||' -P mathescape='True' -F gobble:n='2' -P p
ython3='True' -o Lec-06.out.pyg Lec-06.pyg)...executed.

 (./Lec-06.out.pyg))
File: bgs/light/slide.jpg Graphic file (type bmp)
<bgs/light/slide.jpg>
File: logos/ru/light/logobw.png Graphic file (type bmp)
<logos/ru/light/logobw.png>

[15

]
\openout4 = `Lec-06.vrb'.

 (./Lec-06.vrb
\openout6 = `Lec-06.pyg'.

runsystem(pygmentize -l 'python' -f latex -P commandprefix=PYG -F tokenmerge -P
 stripnl='False' -P escapeinside='||' -P mathescape='True' -F gobble:n='2' -P p
ython3='True' -o Lec-06.out.pyg Lec-06.pyg)...executed.

 (./Lec-06.out.pyg)
\openout5 = `Lec-06.pyg'.

runsystem(pygmentize -l 'python' -f latex -P commandprefix=PYG -F tokenmerge -P
 stripnl='False' -P escapeinside='||' -P mathescape='True' -F gobble:n='2' -P p
ython3='True' -o Lec-06.out.pyg Lec-06.pyg)...executed.

 (./Lec-06.out.pyg)
\openout5 = `Lec-06.pyg'.

runsystem(pygmentize -l 'pycon' -f latex -P commandprefix=PYG -F tokenmerge -P 
stripnl='False' -P escapeinside='||' -P mathescape='True' -F gobble:n='2' -P py
thon3='True' -o Lec-06.out.pyg Lec-06.pyg)...executed.

 (./Lec-06.out.pyg))
File: bgs/light/slide.jpg Graphic file (type bmp)
<bgs/light/slide.jpg>
File: logos/ru/light/logobw.png Graphic file (type bmp)
<logos/ru/light/logobw.png>

[16

]
\openout4 = `Lec-06.vrb'.

 (./Lec-06.vrb
\openout5 = `Lec-06.pyg'.

runsystem(pygmentize -l 'python' -f latex -P commandprefix=PYG -F tokenmerge -P
 stripnl='False' -P escapeinside='||' -P mathescape='True' -F gobble:n='2' -P p
ython3='True' -o Lec-06.out.pyg Lec-06.pyg)...executed.

 (./Lec-06.out.pyg))
File: bgs/light/slide.jpg Graphic file (type bmp)
<bgs/light/slide.jpg>
File: logos/ru/light/logobw.png Graphic file (type bmp)
<logos/ru/light/logobw.png>
 [17

]
\openout4 = `Lec-06.vrb'.

 (./Lec-06.vrb
\openout5 = `Lec-06.pyg'.

runsystem(pygmentize -l 'python' -f latex -P commandprefix=PYG -F tokenmerge -P
 stripnl='False' -P escapeinside='||' -P mathescape='True' -F gobble:n='2' -P p
ython3='True' -o Lec-06.out.pyg Lec-06.pyg)...executed.

 (./Lec-06.out.pyg)
\openout5 = `Lec-06.pyg'.

runsystem(pygmentize -l 'pycon' -f latex -P commandprefix=PYG -F tokenmerge -P 
stripnl='False' -P escapeinside='||' -P mathescape='True' -F gobble:n='2' -P py
thon3='True' -o Lec-06.out.pyg Lec-06.pyg)...executed.


(./Lec-06.out.pyg))
File: bgs/light/slide.jpg Graphic file (type bmp)
<bgs/light/slide.jpg>
File: logos/ru/light/logobw.png Graphic file (type bmp)
<logos/ru/light/logobw.png>
 [18

]
\openout4 = `Lec-06.vrb'.

 (./Lec-06.vrb
\openout5 = `Lec-06.pyg'.

runsystem(pygmentize -l 'python' -f latex -P commandprefix=PYG -F tokenmerge -P
 stripnl='False' -P escapeinside='||' -P mathescape='True' -F gobble:n='2' -P p
ython3='True' -o Lec-06.out.pyg Lec-06.pyg)...executed.

 (./Lec-06.out.pyg)
\openout5 = `Lec-06.pyg'.

runsystem(pygmentize -l 'pycon' -f latex -P commandprefix=PYG -F tokenmerge -P 
stripnl='False' -P escapeinside='||' -P mathescape='True' -F gobble:n='2' -P py
thon3='True' -o Lec-06.out.pyg Lec-06.pyg)...executed.

 (./Lec-06.out.pyg))
File: bgs/light/slide.jpg Graphic file (type bmp)
<bgs/light/slide.jpg>
File: logos/ru/light/logobw.png Graphic file (type bmp)
<logos/ru/light/logobw.png>

[19

]
\openout4 = `Lec-06.vrb'.

 (./Lec-06.vrb
\openout5 = `Lec-06.pyg'.

runsystem(pygmentize -l 'python' -f latex -P commandprefix=PYG -F tokenmerge -P
 stripnl='False' -P escapeinside='||' -P mathescape='True' -F gobble:n='2' -P p
ython3='True' -o Lec-06.out.pyg Lec-06.pyg)...executed.

 (./Lec-06.out.pyg)
\openout5 = `Lec-06.pyg'.

runsystem(pygmentize -l 'pycon' -f latex -P commandprefix=PYG -F tokenmerge -P 
stripnl='False' -P escapeinside='||' -P mathescape='True' -F gobble:n='2' -P py
thon3='True' -o Lec-06.out.pyg Lec-06.pyg)...executed.

 (./Lec-06.out.pyg))
File: bgs/light/slide.jpg Graphic file (type bmp)
<bgs/light/slide.jpg>
File: logos/ru/light/logobw.png Graphic file (type bmp)
<logos/ru/light/logobw.png>
 [20

]
Overfull \hbox (68.29076pt too wide) in paragraph at lines 579--579
[][][]  
 []


Overfull \vbox (5.0pt too high) detected at line 579
 []

File: bgs/light/section.jpg Graphic file (type bmp)
<bgs/light/section.jpg>
File: logos/ru/light/logobw.png Graphic file (type bmp)
<logos/ru/light/logobw.png>
[21

]
\openout4 = `Lec-06.vrb'.

 (./Lec-06.vrb
\openout6 = `Lec-06.pyg'.

runsystem(pygmentize -l 'python' -f latex -P commandprefix=PYG -F tokenmerge -P
 stripnl='False' -P escapeinside='||' -P mathescape='True' -F gobble:n='2' -P p
ython3='True' -o Lec-06.out.pyg Lec-06.pyg)...executed.

 (./Lec-06.out.pyg))
File: bgs/light/slide.jpg Graphic file (type bmp)
<bgs/light/slide.jpg>
File: logos/ru/light/logobw.png Graphic file (type bmp)
<logos/ru/light/logobw.png>
 [22

]
\openout4 = `Lec-06.vrb'.

 (./Lec-06.vrb
\openout5 = `Lec-06.pyg'.

runsystem(pygmentize -l 'python' -f latex -P commandprefix=PYG -F tokenmerge -P
 stripnl='False' -P escapeinside='||' -P mathescape='True' -F gobble:n='2' -P p
ython3='True' -o Lec-06.out.pyg Lec-06.pyg)...executed.

 (./Lec-06.out.pyg)
\openout6 = `Lec-06.pyg'.

runsystem(pygmentize -l 'python' -f latex -P commandprefix=PYG -F tokenmerge -P
 stripnl='False' -P escapeinside='||' -P mathescape='True' -F gobble:n='2' -P p
ython3='True' -o Lec-06.out.pyg Lec-06.pyg)...executed.


(./Lec-06.out.pyg))
File: bgs/light/slide.jpg Graphic file (type bmp)
<bgs/light/slide.jpg>
File: logos/ru/light/logobw.png Graphic file (type bmp)
<logos/ru/light/logobw.png>
 [23

]
\openout4 = `Lec-06.vrb'.

 (./Lec-06.vrb
\openout5 = `Lec-06.pyg'.

runsystem(pygmentize -l 'python' -f latex -P commandprefix=PYG -F tokenmerge -P
 stripnl='False' -P escapeinside='||' -P mathescape='True' -F gobble:n='2' -P p
ython3='True' -o Lec-06.out.pyg Lec-06.pyg)...executed.

 (./Lec-06.out.pyg)
\openout5 = `Lec-06.pyg'.

runsystem(pygmentize -l 'pycon' -f latex -P commandprefix=PYG -F tokenmerge -P 
stripnl='False' -P escapeinside='||' -P mathescape='True' -F gobble:n='2' -P py
thon3='True' -o Lec-06.out.pyg Lec-06.pyg)...executed.

 (./Lec-06.out.pyg))
File: bgs/light/slide.jpg Graphic file (type bmp)
<bgs/light/slide.jpg>
File: logos/ru/light/logobw.png Graphic file (type bmp)
<logos/ru/light/logobw.png>

[24

]
\openout4 = `Lec-06.vrb'.

 (./Lec-06.vrb
\openout5 = `Lec-06.pyg'.

runsystem(pygmentize -l 'python' -f latex -P commandprefix=PYG -F tokenmerge -P
 stripnl='False' -P escapeinside='||' -P mathescape='True' -F gobble:n='2' -P p
ython3='True' -o Lec-06.out.pyg Lec-06.pyg)...executed.

 (./Lec-06.out.pyg)
\openout6 = `Lec-06.pyg'.

runsystem(pygmentize -l 'python' -f latex -P commandprefix=PYG -F tokenmerge -P
 stripnl='False' -P escapeinside='||' -P mathescape='True' -F gobble:n='2' -P p
ython3='True' -o Lec-06.out.pyg Lec-06.pyg)...executed.

 (./Lec-06.out.pyg)
\openout6 = `Lec-06.pyg'.

runsystem(pygmentize -l 'python' -f latex -P commandprefix=PYG -F tokenmerge -P
 stripnl='False' -P escapeinside='||' -P mathescape='True' -F gobble:n='2' -P p
ython3='True' -o Lec-06.out.pyg Lec-06.pyg)...executed.

 (./Lec-06.out.pyg))
File: bgs/light/slide.jpg Graphic file (type bmp)
<bgs/light/slide.jpg>
File: logos/ru/light/logobw.png Graphic file (type bmp)
<logos/ru/light/logobw.png>

[25

]
\openout4 = `Lec-06.vrb'.

 (./Lec-06.vrb
\openout5 = `Lec-06.pyg'.

runsystem(pygmentize -l 'python' -f latex -P commandprefix=PYG -F tokenmerge -P
 stripnl='False' -P escapeinside='||' -P mathescape='True' -F gobble:n='2' -P p
ython3='True' -o Lec-06.out.pyg Lec-06.pyg)...executed.

 (./Lec-06.out.pyg)
\openout5 = `Lec-06.pyg'.

runsystem(pygmentize -l 'pycon' -f latex -P commandprefix=PYG -F tokenmerge -P 
stripnl='False' -P escapeinside='||' -P mathescape='True' -F gobble:n='2' -P py
thon3='True' -o Lec-06.out.pyg Lec-06.pyg)...executed.

 (./Lec-06.out.pyg))
File: bgs/light/slide.jpg Graphic file (type bmp)
<bgs/light/slide.jpg>
File: logos/ru/light/logobw.png Graphic file (type bmp)
<logos/ru/light/logobw.png>
 [26

]
Overfull \hbox (68.29076pt too wide) in paragraph at lines 705--705
[][][]  
 []


Overfull \vbox (5.0pt too high) detected at line 705
 []

File: bgs/light/section.jpg Graphic file (type bmp)
<bgs/light/section.jpg>
File: logos/ru/light/logobw.png Graphic file (type bmp)
<logos/ru/light/logobw.png>
[27

]
\openout4 = `Lec-06.vrb'.

 (./Lec-06.vrb
File: ./pics/pfd.pdf Graphic file (type pdf)
<use ./pics/pfd.pdf>
)
File: bgs/light/slide.jpg Graphic file (type bmp)
<bgs/light/slide.jpg>
File: logos/ru/light/logobw.png Graphic file (type bmp)
<logos/ru/light/logobw.png>
 [28

]
\openout4 = `Lec-06.vrb'.

 (./Lec-06.vrb
\openout6 = `Lec-06.pyg'.

runsystem(pygmentize -l 'python' -f latex -P commandprefix=PYG -F tokenmerge -P
 stripnl='False' -P escapeinside='||' -P mathescape='True' -F gobble:n='2' -P p
ython3='True' -o Lec-06.out.pyg Lec-06.pyg)...executed.

 (./Lec-06.out.pyg)
\openout6 = `Lec-06.pyg'.

runsystem(pygmentize -l 'python' -f latex -P commandprefix=PYG -F tokenmerge -P
 stripnl='False' -P escapeinside='||' -P mathescape='True' -F gobble:n='2' -P p
ython3='True' -o Lec-06.out.pyg Lec-06.pyg)...executed.

 (./Lec-06.out.pyg)
\openout6 = `Lec-06.pyg'.

runsystem(pygmentize -l 'python' -f latex -P commandprefix=PYG -F tokenmerge -P
 stripnl='False' -P escapeinside='||' -P mathescape='True' -F gobble:n='2' -P p
ython3='True' -o Lec-06.out.pyg Lec-06.pyg)...executed.


(./Lec-06.out.pyg)
\openout6 = `Lec-06.pyg'.

runsystem(pygmentize -l 'python' -f latex -P commandprefix=PYG -F tokenmerge -P
 stripnl='False' -P escapeinside='||' -P mathescape='True' -F gobble:n='2' -P p
ython3='True' -o Lec-06.out.pyg Lec-06.pyg)...executed.

 (./Lec-06.out.pyg)
\openout5 = `Lec-06.pyg'.

runsystem(pygmentize -l 'python' -f latex -P commandprefix=PYG -F tokenmerge -P
 stripnl='False' -P escapeinside='||' -P mathescape='True' -F gobble:n='2' -P p
ython3='True' -o Lec-06.out.pyg Lec-06.pyg)...executed.

 (./Lec-06.out.pyg)
\openout5 = `Lec-06.pyg'.

runsystem(pygmentize -l 'python' -f latex -P commandprefix=PYG -F tokenmerge -P
 stripnl='False' -P escapeinside='||' -P mathescape='True' -F gobble:n='2' -P p
ython3='True' -o Lec-06.out.pyg Lec-06.pyg)...executed.

 (./Lec-06.out.pyg)
\openout5 = `Lec-06.pyg'.

runsystem(pygmentize -l 'python' -f latex -P commandprefix=PYG -F tokenmerge -P
 stripnl='False' -P escapeinside='||' -P mathescape='True' -F gobble:n='2' -P p
ython3='True' -o Lec-06.out.pyg Lec-06.pyg)...executed.


(./Lec-06.out.pyg)
Overfull \hbox (16.26518pt too wide) in paragraph at lines 6--51
 [] 
 []

)
File: bgs/light/slide.jpg Graphic file (type bmp)
<bgs/light/slide.jpg>
File: logos/ru/light/logobw.png Graphic file (type bmp)
<logos/ru/light/logobw.png>
 [29

]
\openout4 = `Lec-06.vrb'.

 (./Lec-06.vrb
\openout5 = `Lec-06.pyg'.

runsystem(pygmentize -l 'python' -f latex -P commandprefix=PYG -F tokenmerge -P
 stripnl='False' -P escapeinside='||' -P mathescape='True' -F gobble:n='2' -P p
ython3='True' -o Lec-06.out.pyg Lec-06.pyg)...executed.

 (./Lec-06.out.pyg)
\openout5 = `Lec-06.pyg'.

runsystem(pygmentize -l 'python' -f latex -P commandprefix=PYG -F tokenmerge -P
 stripnl='False' -P escapeinside='||' -P mathescape='True' -F gobble:n='2' -P p
ython3='True' -o Lec-06.out.pyg Lec-06.pyg)...executed.

 (./Lec-06.out.pyg)
Overfull \hbox (16.26518pt too wide) in paragraph at lines 6--31
 [] 
 []

)
File: bgs/light/slide.jpg Graphic file (type bmp)
<bgs/light/slide.jpg>
File: logos/ru/light/logobw.png Graphic file (type bmp)
<logos/ru/light/logobw.png>
 [30

]
\openout4 = `Lec-06.vrb'.

 (./Lec-06.vrb)
File: bgs/light/slide.jpg Graphic file (type bmp)
<bgs/light/slide.jpg>
File: logos/ru/light/logobw.png Graphic file (type bmp)
<logos/ru/light/logobw.png>
 [31

]
\openout4 = `Lec-06.vrb'.

 (./Lec-06.vrb)
File: bgs/light/slide.jpg Graphic file (type bmp)
<bgs/light/slide.jpg>
File: logos/ru/light/logobw.png Graphic file (type bmp)
<logos/ru/light/logobw.png>
 [32

]
\openout4 = `Lec-06.vrb'.

 (./Lec-06.vrb
\openout6 = `Lec-06.pyg'.

runsystem(pygmentize -l 'python' -f latex -P commandprefix=PYG -F tokenmerge -P
 stripnl='False' -P escapeinside='||' -P mathescape='True' -F gobble:n='2' -P p
ython3='True' -o Lec-06.out.pyg Lec-06.pyg)...executed.

 (./Lec-06.out.pyg)
\openout5 = `Lec-06.pyg'.

runsystem(pygmentize -l 'python' -f latex -P commandprefix=PYG -F tokenmerge -P
 stripnl='False' -P escapeinside='||' -P mathescape='True' -F gobble:n='2' -P p
ython3='True' -o Lec-06.out.pyg Lec-06.pyg)...executed.

(./Lec-06.out.pyg))
File: bgs/light/slide.jpg Graphic file (type bmp)
<bgs/light/slide.jpg>
File: logos/ru/light/logobw.png Graphic file (type bmp)
<logos/ru/light/logobw.png>
 [33

]
\openout4 = `Lec-06.vrb'.

 (./Lec-06.vrb
\openout5 = `Lec-06.pyg'.

runsystem(pygmentize -l 'python' -f latex -P commandprefix=PYG -F tokenmerge -P
 stripnl='False' -P escapeinside='||' -P mathescape='True' -F gobble:n='2' -P p
ython3='True' -o Lec-06.out.pyg Lec-06.pyg)...executed.

 (./Lec-06.out.pyg))
File: bgs/light/slide.jpg Graphic file (type bmp)
<bgs/light/slide.jpg>
File: logos/ru/light/logobw.png Graphic file (type bmp)
<logos/ru/light/logobw.png>
 [34

]
\openout4 = `Lec-06.vrb'.

 (./Lec-06.vrb
\openout5 = `Lec-06.pyg'.

runsystem(pygmentize -l 'python' -f latex -P commandprefix=PYG -F tokenmerge -P
 stripnl='False' -P escapeinside='||' -P mathescape='True' -F gobble:n='2' -P p
ython3='True' -o Lec-06.out.pyg Lec-06.pyg)...executed.


(./Lec-06.out.pyg)
\openout5 = `Lec-06.pyg'.

runsystem(pygmentize -l 'pycon' -f latex -P commandprefix=PYG -F tokenmerge -P 
stripnl='False' -P escapeinside='||' -P mathescape='True' -F gobble:n='2' -P py
thon3='True' -o Lec-06.out.pyg Lec-06.pyg)...executed.

 (./Lec-06.out.pyg))
File: bgs/light/slide.jpg Graphic file (type bmp)
<bgs/light/slide.jpg>
File: logos/ru/light/logobw.png Graphic file (type bmp)
<logos/ru/light/logobw.png>
 [35

]
\openout4 = `Lec-06.vrb'.

 (./Lec-06.vrb
\openout5 = `Lec-06.pyg'.

runsystem(pygmentize -l 'python' -f latex -P commandprefix=PYG -F tokenmerge -P
 stripnl='False' -P escapeinside='||' -P mathescape='True' -F gobble:n='2' -P p
ython3='True' -o Lec-06.out.pyg Lec-06.pyg)...executed.

 (./Lec-06.out.pyg)
Underfull \hbox (badness 10000) in paragraph at lines 17--18
[]\TU/ALSSirius(0)/m/n/8    .
 []


Underfull \hbox (badness 10000) in paragraph at lines 17--18
\TU/ALSSirius(0)/m/n/8     
 []


Overfull \hbox (16.26518pt too wide) in paragraph at lines 6--20
 [] 
 []

)
File: bgs/light/slide.jpg Graphic file (type bmp)
<bgs/light/slide.jpg>
File: logos/ru/light/logobw.png Graphic file (type bmp)
<logos/ru/light/logobw.png>
 [36

]
\openout4 = `Lec-06.vrb'.

 (./Lec-06.vrb
\openout5 = `Lec-06.pyg'.

runsystem(pygmentize -l 'python' -f latex -P commandprefix=PYG -F tokenmerge -P
 stripnl='False' -P escapeinside='||' -P mathescape='True' -F gobble:n='2' -P p
ython3='True' -o Lec-06.out.pyg Lec-06.pyg)...executed.

 (./Lec-06.out.pyg))
File: bgs/light/slide.jpg Graphic file (type bmp)
<bgs/light/slide.jpg>
File: logos/ru/light/logobw.png Graphic file (type bmp)
<logos/ru/light/logobw.png>
 [37

]
\openout4 = `Lec-06.vrb'.

 (./Lec-06.vrb
\openout5 = `Lec-06.pyg'.

runsystem(pygmentize -l 'python' -f latex -P commandprefix=PYG -F tokenmerge -P
 stripnl='False' -P escapeinside='||' -P mathescape='True' -F gobble:n='2' -P p
ython3='True' -o Lec-06.out.pyg Lec-06.pyg)...executed.

 (./Lec-06.out.pyg))
File: bgs/light/slide.jpg Graphic file (type bmp)
<bgs/light/slide.jpg>
File: logos/ru/light/logobw.png Graphic file (type bmp)
<logos/ru/light/logobw.png>
[38

]
\openout4 = `Lec-06.vrb'.

 (./Lec-06.vrb
\openout5 = `Lec-06.pyg'.

runsystem(pygmentize -l 'python' -f latex -P commandprefix=PYG -F tokenmerge -P
 stripnl='False' -P escapeinside='||' -P mathescape='True' -F gobble:n='2' -P p
ython3='True' -o Lec-06.out.pyg Lec-06.pyg)...executed.

 (./Lec-06.out.pyg)
\openout5 = `Lec-06.pyg'.

runsystem(pygmentize -l 'pycon' -f latex -P commandprefix=PYG -F tokenmerge -P 
stripnl='False' -P escapeinside='||' -P mathescape='True' -F gobble:n='2' -P py
thon3='True' -o Lec-06.out.pyg Lec-06.pyg)...executed.

 (./Lec-06.out.pyg))
File: bgs/light/slide.jpg Graphic file (type bmp)
<bgs/light/slide.jpg>
File: logos/ru/light/logobw.png Graphic file (type bmp)
<logos/ru/light/logobw.png>
 [39

]
\openout4 = `Lec-06.vrb'.

 (./Lec-06.vrb
\openout5 = `Lec-06.pyg'.

runsystem(pygmentize -l 'python' -f latex -P commandprefix=PYG -F tokenmerge -P
 stripnl='False' -P escapeinside='||' -P mathescape='True' -F gobble:n='2' -P p
ython3='True' -o Lec-06.out.pyg Lec-06.pyg)...executed.


(./Lec-06.out.pyg)
\openout5 = `Lec-06.pyg'.

runsystem(pygmentize -l 'pycon' -f latex -P commandprefix=PYG -F tokenmerge -P 
stripnl='False' -P escapeinside='||' -P mathescape='True' -F gobble:n='2' -P py
thon3='True' -o Lec-06.out.pyg Lec-06.pyg)...executed.

 (./Lec-06.out.pyg))
File: bgs/light/slide.jpg Graphic file (type bmp)
<bgs/light/slide.jpg>
File: logos/ru/light/logobw.png Graphic file (type bmp)
<logos/ru/light/logobw.png>
 [40

]
Underfull \hbox (badness 10000) in paragraph at lines 1097--1097

 []

File: pics/home.png Graphic file (type bmp)
<pics/home.png>
File: pics/mail.png Graphic file (type bmp)
<pics/mail.png>
File: pics/tel.png Graphic file (type bmp)
<pics/tel.png>

Overfull \hbox (68.29076pt too wide) in paragraph at lines 1097--1097
[][]  
 []


Overfull \vbox (5.0pt too high) detected at line 1097
 []

File: bgs/contacts.jpg Graphic file (type bmp)
<bgs/contacts.jpg>
File: logos/ru/light/logoclr.png Graphic file (type bmp)
<logos/ru/light/logoclr.png>
[41

]
\tf@nav=\write8
\openout8 = `Lec-06.nav'.

\tf@toc=\write9
\openout9 = `Lec-06.toc'.

\tf@snm=\write10
\openout10 = `Lec-06.snm'.

 (./Lec-06.aux)

LaTeX Font Warning: Some font shapes were not available, defaults substituted.

Package rerunfilecheck Info: File `Lec-06.out' has not changed.
(rerunfilecheck)             Checksum: 90F196208ADBB826EA66A050EFCB2426;3360.
runsystem(rm Lec-06.pyg)...executed.

runsystem(rm Lec-06.out.pyg)...executed.

 ) 
Here is how much of TeX's memory you used:
 37634 strings out of 476689
 826439 string characters out of 5806613
 1858018 words of memory out of 6000000
 56918 multiletter control sequences out of 15000+600000
 520661 words of font info for 107 fonts, out of 8000000 for 9000
 1348 hyphenation exceptions out of 8191
 99i,14n,104p,732b,960s stack positions out of 10000i,1000n,20000p,200000b,200000s

Output written on Lec-06.pdf (41 pages).
