This is XeTeX, Version 3.141592653-2.6-0.999994 (TeX Live 2022) (preloaded format=xelatex 2022.9.1)  30 JAN 2023 09:27
entering extended mode
 \write18 enabled.
 %&-line parsing enabled.
**LB-02.tex
(./LB-02.tex
LaTeX2e <2022-06-01> patch level 5
L3 programming layer <2022-08-23>
(c:/texlive/2022/texmf-dist/tex/latex/beamer/beamer.cls
Document Class: beamer 2022/05/17 v3.67 A class for typesetting presentations
(c:/texlive/2022/texmf-dist/tex/latex/beamer/beamerbasemodes.sty
(c:/texlive/2022/texmf-dist/tex/latex/etoolbox/etoolbox.sty
Package: etoolbox 2020/10/05 v2.5k e-TeX tools for LaTeX (JAW)
\etb@tempcnta=\count181
)
\beamer@tempbox=\box51
\beamer@tempcount=\count182
\c@beamerpauses=\count183

(c:/texlive/2022/texmf-dist/tex/latex/beamer/beamerbasedecode.sty
\beamer@slideinframe=\count184
\beamer@minimum=\count185
\beamer@decode@box=\box52
)
\beamer@commentbox=\box53
\beamer@modecount=\count186
)
(c:/texlive/2022/texmf-dist/tex/generic/iftex/iftex.sty
Package: iftex 2022/02/03 v1.0f TeX engine tests
)
\headdp=\dimen138
\footheight=\dimen139
\sidebarheight=\dimen140
\beamer@tempdim=\dimen141
\beamer@finalheight=\dimen142
\beamer@animht=\dimen143
\beamer@animdp=\dimen144
\beamer@animwd=\dimen145
\beamer@leftmargin=\dimen146
\beamer@rightmargin=\dimen147
\beamer@leftsidebar=\dimen148
\beamer@rightsidebar=\dimen149
\beamer@boxsize=\dimen150
\beamer@vboxoffset=\dimen151
\beamer@descdefault=\dimen152
\beamer@descriptionwidth=\dimen153
\beamer@lastskip=\skip47
\beamer@areabox=\box54
\beamer@animcurrent=\box55
\beamer@animshowbox=\box56
\beamer@sectionbox=\box57
\beamer@logobox=\box58
\beamer@linebox=\box59
\beamer@sectioncount=\count187
\beamer@subsubsectionmax=\count188
\beamer@subsectionmax=\count189
\beamer@sectionmax=\count190
\beamer@totalheads=\count191
\beamer@headcounter=\count192
\beamer@partstartpage=\count193
\beamer@sectionstartpage=\count194
\beamer@subsectionstartpage=\count195
\beamer@animationtempa=\count196
\beamer@animationtempb=\count197
\beamer@xpos=\count198
\beamer@ypos=\count199
\beamer@ypos@offset=\count266
\beamer@showpartnumber=\count267
\beamer@currentsubsection=\count268
\beamer@coveringdepth=\count269
\beamer@sectionadjust=\count270
\beamer@toclastsection=\count271
\beamer@tocsectionnumber=\count272

(c:/texlive/2022/texmf-dist/tex/latex/beamer/beamerbaseoptions.sty
(c:/texlive/2022/texmf-dist/tex/latex/graphics/keyval.sty
Package: keyval 2022/05/29 v1.15 key=value parser (DPC)
\KV@toks@=\toks16
))
\beamer@paperwidth=\skip48
\beamer@paperheight=\skip49

(c:/texlive/2022/texmf-dist/tex/latex/geometry/geometry.sty
Package: geometry 2020/01/02 v5.9 Page Geometry

(c:/texlive/2022/texmf-dist/tex/generic/iftex/ifvtex.sty
Package: ifvtex 2019/10/25 v1.7 ifvtex legacy package. Use iftex instead.
)
\Gm@cnth=\count273
\Gm@cntv=\count274
\c@Gm@tempcnt=\count275
\Gm@bindingoffset=\dimen154
\Gm@wd@mp=\dimen155
\Gm@odd@mp=\dimen156
\Gm@even@mp=\dimen157
\Gm@layoutwidth=\dimen158
\Gm@layoutheight=\dimen159
\Gm@layouthoffset=\dimen160
\Gm@layoutvoffset=\dimen161
\Gm@dimlist=\toks17
)
(c:/texlive/2022/texmf-dist/tex/latex/pgf/math/pgfmath.sty
(c:/texlive/2022/texmf-dist/tex/latex/pgf/utilities/pgfrcs.sty
(c:/texlive/2022/texmf-dist/tex/generic/pgf/utilities/pgfutil-common.tex
\pgfutil@everybye=\toks18
\pgfutil@tempdima=\dimen162
\pgfutil@tempdimb=\dimen163

(c:/texlive/2022/texmf-dist/tex/generic/pgf/utilities/pgfutil-common-lists.tex)
) (c:/texlive/2022/texmf-dist/tex/generic/pgf/utilities/pgfutil-latex.def
\pgfutil@abb=\box60
)
(c:/texlive/2022/texmf-dist/tex/generic/pgf/utilities/pgfrcs.code.tex
(c:/texlive/2022/texmf-dist/tex/generic/pgf/pgf.revision.tex)
Package: pgfrcs 2021/05/15 v3.1.9a (3.1.9a)
))
(c:/texlive/2022/texmf-dist/tex/latex/pgf/utilities/pgfkeys.sty
(c:/texlive/2022/texmf-dist/tex/generic/pgf/utilities/pgfkeys.code.tex
\pgfkeys@pathtoks=\toks19
\pgfkeys@temptoks=\toks20

(c:/texlive/2022/texmf-dist/tex/generic/pgf/utilities/pgfkeysfiltered.code.tex
\pgfkeys@tmptoks=\toks21
))) (c:/texlive/2022/texmf-dist/tex/generic/pgf/math/pgfmath.code.tex
(c:/texlive/2022/texmf-dist/tex/generic/pgf/math/pgfmathcalc.code.tex
(c:/texlive/2022/texmf-dist/tex/generic/pgf/math/pgfmathutil.code.tex
\pgf@x=\dimen164
\pgf@xa=\dimen165
\pgf@xb=\dimen166
\pgf@xc=\dimen167
\pgf@y=\dimen168
\pgf@ya=\dimen169
\pgf@yb=\dimen170
\pgf@yc=\dimen171
\c@pgf@counta=\count276
\c@pgf@countb=\count277
\c@pgf@countc=\count278
\c@pgf@countd=\count279
)
(c:/texlive/2022/texmf-dist/tex/generic/pgf/math/pgfmathparser.code.tex
\pgfmath@dimen=\dimen172
\pgfmath@count=\count280
\pgfmath@box=\box61
\pgfmath@toks=\toks22
\pgfmath@stack@operand=\toks23
\pgfmath@stack@operation=\toks24
)
(c:/texlive/2022/texmf-dist/tex/generic/pgf/math/pgfmathfunctions.code.tex
(c:/texlive/2022/texmf-dist/tex/generic/pgf/math/pgfmathfunctions.basic.code.te
x)
(c:/texlive/2022/texmf-dist/tex/generic/pgf/math/pgfmathfunctions.trigonometric
.code.tex)
(c:/texlive/2022/texmf-dist/tex/generic/pgf/math/pgfmathfunctions.random.code.t
ex)
(c:/texlive/2022/texmf-dist/tex/generic/pgf/math/pgfmathfunctions.comparison.co
de.tex)
(c:/texlive/2022/texmf-dist/tex/generic/pgf/math/pgfmathfunctions.base.code.tex
)
(c:/texlive/2022/texmf-dist/tex/generic/pgf/math/pgfmathfunctions.round.code.te
x)
(c:/texlive/2022/texmf-dist/tex/generic/pgf/math/pgfmathfunctions.misc.code.tex
)
(c:/texlive/2022/texmf-dist/tex/generic/pgf/math/pgfmathfunctions.integerarithm
etics.code.tex)))
(c:/texlive/2022/texmf-dist/tex/generic/pgf/math/pgfmathfloat.code.tex
\c@pgfmathroundto@lastzeros=\count281
)))
(c:/texlive/2022/texmf-dist/tex/latex/base/size11.clo
File: size11.clo 2021/10/04 v1.4n Standard LaTeX file (size option)
)
(c:/texlive/2022/texmf-dist/tex/latex/pgf/basiclayer/pgfcore.sty
(c:/texlive/2022/texmf-dist/tex/latex/graphics/graphicx.sty
Package: graphicx 2021/09/16 v1.2d Enhanced LaTeX Graphics (DPC,SPQR)

(c:/texlive/2022/texmf-dist/tex/latex/graphics/graphics.sty
Package: graphics 2022/03/10 v1.4e Standard LaTeX Graphics (DPC,SPQR)

(c:/texlive/2022/texmf-dist/tex/latex/graphics/trig.sty
Package: trig 2021/08/11 v1.11 sin cos tan (DPC)
)
(c:/texlive/2022/texmf-dist/tex/latex/graphics-cfg/graphics.cfg
File: graphics.cfg 2016/06/04 v1.11 sample graphics configuration
)
Package graphics Info: Driver file: xetex.def on input line 107.

(c:/texlive/2022/texmf-dist/tex/latex/graphics-def/xetex.def
File: xetex.def 2022/04/16 v5.0m Graphics/color driver for xetex
))
\Gin@req@height=\dimen173
\Gin@req@width=\dimen174
)
(c:/texlive/2022/texmf-dist/tex/latex/pgf/systemlayer/pgfsys.sty
(c:/texlive/2022/texmf-dist/tex/generic/pgf/systemlayer/pgfsys.code.tex
Package: pgfsys 2021/05/15 v3.1.9a (3.1.9a)

(c:/texlive/2022/texmf-dist/tex/generic/pgf/utilities/pgfkeys.code.tex)
\pgf@x=\dimen175
\pgf@y=\dimen176
\pgf@xa=\dimen177
\pgf@ya=\dimen178
\pgf@xb=\dimen179
\pgf@yb=\dimen180
\pgf@xc=\dimen181
\pgf@yc=\dimen182
\pgf@xd=\dimen183
\pgf@yd=\dimen184
\w@pgf@writea=\write3
\r@pgf@reada=\read2
\c@pgf@counta=\count282
\c@pgf@countb=\count283
\c@pgf@countc=\count284
\c@pgf@countd=\count285
\t@pgf@toka=\toks25
\t@pgf@tokb=\toks26
\t@pgf@tokc=\toks27
\pgf@sys@id@count=\count286

(c:/texlive/2022/texmf-dist/tex/generic/pgf/systemlayer/pgf.cfg
File: pgf.cfg 2021/05/15 v3.1.9a (3.1.9a)
)
Driver file for pgf: pgfsys-xetex.def

(c:/texlive/2022/texmf-dist/tex/generic/pgf/systemlayer/pgfsys-xetex.def
File: pgfsys-xetex.def 2021/05/15 v3.1.9a (3.1.9a)

(c:/texlive/2022/texmf-dist/tex/generic/pgf/systemlayer/pgfsys-dvipdfmx.def
File: pgfsys-dvipdfmx.def 2021/05/15 v3.1.9a (3.1.9a)

(c:/texlive/2022/texmf-dist/tex/generic/pgf/systemlayer/pgfsys-common-pdf.def
File: pgfsys-common-pdf.def 2021/05/15 v3.1.9a (3.1.9a)
)
\pgfsys@objnum=\count287
)))
(c:/texlive/2022/texmf-dist/tex/generic/pgf/systemlayer/pgfsyssoftpath.code.tex
File: pgfsyssoftpath.code.tex 2021/05/15 v3.1.9a (3.1.9a)
\pgfsyssoftpath@smallbuffer@items=\count288
\pgfsyssoftpath@bigbuffer@items=\count289
)
(c:/texlive/2022/texmf-dist/tex/generic/pgf/systemlayer/pgfsysprotocol.code.tex
File: pgfsysprotocol.code.tex 2021/05/15 v3.1.9a (3.1.9a)
)) (c:/texlive/2022/texmf-dist/tex/latex/xcolor/xcolor.sty
Package: xcolor 2022/06/12 v2.14 LaTeX color extensions (UK)

(c:/texlive/2022/texmf-dist/tex/latex/graphics-cfg/color.cfg
File: color.cfg 2016/01/02 v1.6 sample color configuration
)
Package xcolor Info: Driver file: xetex.def on input line 227.

(c:/texlive/2022/texmf-dist/tex/latex/graphics/mathcolor.ltx)
Package xcolor Info: Model `cmy' substituted by `cmy0' on input line 1353.
Package xcolor Info: Model `RGB' extended on input line 1369.
Package xcolor Info: Model `HTML' substituted by `rgb' on input line 1371.
Package xcolor Info: Model `Hsb' substituted by `hsb' on input line 1372.
Package xcolor Info: Model `tHsb' substituted by `hsb' on input line 1373.
Package xcolor Info: Model `HSB' substituted by `hsb' on input line 1374.
Package xcolor Info: Model `Gray' substituted by `gray' on input line 1375.
Package xcolor Info: Model `wave' substituted by `hsb' on input line 1376.
)
(c:/texlive/2022/texmf-dist/tex/generic/pgf/basiclayer/pgfcore.code.tex
Package: pgfcore 2021/05/15 v3.1.9a (3.1.9a)

(c:/texlive/2022/texmf-dist/tex/generic/pgf/math/pgfmath.code.tex)
(c:/texlive/2022/texmf-dist/tex/generic/pgf/math/pgfint.code.tex)
(c:/texlive/2022/texmf-dist/tex/generic/pgf/basiclayer/pgfcorepoints.code.tex
File: pgfcorepoints.code.tex 2021/05/15 v3.1.9a (3.1.9a)
\pgf@picminx=\dimen185
\pgf@picmaxx=\dimen186
\pgf@picminy=\dimen187
\pgf@picmaxy=\dimen188
\pgf@pathminx=\dimen189
\pgf@pathmaxx=\dimen190
\pgf@pathminy=\dimen191
\pgf@pathmaxy=\dimen192
\pgf@xx=\dimen193
\pgf@xy=\dimen194
\pgf@yx=\dimen195
\pgf@yy=\dimen196
\pgf@zx=\dimen197
\pgf@zy=\dimen198
)
(c:/texlive/2022/texmf-dist/tex/generic/pgf/basiclayer/pgfcorepathconstruct.cod
e.tex
File: pgfcorepathconstruct.code.tex 2021/05/15 v3.1.9a (3.1.9a)
\pgf@path@lastx=\dimen199
\pgf@path@lasty=\dimen256
)
(c:/texlive/2022/texmf-dist/tex/generic/pgf/basiclayer/pgfcorepathusage.code.te
x
File: pgfcorepathusage.code.tex 2021/05/15 v3.1.9a (3.1.9a)
\pgf@shorten@end@additional=\dimen257
\pgf@shorten@start@additional=\dimen258
)
(c:/texlive/2022/texmf-dist/tex/generic/pgf/basiclayer/pgfcorescopes.code.tex
File: pgfcorescopes.code.tex 2021/05/15 v3.1.9a (3.1.9a)
\pgfpic=\box62
\pgf@hbox=\box63
\pgf@layerbox@main=\box64
\pgf@picture@serial@count=\count290
)
(c:/texlive/2022/texmf-dist/tex/generic/pgf/basiclayer/pgfcoregraphicstate.code
.tex
File: pgfcoregraphicstate.code.tex 2021/05/15 v3.1.9a (3.1.9a)
\pgflinewidth=\dimen259
)
(c:/texlive/2022/texmf-dist/tex/generic/pgf/basiclayer/pgfcoretransformations.c
ode.tex
File: pgfcoretransformations.code.tex 2021/05/15 v3.1.9a (3.1.9a)
\pgf@pt@x=\dimen260
\pgf@pt@y=\dimen261
\pgf@pt@temp=\dimen262
)
(c:/texlive/2022/texmf-dist/tex/generic/pgf/basiclayer/pgfcorequick.code.tex
File: pgfcorequick.code.tex 2021/05/15 v3.1.9a (3.1.9a)
)
(c:/texlive/2022/texmf-dist/tex/generic/pgf/basiclayer/pgfcoreobjects.code.tex
File: pgfcoreobjects.code.tex 2021/05/15 v3.1.9a (3.1.9a)
)
(c:/texlive/2022/texmf-dist/tex/generic/pgf/basiclayer/pgfcorepathprocessing.co
de.tex
File: pgfcorepathprocessing.code.tex 2021/05/15 v3.1.9a (3.1.9a)
)
(c:/texlive/2022/texmf-dist/tex/generic/pgf/basiclayer/pgfcorearrows.code.tex
File: pgfcorearrows.code.tex 2021/05/15 v3.1.9a (3.1.9a)
\pgfarrowsep=\dimen263
)
(c:/texlive/2022/texmf-dist/tex/generic/pgf/basiclayer/pgfcoreshade.code.tex
File: pgfcoreshade.code.tex 2021/05/15 v3.1.9a (3.1.9a)
\pgf@max=\dimen264
\pgf@sys@shading@range@num=\count291
\pgf@shadingcount=\count292
)
(c:/texlive/2022/texmf-dist/tex/generic/pgf/basiclayer/pgfcoreimage.code.tex
File: pgfcoreimage.code.tex 2021/05/15 v3.1.9a (3.1.9a)

(c:/texlive/2022/texmf-dist/tex/generic/pgf/basiclayer/pgfcoreexternal.code.tex
File: pgfcoreexternal.code.tex 2021/05/15 v3.1.9a (3.1.9a)
\pgfexternal@startupbox=\box65
))
(c:/texlive/2022/texmf-dist/tex/generic/pgf/basiclayer/pgfcorelayers.code.tex
File: pgfcorelayers.code.tex 2021/05/15 v3.1.9a (3.1.9a)
)
(c:/texlive/2022/texmf-dist/tex/generic/pgf/basiclayer/pgfcoretransparency.code
.tex
File: pgfcoretransparency.code.tex 2021/05/15 v3.1.9a (3.1.9a)
)
(c:/texlive/2022/texmf-dist/tex/generic/pgf/basiclayer/pgfcorepatterns.code.tex
File: pgfcorepatterns.code.tex 2021/05/15 v3.1.9a (3.1.9a)
) (c:/texlive/2022/texmf-dist/tex/generic/pgf/basiclayer/pgfcorerdf.code.tex
File: pgfcorerdf.code.tex 2021/05/15 v3.1.9a (3.1.9a)
))) (c:/texlive/2022/texmf-dist/tex/latex/pgf/utilities/xxcolor.sty
Package: xxcolor 2003/10/24 ver 0.1
\XC@nummixins=\count293
\XC@countmixins=\count294
)
(c:/texlive/2022/texmf-dist/tex/latex/base/atbegshi-ltx.sty
Package: atbegshi-ltx 2021/01/10 v1.0c Emulation of the original atbegshi
package with kernel methods
)
(c:/texlive/2022/texmf-dist/tex/latex/hyperref/hyperref.sty
Package: hyperref 2022-06-20 v7.00s Hypertext links for LaTeX

(c:/texlive/2022/texmf-dist/tex/generic/ltxcmds/ltxcmds.sty
Package: ltxcmds 2020-05-10 v1.25 LaTeX kernel commands for general use (HO)
)
(c:/texlive/2022/texmf-dist/tex/generic/pdftexcmds/pdftexcmds.sty
Package: pdftexcmds 2020-06-27 v0.33 Utility functions of pdfTeX for LuaTeX (HO
)

(c:/texlive/2022/texmf-dist/tex/generic/infwarerr/infwarerr.sty
Package: infwarerr 2019/12/03 v1.5 Providing info/warning/error messages (HO)
)
Package pdftexcmds Info: \pdf@primitive is available.
Package pdftexcmds Info: \pdf@ifprimitive is available.
Package pdftexcmds Info: \pdfdraftmode not found.
)
(c:/texlive/2022/texmf-dist/tex/generic/kvsetkeys/kvsetkeys.sty
Package: kvsetkeys 2019/12/15 v1.18 Key value parser (HO)
)
(c:/texlive/2022/texmf-dist/tex/generic/kvdefinekeys/kvdefinekeys.sty
Package: kvdefinekeys 2019-12-19 v1.6 Define keys (HO)
)
(c:/texlive/2022/texmf-dist/tex/generic/pdfescape/pdfescape.sty
Package: pdfescape 2019/12/09 v1.15 Implements pdfTeX's escape features (HO)
)
(c:/texlive/2022/texmf-dist/tex/latex/hycolor/hycolor.sty
Package: hycolor 2020-01-27 v1.10 Color options for hyperref/bookmark (HO)
)
(c:/texlive/2022/texmf-dist/tex/latex/letltxmacro/letltxmacro.sty
Package: letltxmacro 2019/12/03 v1.6 Let assignment for LaTeX macros (HO)
)
(c:/texlive/2022/texmf-dist/tex/latex/auxhook/auxhook.sty
Package: auxhook 2019-12-17 v1.6 Hooks for auxiliary files (HO)
)
(c:/texlive/2022/texmf-dist/tex/latex/hyperref/nameref.sty
Package: nameref 2022-05-17 v2.50 Cross-referencing by name of section

(c:/texlive/2022/texmf-dist/tex/latex/refcount/refcount.sty
Package: refcount 2019/12/15 v3.6 Data extraction from label references (HO)
)
(c:/texlive/2022/texmf-dist/tex/generic/gettitlestring/gettitlestring.sty
Package: gettitlestring 2019/12/15 v1.6 Cleanup title references (HO)

(c:/texlive/2022/texmf-dist/tex/latex/kvoptions/kvoptions.sty
Package: kvoptions 2022-06-15 v3.15 Key value format for package options (HO)
))
\c@section@level=\count295
)
\@linkdim=\dimen265
\Hy@linkcounter=\count296
\Hy@pagecounter=\count297

(c:/texlive/2022/texmf-dist/tex/latex/hyperref/pd1enc.def
File: pd1enc.def 2022-06-20 v7.00s Hyperref: PDFDocEncoding definition (HO)
)
(c:/texlive/2022/texmf-dist/tex/generic/intcalc/intcalc.sty
Package: intcalc 2019/12/15 v1.3 Expandable calculations with integers (HO)
)
(c:/texlive/2022/texmf-dist/tex/generic/etexcmds/etexcmds.sty
Package: etexcmds 2019/12/15 v1.7 Avoid name clashes with e-TeX commands (HO)
)
\Hy@SavedSpaceFactor=\count298

(c:/texlive/2022/texmf-dist/tex/latex/hyperref/puenc.def
File: puenc.def 2022-06-20 v7.00s Hyperref: PDF Unicode definition (HO)
)
Package hyperref Info: Option `bookmarks' set `true' on input line 4045.
Package hyperref Info: Option `bookmarksopen' set `true' on input line 4045.
Package hyperref Info: Option `implicit' set `false' on input line 4045.
Package hyperref Info: Hyper figures OFF on input line 4162.
Package hyperref Info: Link nesting OFF on input line 4167.
Package hyperref Info: Hyper index ON on input line 4170.
Package hyperref Info: Plain pages OFF on input line 4177.
Package hyperref Info: Backreferencing OFF on input line 4182.
Package hyperref Info: Implicit mode OFF; no redefinition of LaTeX internals.
Package hyperref Info: Bookmarks ON on input line 4408.
\c@Hy@tempcnt=\count299

(c:/texlive/2022/texmf-dist/tex/latex/url/url.sty
\Urlmuskip=\muskip16
Package: url 2013/09/16  ver 3.4  Verb mode for urls, etc.
)
LaTeX Info: Redefining \url on input line 4746.
\XeTeXLinkMargin=\dimen266

(c:/texlive/2022/texmf-dist/tex/generic/bitset/bitset.sty
Package: bitset 2019/12/09 v1.3 Handle bit-vector datatype (HO)

(c:/texlive/2022/texmf-dist/tex/generic/bigintcalc/bigintcalc.sty
Package: bigintcalc 2019/12/15 v1.5 Expandable calculations on big integers (HO
)
))
\Fld@menulength=\count300
\Field@Width=\dimen267
\Fld@charsize=\dimen268
Package hyperref Info: Hyper figures OFF on input line 6024.
Package hyperref Info: Link nesting OFF on input line 6029.
Package hyperref Info: Hyper index ON on input line 6032.
Package hyperref Info: backreferencing OFF on input line 6039.
Package hyperref Info: Link coloring OFF on input line 6044.
Package hyperref Info: Link coloring with OCG OFF on input line 6049.
Package hyperref Info: PDF/A mode OFF on input line 6054.
\Hy@abspage=\count301


Package hyperref Message: Stopped early.

)
Package hyperref Info: Driver (autodetected): hxetex.
 (c:/texlive/2022/texmf-dist/tex/latex/hyperref/hxetex.def
File: hxetex.def 2022-06-20 v7.00s Hyperref driver for XeTeX

(c:/texlive/2022/texmf-dist/tex/generic/stringenc/stringenc.sty
Package: stringenc 2019/11/29 v1.12 Convert strings between diff. encodings (HO
)
)
\pdfm@box=\box66
\c@Hy@AnnotLevel=\count302
\HyField@AnnotCount=\count303
\Fld@listcount=\count304
\c@bookmark@seq@number=\count305

(c:/texlive/2022/texmf-dist/tex/latex/rerunfilecheck/rerunfilecheck.sty
Package: rerunfilecheck 2022-07-10 v1.10 Rerun checks for auxiliary files (HO)

(c:/texlive/2022/texmf-dist/tex/latex/base/atveryend-ltx.sty
Package: atveryend-ltx 2020/08/19 v1.0a Emulation of the original atveryend pac
kage
with kernel methods
)
(c:/texlive/2022/texmf-dist/tex/generic/uniquecounter/uniquecounter.sty
Package: uniquecounter 2019/12/15 v1.4 Provide unlimited unique counter (HO)
)
Package uniquecounter Info: New unique counter `rerunfilecheck' on input line 2
85.
))
(c:/texlive/2022/texmf-dist/tex/latex/beamer/beamerbaserequires.sty
(c:/texlive/2022/texmf-dist/tex/latex/beamer/beamerbasecompatibility.sty)
(c:/texlive/2022/texmf-dist/tex/latex/beamer/beamerbasefont.sty
(c:/texlive/2022/texmf-dist/tex/latex/amsfonts/amssymb.sty
Package: amssymb 2013/01/14 v3.01 AMS font symbols

(c:/texlive/2022/texmf-dist/tex/latex/amsfonts/amsfonts.sty
Package: amsfonts 2013/01/14 v3.01 Basic AMSFonts support
\@emptytoks=\toks28
\symAMSa=\mathgroup4
\symAMSb=\mathgroup5
LaTeX Font Info:    Redeclaring math symbol \hbar on input line 98.
LaTeX Font Info:    Overwriting math alphabet `\mathfrak' in version `bold'
(Font)                  U/euf/m/n --> U/euf/b/n on input line 106.
))
(c:/texlive/2022/texmf-dist/tex/latex/sansmathaccent/sansmathaccent.sty
Package: sansmathaccent 2020/01/31

(c:/texlive/2022/texmf-dist/tex/latex/koma-script/scrlfile.sty
Package: scrlfile 2022/07/04 v3.37 KOMA-Script package (file load hooks)

(c:/texlive/2022/texmf-dist/tex/latex/koma-script/scrlfile-hook.sty
Package: scrlfile-hook 2022/07/04 v3.37 KOMA-Script package (using LaTeX hooks)


(c:/texlive/2022/texmf-dist/tex/latex/koma-script/scrlogo.sty
Package: scrlogo 2022/07/04 v3.37 KOMA-Script package (logo)
)))))
(c:/texlive/2022/texmf-dist/tex/latex/beamer/beamerbasetranslator.sty
(c:/texlive/2022/texmf-dist/tex/latex/translator/translator.sty
Package: translator 2021-05-31 v1.12d Easy translation of strings in LaTeX
))
(c:/texlive/2022/texmf-dist/tex/latex/beamer/beamerbasemisc.sty)
(c:/texlive/2022/texmf-dist/tex/latex/beamer/beamerbasetwoscreens.sty)
(c:/texlive/2022/texmf-dist/tex/latex/beamer/beamerbaseoverlay.sty
\beamer@argscount=\count306
\beamer@lastskipcover=\skip50
\beamer@trivlistdepth=\count307
)
(c:/texlive/2022/texmf-dist/tex/latex/beamer/beamerbasetitle.sty)
(c:/texlive/2022/texmf-dist/tex/latex/beamer/beamerbasesection.sty
\c@lecture=\count308
\c@part=\count309
\c@section=\count310
\c@subsection=\count311
\c@subsubsection=\count312
)
(c:/texlive/2022/texmf-dist/tex/latex/beamer/beamerbaseframe.sty
\beamer@framebox=\box67
\beamer@frametitlebox=\box68
\beamer@zoombox=\box69
\beamer@zoomcount=\count313
\beamer@zoomframecount=\count314
\beamer@frametextheight=\dimen269
\c@subsectionslide=\count315
\beamer@frametopskip=\skip51
\beamer@framebottomskip=\skip52
\beamer@frametopskipautobreak=\skip53
\beamer@framebottomskipautobreak=\skip54
\beamer@envbody=\toks29
\framewidth=\dimen270
\c@framenumber=\count316
)
(c:/texlive/2022/texmf-dist/tex/latex/beamer/beamerbaseverbatim.sty
\beamer@verbatimfileout=\write4
)
(c:/texlive/2022/texmf-dist/tex/latex/beamer/beamerbaseframesize.sty
\beamer@splitbox=\box70
\beamer@autobreakcount=\count317
\beamer@autobreaklastheight=\dimen271
\beamer@frametitletoks=\toks30
\beamer@framesubtitletoks=\toks31
)
(c:/texlive/2022/texmf-dist/tex/latex/beamer/beamerbaseframecomponents.sty
\beamer@footins=\box71
)
(c:/texlive/2022/texmf-dist/tex/latex/beamer/beamerbasecolor.sty)
(c:/texlive/2022/texmf-dist/tex/latex/beamer/beamerbasenotes.sty
\beamer@frameboxcopy=\box72
)
(c:/texlive/2022/texmf-dist/tex/latex/beamer/beamerbasetoc.sty)
(c:/texlive/2022/texmf-dist/tex/latex/beamer/beamerbasetemplates.sty
\beamer@sbttoks=\toks32

(c:/texlive/2022/texmf-dist/tex/latex/beamer/beamerbaseauxtemplates.sty
(c:/texlive/2022/texmf-dist/tex/latex/beamer/beamerbaseboxes.sty
\bmb@box=\box73
\bmb@colorbox=\box74
\bmb@boxwidth=\dimen272
\bmb@boxheight=\dimen273
\bmb@prevheight=\dimen274
\bmb@temp=\dimen275
\bmb@dima=\dimen276
\bmb@dimb=\dimen277
\bmb@prevheight=\dimen278
)
\beamer@blockheadheight=\dimen279
))
(c:/texlive/2022/texmf-dist/tex/latex/beamer/beamerbaselocalstructure.sty
(c:/texlive/2022/texmf-dist/tex/latex/tools/enumerate.sty
Package: enumerate 2015/07/23 v3.00 enumerate extensions (DPC)
\@enLab=\toks33
)
\beamer@bibiconwidth=\skip55
\c@figure=\count318
\c@table=\count319
\abovecaptionskip=\skip56
\belowcaptionskip=\skip57
)
(c:/texlive/2022/texmf-dist/tex/latex/beamer/beamerbasenavigation.sty
\beamer@section@min@dim=\dimen280
)
(c:/texlive/2022/texmf-dist/tex/latex/beamer/beamerbasetheorems.sty
(c:/texlive/2022/texmf-dist/tex/latex/amsmath/amsmath.sty
Package: amsmath 2022/04/08 v2.17n AMS math features
\@mathmargin=\skip58

For additional information on amsmath, use the `?' option.
(c:/texlive/2022/texmf-dist/tex/latex/amsmath/amstext.sty
Package: amstext 2021/08/26 v2.01 AMS text

(c:/texlive/2022/texmf-dist/tex/latex/amsmath/amsgen.sty
File: amsgen.sty 1999/11/30 v2.0 generic functions
\@emptytoks=\toks34
\ex@=\dimen281
))
(c:/texlive/2022/texmf-dist/tex/latex/amsmath/amsbsy.sty
Package: amsbsy 1999/11/29 v1.2d Bold Symbols
\pmbraise@=\dimen282
)
(c:/texlive/2022/texmf-dist/tex/latex/amsmath/amsopn.sty
Package: amsopn 2022/04/08 v2.04 operator names
)
\inf@bad=\count320
LaTeX Info: Redefining \frac on input line 234.
\uproot@=\count321
\leftroot@=\count322
LaTeX Info: Redefining \overline on input line 399.
LaTeX Info: Redefining \colon on input line 410.
\classnum@=\count323
\DOTSCASE@=\count324
LaTeX Info: Redefining \ldots on input line 496.
LaTeX Info: Redefining \dots on input line 499.
LaTeX Info: Redefining \cdots on input line 620.
\Mathstrutbox@=\box75
\strutbox@=\box76
LaTeX Info: Redefining \big on input line 722.
LaTeX Info: Redefining \Big on input line 723.
LaTeX Info: Redefining \bigg on input line 724.
LaTeX Info: Redefining \Bigg on input line 725.
\big@size=\dimen283
LaTeX Font Info:    Redeclaring font encoding OML on input line 743.
LaTeX Font Info:    Redeclaring font encoding OMS on input line 744.
\macc@depth=\count325
LaTeX Info: Redefining \bmod on input line 905.
LaTeX Info: Redefining \pmod on input line 910.
LaTeX Info: Redefining \smash on input line 940.
LaTeX Info: Redefining \relbar on input line 970.
LaTeX Info: Redefining \Relbar on input line 971.
\c@MaxMatrixCols=\count326
\dotsspace@=\muskip17
\c@parentequation=\count327
\dspbrk@lvl=\count328
\tag@help=\toks35
\row@=\count329
\column@=\count330
\maxfields@=\count331
\andhelp@=\toks36
\eqnshift@=\dimen284
\alignsep@=\dimen285
\tagshift@=\dimen286
\tagwidth@=\dimen287
\totwidth@=\dimen288
\lineht@=\dimen289
\@envbody=\toks37
\multlinegap=\skip59
\multlinetaggap=\skip60
\mathdisplay@stack=\toks38
LaTeX Info: Redefining \[ on input line 2953.
LaTeX Info: Redefining \] on input line 2954.
)
(c:/texlive/2022/texmf-dist/tex/latex/amscls/amsthm.sty
Package: amsthm 2020/05/29 v2.20.6
\thm@style=\toks39
\thm@bodyfont=\toks40
\thm@headfont=\toks41
\thm@notefont=\toks42
\thm@headpunct=\toks43
\thm@preskip=\skip61
\thm@postskip=\skip62
\thm@headsep=\skip63
\dth@everypar=\toks44
)
\c@theorem=\count332
)
(c:/texlive/2022/texmf-dist/tex/latex/beamer/beamerbasethemes.sty))
(c:/texlive/2022/texmf-dist/tex/latex/beamer/beamerthemedefault.sty
(c:/texlive/2022/texmf-dist/tex/latex/beamer/beamerfontthemedefault.sty)
(c:/texlive/2022/texmf-dist/tex/latex/beamer/beamercolorthemedefault.sty)
(c:/texlive/2022/texmf-dist/tex/latex/beamer/beamerinnerthemedefault.sty
\beamer@dima=\dimen290
\beamer@dimb=\dimen291
)
(c:/texlive/2022/texmf-dist/tex/latex/beamer/beamerouterthemedefault.sty)))
(./beamerthemetpu.sty
(c:/texlive/2022/texmf-dist/tex/latex/pgf/frontendlayer/tikz.sty
(c:/texlive/2022/texmf-dist/tex/latex/pgf/basiclayer/pgf.sty
Package: pgf 2021/05/15 v3.1.9a (3.1.9a)

(c:/texlive/2022/texmf-dist/tex/generic/pgf/modules/pgfmoduleshapes.code.tex
File: pgfmoduleshapes.code.tex 2021/05/15 v3.1.9a (3.1.9a)
\pgfnodeparttextbox=\box77
)
(c:/texlive/2022/texmf-dist/tex/generic/pgf/modules/pgfmoduleplot.code.tex
File: pgfmoduleplot.code.tex 2021/05/15 v3.1.9a (3.1.9a)
)
(c:/texlive/2022/texmf-dist/tex/latex/pgf/compatibility/pgfcomp-version-0-65.st
y
Package: pgfcomp-version-0-65 2021/05/15 v3.1.9a (3.1.9a)
\pgf@nodesepstart=\dimen292
\pgf@nodesepend=\dimen293
)
(c:/texlive/2022/texmf-dist/tex/latex/pgf/compatibility/pgfcomp-version-1-18.st
y
Package: pgfcomp-version-1-18 2021/05/15 v3.1.9a (3.1.9a)
)) (c:/texlive/2022/texmf-dist/tex/latex/pgf/utilities/pgffor.sty
(c:/texlive/2022/texmf-dist/tex/generic/pgf/utilities/pgffor.code.tex
Package: pgffor 2021/05/15 v3.1.9a (3.1.9a)

(c:/texlive/2022/texmf-dist/tex/generic/pgf/math/pgfmath.code.tex)
\pgffor@iter=\dimen294
\pgffor@skip=\dimen295
\pgffor@stack=\toks45
\pgffor@toks=\toks46
))
(c:/texlive/2022/texmf-dist/tex/generic/pgf/frontendlayer/tikz/tikz.code.tex
Package: tikz 2021/05/15 v3.1.9a (3.1.9a)

(c:/texlive/2022/texmf-dist/tex/generic/pgf/libraries/pgflibraryplothandlers.co
de.tex
File: pgflibraryplothandlers.code.tex 2021/05/15 v3.1.9a (3.1.9a)
\pgf@plot@mark@count=\count333
\pgfplotmarksize=\dimen296
)
\tikz@lastx=\dimen297
\tikz@lasty=\dimen298
\tikz@lastxsaved=\dimen299
\tikz@lastysaved=\dimen300
\tikz@lastmovetox=\dimen301
\tikz@lastmovetoy=\dimen302
\tikzleveldistance=\dimen303
\tikzsiblingdistance=\dimen304
\tikz@figbox=\box78
\tikz@figbox@bg=\box79
\tikz@tempbox=\box80
\tikz@tempbox@bg=\box81
\tikztreelevel=\count334
\tikznumberofchildren=\count335
\tikznumberofcurrentchild=\count336
\tikz@fig@count=\count337

(c:/texlive/2022/texmf-dist/tex/generic/pgf/modules/pgfmodulematrix.code.tex
File: pgfmodulematrix.code.tex 2021/05/15 v3.1.9a (3.1.9a)
\pgfmatrixcurrentrow=\count338
\pgfmatrixcurrentcolumn=\count339
\pgf@matrix@numberofcolumns=\count340
)
\tikz@expandcount=\count341

(c:/texlive/2022/texmf-dist/tex/generic/pgf/frontendlayer/tikz/libraries/tikzli
brarytopaths.code.tex
File: tikzlibrarytopaths.code.tex 2021/05/15 v3.1.9a (3.1.9a)
)))
(c:/texlive/2022/texmf-dist/tex/latex/tcolorbox/tcolorbox.sty
Package: tcolorbox 2022/06/24 version 5.1.1 text color boxes

(c:/texlive/2022/texmf-dist/tex/latex/tools/verbatim.sty
Package: verbatim 2020-07-07 v1.5u LaTeX2e package for verbatim enhancements
\every@verbatim=\toks47
\verbatim@line=\toks48
\verbatim@in@stream=\read3
)
(c:/texlive/2022/texmf-dist/tex/latex/environ/environ.sty
Package: environ 2014/05/04 v0.3 A new way to define environments

(c:/texlive/2022/texmf-dist/tex/latex/trimspaces/trimspaces.sty
Package: trimspaces 2009/09/17 v1.1 Trim spaces around a token list
))
\tcb@titlebox=\box82
\tcb@upperbox=\box83
\tcb@lowerbox=\box84
\tcb@phantombox=\box85
\c@tcbbreakpart=\count342
\c@tcblayer=\count343
\c@tcolorbox@number=\count344
\tcb@temp=\box86
\tcb@temp=\box87
\tcb@temp=\box88
\tcb@temp=\box89

(c:/texlive/2022/texmf-dist/tex/latex/tcolorbox/tcbskins.code.tex
Library (tcolorbox): 'tcbskins.code.tex' version '5.1.1'
\tcb@waterbox=\box90
(c:/texlive/2022/texmf-dist/tex/latex/tcolorbox/tcbskinsjigsaw.code.tex
Library (tcolorbox): 'tcbskinsjigsaw.code.tex' version '5.1.1'
))) (./beamerinnerthemetpu.sty) (./beamerouterthemetpu.sty)
(./beamercolorthemetpu.sty) (./beamerfontthemetpu.sty))
(c:/texlive/2022/texmf-dist/tex/generic/babel/babel.sty
Package: babel 2022/08/29 3.79 The Babel package
\babel@savecnt=\count345
\U@D=\dimen305
\l@unhyphenated=\language87

(c:/texlive/2022/texmf-dist/tex/generic/babel/xebabel.def
(c:/texlive/2022/texmf-dist/tex/generic/babel/txtbabel.def))
\bbl@readstream=\read4
LaTeX Info: Redefining \textlatin on input line 4079.
\bbl@dirlevel=\count346

(c:/texlive/2022/texmf-dist/tex/generic/babel-russian/russianb.ldf
File: russianb.ldf 2021/01/10 1.3m Russian support for the Babel system
Language: russian 2020/09/09 1.3k Russian support for the Babel system
Package babel Info: Making " an active character on input line 124.
Package babel Info: Default for \cyrdash is provided on input line 163.
))
(c:/texlive/2022/texmf-dist/tex/generic/babel/locale/ru/babel-russian.tex
Package babel Info: Importing font and identification data for russian
(babel)             from babel-ru.ini. Reported on input line 11.
)
(c:/texlive/2022/texmf-dist/tex/latex/base/inputenc.sty
Package: inputenc 2021/02/14 v1.3d Input encoding file
\inpenc@prehook=\toks49
\inpenc@posthook=\toks50


Package inputenc Warning: inputenc package ignored with utf8 based engines.

) (c:/texlive/2022/texmf-dist/tex/latex/base/fontenc.sty
Package: fontenc 2021/04/29 v2.0v Standard LaTeX package

(c:/texlive/2022/texmf-dist/tex/latex/cyrillic/t2aenc.def
File: t2aenc.def 2022/06/11 v1.0j Cyrillic encoding definition file
)
LaTeX Font Info:    Trying to load font information for T2A+lmss on input line 
112.
LaTeX Font Info:    No file T2Almss.fd. on input line 112.
LaTeX Font Info:    Trying to load font information for T2A+cmr on input line 1
12.

(c:/texlive/2022/texmf-dist/tex/latex/cyrillic/t2acmr.fd
File: t2acmr.fd 2001/08/11 v1.0a Computer Modern Cyrillic font definitions
)

LaTeX Font Warning: Font shape `T2A/lmss/m/n' undefined
(Font)              using `T2A/cmr/m/n' instead on input line 112.

) (c:/texlive/2022/texmf-dist/tex/latex/fontspec/fontspec.sty
(c:/texlive/2022/texmf-dist/tex/latex/l3packages/xparse/xparse.sty
(c:/texlive/2022/texmf-dist/tex/latex/l3kernel/expl3.sty
Package: expl3 2022-08-23 L3 programming layer (loader) 

(c:/texlive/2022/texmf-dist/tex/latex/l3backend/l3backend-xetex.def
File: l3backend-xetex.def 2022-08-23 L3 backend support: XeTeX
\g__graphics_track_int=\count347
\l__pdf_internal_box=\box91
\g__pdf_backend_object_int=\count348
\g__pdf_backend_annotation_int=\count349
\g__pdf_backend_link_int=\count350
))
Package: xparse 2022-06-22 L3 Experimental document command parser
)
Package: fontspec 2022/01/15 v2.8a Font selection for XeLaTeX and LuaLaTeX

(c:/texlive/2022/texmf-dist/tex/latex/fontspec/fontspec-xetex.sty
Package: fontspec-xetex 2022/01/15 v2.8a Font selection for XeLaTeX and LuaLaTe
X
\l__fontspec_script_int=\count351
\l__fontspec_language_int=\count352
\l__fontspec_strnum_int=\count353
\l__fontspec_tmp_int=\count354
\l__fontspec_tmpa_int=\count355
\l__fontspec_tmpb_int=\count356
\l__fontspec_tmpc_int=\count357
\l__fontspec_em_int=\count358
\l__fontspec_emdef_int=\count359
\l__fontspec_strong_int=\count360
\l__fontspec_strongdef_int=\count361
\l__fontspec_tmpa_dim=\dimen306
\l__fontspec_tmpb_dim=\dimen307
\l__fontspec_tmpc_dim=\dimen308

(c:/texlive/2022/texmf-dist/tex/latex/base/fontenc.sty
Package: fontenc 2021/04/29 v2.0v Standard LaTeX package
)
(c:/texlive/2022/texmf-dist/tex/latex/fontspec/fontspec.cfg)))

Package fontspec Info: Font family 'Brygada1918(0)' created for font
(fontspec)             'Brygada1918' with options
(fontspec)             [Ligatures=TeX,Path=./fonts/BrygadaFontFiles/,Extension
(fontspec)             =
(fontspec)             .ttf,UprightFont=*-Regular,BoldFont=*-Bold,ItalicFont=*-
Italic,BoldItalicFont=*-BoldItalic].
(fontspec)              
(fontspec)              This font family consists of the following NFSS
(fontspec)             series/shapes:
(fontspec)              
(fontspec)             - 'normal' (m/n) with NFSS spec.:
(fontspec)             <->"[./fonts/BrygadaFontFiles/Brygada1918-Regular.ttf]/O
T:script=latn;language=dflt;mapping=tex-text;"
(fontspec)             - 'small caps'  (m/sc) with NFSS spec.:
(fontspec)             <->"[./fonts/BrygadaFontFiles/Brygada1918-Regular.ttf]/O
T:script=latn;language=dflt;+smcp;mapping=tex-text;"
(fontspec)             - 'bold' (b/n) with NFSS spec.:
(fontspec)             <->"[./fonts/BrygadaFontFiles/Brygada1918-Bold.ttf]/OT:s
cript=latn;language=dflt;mapping=tex-text;"
(fontspec)             - 'bold small caps'  (b/sc) with NFSS spec.:
(fontspec)             <->"[./fonts/BrygadaFontFiles/Brygada1918-Bold.ttf]/OT:s
cript=latn;language=dflt;+smcp;mapping=tex-text;"
(fontspec)             - 'italic' (m/it) with NFSS spec.:
(fontspec)             <->"[./fonts/BrygadaFontFiles/Brygada1918-Italic.ttf]/OT
:script=latn;language=dflt;mapping=tex-text;"
(fontspec)             - 'italic small caps'  (m/scit) with NFSS spec.:
(fontspec)             <->"[./fonts/BrygadaFontFiles/Brygada1918-Italic.ttf]/OT
:script=latn;language=dflt;+smcp;mapping=tex-text;"
(fontspec)             - 'bold italic' (b/it) with NFSS spec.:
(fontspec)             <->"[./fonts/BrygadaFontFiles/Brygada1918-BoldItalic.ttf
]/OT:script=latn;language=dflt;mapping=tex-text;"
(fontspec)             - 'bold italic small caps'  (b/scit) with NFSS spec.:
(fontspec)             <->"[./fonts/BrygadaFontFiles/Brygada1918-BoldItalic.ttf
]/OT:script=latn;language=dflt;+smcp;mapping=tex-text;"


Package fontspec Info: Font family 'ALSSirius(0)' created for font 'ALSSirius'
(fontspec)             with options
(fontspec)             [Ligatures=TeX,Path=./fonts/ALSSiriusFiles/,Extension =
(fontspec)             .otf,UprightFont=*-Regular,BoldFont=*-Bold].
(fontspec)              
(fontspec)              This font family consists of the following NFSS
(fontspec)             series/shapes:
(fontspec)              
(fontspec)             - 'normal' (m/n) with NFSS spec.:
(fontspec)             <->"[./fonts/ALSSiriusFiles/ALSSirius-Regular.otf]/OT:sc
ript=latn;language=dflt;mapping=tex-text;"
(fontspec)             - 'small caps'  (m/sc) with NFSS spec.: 
(fontspec)             - 'bold' (b/n) with NFSS spec.:
(fontspec)             <->"[./fonts/ALSSiriusFiles/ALSSirius-Bold.otf]/OT:scrip
t=latn;language=dflt;mapping=tex-text;"
(fontspec)             - 'bold small caps'  (b/sc) with NFSS spec.: 


Package fontspec Info: Font family 'Consolas(0)' created for font 'Consolas'
(fontspec)             with options
(fontspec)             [WordSpace={1,0,0},HyphenChar=None,PunctuationSpace=Word
Space,Path=./fonts/ConsolasFontFiles/,Extension
(fontspec)             =
(fontspec)             .ttf,UprightFont=*-Regular,BoldFont=*-Bold,ItalicFont=*-
Italic,BoldItalicFont=*-BoldItalic].
(fontspec)              
(fontspec)              This font family consists of the following NFSS
(fontspec)             series/shapes:
(fontspec)              
(fontspec)             - 'normal' (m/n) with NFSS spec.:
(fontspec)             <->"[./fonts/ConsolasFontFiles/Consolas-Regular.ttf]/OT:
script=latn;language=dflt;"
(fontspec)             - 'small caps'  (m/sc) with NFSS spec.: 
(fontspec)             and font adjustment code:
(fontspec)             \fontdimen 2\font =1\fontdimen 2\font \fontdimen 3\font
(fontspec)             =0\fontdimen 3\font \fontdimen 4\font =0\fontdimen
(fontspec)             4\font \fontdimen 7\font =0\fontdimen 2\font
(fontspec)             \tex_hyphenchar:D \font =-1\scan_stop: 
(fontspec)             - 'bold' (b/n) with NFSS spec.:
(fontspec)             <->"[./fonts/ConsolasFontFiles/Consolas-Bold.ttf]/OT:scr
ipt=latn;language=dflt;"
(fontspec)             - 'bold small caps'  (b/sc) with NFSS spec.: 
(fontspec)             and font adjustment code:
(fontspec)             \fontdimen 2\font =1\fontdimen 2\font \fontdimen 3\font
(fontspec)             =0\fontdimen 3\font \fontdimen 4\font =0\fontdimen
(fontspec)             4\font \fontdimen 7\font =0\fontdimen 2\font
(fontspec)             \tex_hyphenchar:D \font =-1\scan_stop: 
(fontspec)             - 'italic' (m/it) with NFSS spec.:
(fontspec)             <->"[./fonts/ConsolasFontFiles/Consolas-Italic.ttf]/OT:s
cript=latn;language=dflt;"
(fontspec)             - 'italic small caps'  (m/scit) with NFSS spec.: 
(fontspec)             and font adjustment code:
(fontspec)             \fontdimen 2\font =1\fontdimen 2\font \fontdimen 3\font
(fontspec)             =0\fontdimen 3\font \fontdimen 4\font =0\fontdimen
(fontspec)             4\font \fontdimen 7\font =0\fontdimen 2\font
(fontspec)             \tex_hyphenchar:D \font =-1\scan_stop: 
(fontspec)             - 'bold italic' (b/it) with NFSS spec.:
(fontspec)             <->"[./fonts/ConsolasFontFiles/Consolas-BoldItalic.ttf]/
OT:script=latn;language=dflt;"
(fontspec)             - 'bold italic small caps'  (b/scit) with NFSS spec.: 
(fontspec)             and font adjustment code:
(fontspec)             \fontdimen 2\font =1\fontdimen 2\font \fontdimen 3\font
(fontspec)             =0\fontdimen 3\font \fontdimen 4\font =0\fontdimen
(fontspec)             4\font \fontdimen 7\font =0\fontdimen 2\font
(fontspec)             \tex_hyphenchar:D \font =-1\scan_stop: 


(c:/texlive/2022/texmf-dist/tex/latex/minted/minted.sty
Package: minted 2021/12/24 v2.6 Yet another Pygments shim for LaTeX

(c:/texlive/2022/texmf-dist/tex/latex/fvextra/fvextra.sty
Package: fvextra 2019/02/04 v1.4 fvextra - extensions and patches for fancyvrb

(c:/texlive/2022/texmf-dist/tex/latex/base/ifthen.sty
Package: ifthen 2022/04/13 v1.1d Standard LaTeX ifthen package (DPC)
)
(c:/texlive/2022/texmf-dist/tex/latex/fancyvrb/fancyvrb.sty
Package: fancyvrb 2022/06/06 4.5 verbatim text (tvz,hv)
\FV@CodeLineNo=\count362
\FV@InFile=\read5
\FV@TabBox=\box92
\c@FancyVerbLine=\count363
\FV@StepNumber=\count364
\FV@OutFile=\write5
)
(c:/texlive/2022/texmf-dist/tex/latex/upquote/upquote.sty
Package: upquote 2012/04/19 v1.3 upright-quote and grave-accent glyphs in verba
tim

(c:/texlive/2022/texmf-dist/tex/latex/base/textcomp.sty
Package: textcomp 2020/02/02 v2.0n Standard LaTeX package
))
(c:/texlive/2022/texmf-dist/tex/latex/lineno/lineno.sty
Package: lineno 2005/11/02 line numbers on paragraphs v4.41
Invalid UTF-8 byte or sequence at line 296 replaced by U+FFFD.
\linenopenalty=\count365
\output=\toks51
\linenoprevgraf=\count366
\linenumbersep=\dimen309
\linenumberwidth=\dimen310
\c@linenumber=\count367
\c@pagewiselinenumber=\count368
\c@LN@truepage=\count369
\c@internallinenumber=\count370
\c@internallinenumbers=\count371
\quotelinenumbersep=\dimen311
\bframerule=\dimen312
\bframesep=\dimen313
\bframebox=\box93
LaTeX Info: Redefining \\ on input line 3056.
)
\c@FV@TrueTabGroupLevel=\count372
\c@FV@TrueTabCounter=\count373
\FV@TabBox@Group=\box94
\FV@TmpLength=\skip64
\c@FV@HighlightLinesStart=\count374
\c@FV@HighlightLinesStop=\count375
\FV@LoopCount=\count376
\FV@NCharsBox=\box95
\FV@BreakIndent=\dimen314
\FV@BreakIndentNChars=\count377
\FV@BreakSymbolSepLeft=\dimen315
\FV@BreakSymbolSepLeftNChars=\count378
\FV@BreakSymbolSepRight=\dimen316
\FV@BreakSymbolSepRightNChars=\count379
\FV@BreakSymbolIndentLeft=\dimen317
\FV@BreakSymbolIndentLeftNChars=\count380
\FV@BreakSymbolIndentRight=\dimen318
\FV@BreakSymbolIndentRightNChars=\count381
\c@FancyVerbLineBreakLast=\count382
\FV@LineBox=\box96
\FV@LineIndentBox=\box97
\FV@LineWidth=\dimen319
)
(c:/texlive/2022/texmf-dist/tex/latex/tools/calc.sty
Package: calc 2017/05/25 v4.3 Infix arithmetic (KKT,FJ)
\calc@Acount=\count383
\calc@Bcount=\count384
\calc@Adimen=\dimen320
\calc@Bdimen=\dimen321
\calc@Askip=\skip65
\calc@Bskip=\skip66
LaTeX Info: Redefining \setlength on input line 80.
LaTeX Info: Redefining \addtolength on input line 81.
\calc@Ccount=\count385
\calc@Cskip=\skip67
)
(c:/texlive/2022/texmf-dist/tex/latex/tools/shellesc.sty
Package: shellesc 2019/11/08 v1.0c unified shell escape interface for LaTeX
Package shellesc Info: Unrestricted shell escape enabled on input line 75.
)
(c:/texlive/2022/texmf-dist/tex/latex/ifplatform/ifplatform.sty
Package: ifplatform 2017/10/13 v0.4a Testing for the operating system

(c:/texlive/2022/texmf-dist/tex/generic/catchfile/catchfile.sty
Package: catchfile 2019/12/09 v1.8 Catch the contents of a file (HO)
)
(c:/texlive/2022/texmf-dist/tex/generic/iftex/ifluatex.sty
Package: ifluatex 2019/10/25 v1.5 ifluatex legacy package. Use iftex instead.
))
(c:/texlive/2022/texmf-dist/tex/generic/xstring/xstring.sty
(c:/texlive/2022/texmf-dist/tex/generic/xstring/xstring.tex
\integerpart=\count386
\decimalpart=\count387
)
Package: xstring 2021/07/21 v1.84 String manipulations (CT)
)
(c:/texlive/2022/texmf-dist/tex/latex/framed/framed.sty
Package: framed 2011/10/22 v 0.96: framed or shaded text with page breaks
\OuterFrameSep=\skip68
\fb@frw=\dimen322
\fb@frh=\dimen323
\FrameRule=\dimen324
\FrameSep=\dimen325
)
(c:/texlive/2022/texmf-dist/tex/latex/float/float.sty
Package: float 2001/11/08 v1.3d Float enhancements (AL)
\c@float@type=\count388
\float@exts=\toks52
\float@box=\box98
\@float@everytoks=\toks53
\@floatcapt=\box99
)
\minted@appexistsfile=\read6
\minted@bgbox=\box100
\minted@code=\write6
\c@minted@FancyVerbLineTemp=\count389
\c@minted@pygmentizecounter=\count390
\@float@every@listing=\toks54
\c@listing=\count391
)
(c:/texlive/2022/texmf-dist/tex/latex/booktabs/booktabs.sty
Package: booktabs 2020/01/12 v1.61803398 Publication quality tables
\heavyrulewidth=\dimen326
\lightrulewidth=\dimen327
\cmidrulewidth=\dimen328
\belowrulesep=\dimen329
\belowbottomsep=\dimen330
\aboverulesep=\dimen331
\abovetopsep=\dimen332
\cmidrulesep=\dimen333
\cmidrulekern=\dimen334
\defaultaddspace=\dimen335
\@cmidla=\count392
\@cmidlb=\count393
\@aboverulesep=\dimen336
\@belowrulesep=\dimen337
\@thisruleclass=\count394
\@lastruleclass=\count395
\@thisrulewidth=\dimen338
)
(c:/texlive/2022/texmf-dist/tex/latex/tools/multicol.sty
Package: multicol 2021/11/30 v1.9d multicolumn formatting (FMi)
\c@tracingmulticols=\count396
\mult@box=\box101
\multicol@leftmargin=\dimen339
\c@unbalance=\count397
\c@collectmore=\count398
\doublecol@number=\count399
\multicoltolerance=\count400
\multicolpretolerance=\count401
\full@width=\dimen340
\page@free=\dimen341
\premulticols=\dimen342
\postmulticols=\dimen343
\multicolsep=\skip69
\multicolbaselineskip=\skip70
\partial@page=\box102
\last@line=\box103
\maxbalancingoverflow=\dimen344
\mult@rightbox=\box104
\mult@grightbox=\box105
\mult@firstbox=\box106
\mult@gfirstbox=\box107
\@tempa=\box108
\@tempa=\box109
\@tempa=\box110
\@tempa=\box111
\@tempa=\box112
\@tempa=\box113
\@tempa=\box114
\@tempa=\box115
\@tempa=\box116
\@tempa=\box117
\@tempa=\box118
\@tempa=\box119
\@tempa=\box120
\@tempa=\box121
\@tempa=\box122
\@tempa=\box123
\@tempa=\box124
\@tempa=\box125
\@tempa=\box126
\@tempa=\box127
\@tempa=\box128
\@tempa=\box129
\@tempa=\box130
\@tempa=\box131
\@tempa=\box132
\@tempa=\box133
\@tempa=\box134
\@tempa=\box135
\@tempa=\box136
\@tempa=\box137
\@tempa=\box138
\@tempa=\box139
\@tempa=\box140
\@tempa=\box141
\@tempa=\box142
\@tempa=\box143
\c@minrows=\count402
\c@columnbadness=\count403
\c@finalcolumnbadness=\count404
\last@try=\dimen345
\multicolovershoot=\dimen346
\multicolundershoot=\dimen347
\mult@nat@firstbox=\box144
\colbreak@box=\box145
\mc@col@check@num=\count405
)
(c:/texlive/2022/texmf-dist/tex/latex/wrapfig/wrapfig.sty
\wrapoverhang=\dimen348
\WF@size=\dimen349
\c@WF@wrappedlines=\count406
\WF@box=\box146
\WF@everypar=\toks55
Package: wrapfig 2003/01/31  v 3.6
)
(c:/texlive/2022/texmf-dist/tex/latex/ragged2e/ragged2e.sty
Package: ragged2e 2021/12/15 v3.1 ragged2e Package
\CenteringLeftskip=\skip71
\RaggedLeftLeftskip=\skip72
\RaggedRightLeftskip=\skip73
\CenteringRightskip=\skip74
\RaggedLeftRightskip=\skip75
\RaggedRightRightskip=\skip76
\CenteringParfillskip=\skip77
\RaggedLeftParfillskip=\skip78
\RaggedRightParfillskip=\skip79
\JustifyingParfillskip=\skip80
\CenteringParindent=\skip81
\RaggedLeftParindent=\skip82
\RaggedRightParindent=\skip83
\JustifyingParindent=\skip84
)
(c:/texlive/2022/texmf-dist/tex/latex/caption/caption.sty
Package: caption 2022/03/01 v3.6b Customizing captions (AR)

(c:/texlive/2022/texmf-dist/tex/latex/caption/caption3.sty
Package: caption3 2022/03/17 v2.3b caption3 kernel (AR)
\caption@tempdima=\dimen350
\captionmargin=\dimen351
\caption@leftmargin=\dimen352
\caption@rightmargin=\dimen353
\caption@width=\dimen354
\caption@indent=\dimen355
\caption@parindent=\dimen356
\caption@hangindent=\dimen357
Package caption Info: beamer document class detected.

(c:/texlive/2022/texmf-dist/tex/latex/caption/caption-beamer.sto
File: caption-beamer.sto 2022/01/06 v2.0c Adaption of the caption package to th
e beamer document classes (AR)
))
\c@caption@flags=\count407
\c@continuedfloat=\count408
Package caption Info: float package is loaded.
Package caption Info: hyperref package is loaded.
Package caption Info: Hyperref support is turned off
(caption)             because hyperref has stopped early.
Package caption Info: wrapfig package is loaded.
)

Package hyperref Warning: Token not allowed in a PDF string (Unicode):
(hyperref)                removing `\\' on input line 119.

runsystem(for ^%i in (pygmentize.exe pygmentize.bat pygmentize.cmd) do set > LB
-02.aex <nul: /p x=^%~$PATH:i>> LB-02.aex)...executed.

runsystem(del LB-02.aex)...executed.

(./LB-02.aux)
\openout1 = `LB-02.aux'.

LaTeX Font Info:    Checking defaults for OML/cmm/m/it on input line 122.
LaTeX Font Info:    ... okay on input line 122.
LaTeX Font Info:    Checking defaults for OMS/cmsy/m/n on input line 122.
LaTeX Font Info:    ... okay on input line 122.
LaTeX Font Info:    Checking defaults for OT1/cmr/m/n on input line 122.
LaTeX Font Info:    ... okay on input line 122.
LaTeX Font Info:    Checking defaults for T1/cmr/m/n on input line 122.
LaTeX Font Info:    ... okay on input line 122.
LaTeX Font Info:    Checking defaults for TS1/cmr/m/n on input line 122.
LaTeX Font Info:    Trying to load font information for TS1+cmr on input line 1
22.
 (c:/texlive/2022/texmf-dist/tex/latex/base/ts1cmr.fd
File: ts1cmr.fd 2019/12/16 v2.5j Standard LaTeX font definitions
)
LaTeX Font Info:    ... okay on input line 122.
LaTeX Font Info:    Checking defaults for TU/lmr/m/n on input line 122.
LaTeX Font Info:    ... okay on input line 122.
LaTeX Font Info:    Checking defaults for OMX/cmex/m/n on input line 122.
LaTeX Font Info:    ... okay on input line 122.
LaTeX Font Info:    Checking defaults for U/cmr/m/n on input line 122.
LaTeX Font Info:    ... okay on input line 122.
LaTeX Font Info:    Checking defaults for PD1/pdf/m/n on input line 122.
LaTeX Font Info:    ... okay on input line 122.
LaTeX Font Info:    Checking defaults for PU/pdf/m/n on input line 122.
LaTeX Font Info:    ... okay on input line 122.
LaTeX Font Info:    Checking defaults for T2A/cmr/m/n on input line 122.
LaTeX Font Info:    ... okay on input line 122.

*geometry* driver: auto-detecting
*geometry* detected driver: xetex
*geometry* verbose mode - [ preamble ] result:
* driver: xetex
* paper: custom
* layout: <same size as paper>
* layoutoffset:(h,v)=(0.0pt,0.0pt)
* modes: includehead includefoot 
* h-part:(L,W,R)=(36.42035pt, 386.95332pt, 31.8704pt)
* v-part:(T,H,B)=(0.0pt, 256.0748pt, 0.0pt)
* \paperwidth=455.24408pt
* \paperheight=256.0748pt
* \textwidth=386.95332pt
* \textheight=227.62207pt
* \oddsidemargin=-35.84964pt
* \evensidemargin=-35.84964pt
* \topmargin=-72.26999pt
* \headheight=14.22636pt
* \headsep=0.0pt
* \topskip=11.0pt
* \footskip=14.22636pt
* \marginparwidth=4.0pt
* \marginparsep=10.0pt
* \columnsep=10.0pt
* \skip\footins=10.0pt plus 4.0pt minus 2.0pt
* \hoffset=0.0pt
* \voffset=0.0pt
* \mag=1000
* \@twocolumnfalse
* \@twosidefalse
* \@mparswitchfalse
* \@reversemarginfalse
* (1in=72.27pt=25.4mm, 1cm=28.453pt)

Package hyperref Info: Link coloring OFF on input line 122.
(./LB-02.out) (./LB-02.out)
\@outlinefile=\write7
\openout7 = `LB-02.out'.

LaTeX Font Info:    Overwriting symbol font `operators' in version `normal'
(Font)                  OT1/cmr/m/n --> OT1/cmss/m/n on input line 122.
LaTeX Font Info:    Overwriting symbol font `operators' in version `bold'
(Font)                  OT1/cmr/bx/n --> OT1/cmss/b/n on input line 122.
\symnumbers=\mathgroup6
\sympureletters=\mathgroup7
LaTeX Font Info:    Overwriting math alphabet `\mathrm' in version `normal'
(Font)                  OT1/cmss/m/n --> TU/Brygada1918(0)/m/n on input line 12
2.
LaTeX Font Info:    Redeclaring math alphabet \mathbf on input line 122.
LaTeX Font Info:    Overwriting math alphabet `\mathbf' in version `normal'
(Font)                  OT1/cmr/bx/n --> TU/ALSSirius(0)/b/n on input line 122.

LaTeX Font Info:    Overwriting math alphabet `\mathbf' in version `bold'
(Font)                  OT1/cmr/bx/n --> TU/ALSSirius(0)/b/n on input line 122.

LaTeX Font Info:    Redeclaring math alphabet \mathsf on input line 122.
LaTeX Font Info:    Overwriting math alphabet `\mathsf' in version `normal'
(Font)                  OT1/cmss/m/n --> TU/ALSSirius(0)/m/n on input line 122.

LaTeX Font Info:    Overwriting math alphabet `\mathsf' in version `bold'
(Font)                  OT1/cmss/bx/n --> TU/ALSSirius(0)/m/n on input line 122
.
LaTeX Font Info:    Redeclaring math alphabet \mathit on input line 122.
LaTeX Font Info:    Overwriting math alphabet `\mathit' in version `normal'
(Font)                  OT1/cmr/m/it --> TU/ALSSirius(0)/m/it on input line 122
.
LaTeX Font Info:    Overwriting math alphabet `\mathit' in version `bold'
(Font)                  OT1/cmr/bx/it --> TU/ALSSirius(0)/m/it on input line 12
2.
LaTeX Font Info:    Redeclaring math alphabet \mathtt on input line 122.
LaTeX Font Info:    Overwriting math alphabet `\mathtt' in version `normal'
(Font)                  OT1/cmtt/m/n --> TU/Consolas(0)/m/n on input line 122.
LaTeX Font Info:    Overwriting math alphabet `\mathtt' in version `bold'
(Font)                  OT1/cmtt/m/n --> TU/Consolas(0)/m/n on input line 122.
LaTeX Font Info:    Overwriting symbol font `numbers' in version `bold'
(Font)                  TU/ALSSirius(0)/m/n --> TU/ALSSirius(0)/b/n on input li
ne 122.
LaTeX Font Info:    Overwriting symbol font `pureletters' in version `bold'
(Font)                  TU/ALSSirius(0)/m/it --> TU/ALSSirius(0)/b/it on input 
line 122.
LaTeX Font Info:    Overwriting math alphabet `\mathrm' in version `bold'
(Font)                  OT1/cmss/b/n --> TU/Brygada1918(0)/b/n on input line 12
2.
LaTeX Font Info:    Overwriting math alphabet `\mathbf' in version `bold'
(Font)                  TU/ALSSirius(0)/b/n --> TU/ALSSirius(0)/b/n on input li
ne 122.
LaTeX Font Info:    Overwriting math alphabet `\mathsf' in version `bold'
(Font)                  TU/ALSSirius(0)/m/n --> TU/ALSSirius(0)/b/n on input li
ne 122.
LaTeX Font Info:    Overwriting math alphabet `\mathit' in version `bold'
(Font)                  TU/ALSSirius(0)/m/it --> TU/ALSSirius(0)/b/it on input 
line 122.
LaTeX Font Info:    Overwriting math alphabet `\mathtt' in version `bold'
(Font)                  TU/Consolas(0)/m/n --> TU/Consolas(0)/b/n on input line
 122.

(c:/texlive/2022/texmf-dist/tex/latex/translator/translator-basic-dictionary-En
glish.dict
Dictionary: translator-basic-dictionary, Language: English 
)
(c:/texlive/2022/texmf-dist/tex/latex/translator/translator-bibliography-dictio
nary-English.dict
Dictionary: translator-bibliography-dictionary, Language: English 
)
(c:/texlive/2022/texmf-dist/tex/latex/translator/translator-environment-diction
ary-English.dict
Dictionary: translator-environment-dictionary, Language: English 
)
(c:/texlive/2022/texmf-dist/tex/latex/translator/translator-months-dictionary-E
nglish.dict
Dictionary: translator-months-dictionary, Language: English 
)
(c:/texlive/2022/texmf-dist/tex/latex/translator/translator-numbers-dictionary-
English.dict
Dictionary: translator-numbers-dictionary, Language: English 
)
(c:/texlive/2022/texmf-dist/tex/latex/translator/translator-theorem-dictionary-
English.dict
Dictionary: translator-theorem-dictionary, Language: English 
)
LaTeX Info: Redefining \th on input line 122.

Package fontspec Info: Adjusting the maths setup (use [no-math] to avoid
(fontspec)             this).

\symlegacymaths=\mathgroup8
LaTeX Font Info:    Overwriting symbol font `legacymaths' in version `bold'
(Font)                  OT1/cmr/m/n --> OT1/cmr/bx/n on input line 122.
LaTeX Font Info:    Redeclaring math accent \acute on input line 122.
LaTeX Font Info:    Redeclaring math accent \grave on input line 122.
LaTeX Font Info:    Redeclaring math accent \ddot on input line 122.
LaTeX Font Info:    Redeclaring math accent \tilde on input line 122.
LaTeX Font Info:    Redeclaring math accent \bar on input line 122.
LaTeX Font Info:    Redeclaring math accent \breve on input line 122.
LaTeX Font Info:    Redeclaring math accent \check on input line 122.
LaTeX Font Info:    Redeclaring math accent \hat on input line 122.
LaTeX Font Info:    Redeclaring math accent \dot on input line 122.
LaTeX Font Info:    Redeclaring math accent \mathring on input line 122.
LaTeX Font Info:    Redeclaring math symbol \Gamma on input line 122.
LaTeX Font Info:    Redeclaring math symbol \Delta on input line 122.
LaTeX Font Info:    Redeclaring math symbol \Theta on input line 122.
LaTeX Font Info:    Redeclaring math symbol \Lambda on input line 122.
LaTeX Font Info:    Redeclaring math symbol \Xi on input line 122.
LaTeX Font Info:    Redeclaring math symbol \Pi on input line 122.
LaTeX Font Info:    Redeclaring math symbol \Sigma on input line 122.
LaTeX Font Info:    Redeclaring math symbol \Upsilon on input line 122.
LaTeX Font Info:    Redeclaring math symbol \Phi on input line 122.
LaTeX Font Info:    Redeclaring math symbol \Psi on input line 122.
LaTeX Font Info:    Redeclaring math symbol \Omega on input line 122.
LaTeX Font Info:    Redeclaring math symbol \mathdollar on input line 122.
LaTeX Font Info:    Redeclaring symbol font `operators' on input line 122.
LaTeX Font Info:    Encoding `OT1' has changed to `TU' for symbol font
(Font)              `operators' in the math version `normal' on input line 122.

LaTeX Font Info:    Overwriting symbol font `operators' in version `normal'
(Font)                  OT1/cmss/m/n --> TU/Brygada1918(0)/m/n on input line 12
2.
LaTeX Font Info:    Encoding `OT1' has changed to `TU' for symbol font
(Font)              `operators' in the math version `bold' on input line 122.
LaTeX Font Info:    Overwriting symbol font `operators' in version `bold'
(Font)                  OT1/cmss/b/n --> TU/Brygada1918(0)/m/n on input line 12
2.
LaTeX Font Info:    Overwriting symbol font `operators' in version `normal'
(Font)                  TU/Brygada1918(0)/m/n --> TU/Brygada1918(0)/m/n on inpu
t line 122.
LaTeX Font Info:    Redeclaring math alphabet \mathrm on input line 122.
LaTeX Font Info:    Overwriting math alphabet `\mathit' in version `normal'
(Font)                  TU/ALSSirius(0)/m/it --> TU/Brygada1918(0)/m/it on inpu
t line 122.
LaTeX Font Info:    Overwriting math alphabet `\mathbf' in version `normal'
(Font)                  TU/ALSSirius(0)/b/n --> TU/Brygada1918(0)/b/n on input 
line 122.
LaTeX Font Info:    Overwriting math alphabet `\mathsf' in version `normal'
(Font)                  TU/ALSSirius(0)/m/n --> TU/ALSSirius(0)/m/n on input li
ne 122.
LaTeX Font Info:    Overwriting math alphabet `\mathtt' in version `normal'
(Font)                  TU/Consolas(0)/m/n --> TU/Consolas(0)/m/n on input line
 122.
LaTeX Font Info:    Overwriting symbol font `operators' in version `bold'
(Font)                  TU/Brygada1918(0)/m/n --> TU/Brygada1918(0)/b/n on inpu
t line 122.
LaTeX Font Info:    Overwriting math alphabet `\mathit' in version `bold'
(Font)                  TU/ALSSirius(0)/b/it --> TU/Brygada1918(0)/b/it on inpu
t line 122.
LaTeX Font Info:    Overwriting math alphabet `\mathsf' in version `bold'
(Font)                  TU/ALSSirius(0)/b/n --> TU/ALSSirius(0)/b/n on input li
ne 122.
LaTeX Font Info:    Overwriting math alphabet `\mathtt' in version `bold'
(Font)                  TU/Consolas(0)/b/n --> TU/Consolas(0)/b/n on input line
 122.
Package caption Info: Begin \AtBeginDocument code.
Package caption Info: End \AtBeginDocument code.
 (./LB-02.nav)
LaTeX Font Info:    Trying to load font information for U+msa on input line 127
.

(c:/texlive/2022/texmf-dist/tex/latex/amsfonts/umsa.fd
File: umsa.fd 2013/01/14 v3.01 AMS symbols A
)
LaTeX Font Info:    Trying to load font information for U+msb on input line 127
.

(c:/texlive/2022/texmf-dist/tex/latex/amsfonts/umsb.fd
File: umsb.fd 2013/01/14 v3.01 AMS symbols B
)

LaTeX Font Warning: Font shape `TU/ALSSirius(0)/m/it' undefined
(Font)              using `TU/ALSSirius(0)/m/n' instead on input line 127.


Overfull \hbox (68.29076pt too wide) in paragraph at lines 127--127
[][][]  
 []


Overfull \vbox (5.0pt too high) detected at line 127
 []

File: bgs/light/title.png Graphic file (type bmp)
<bgs/light/title.png>
File: logos/ru/light/logoclr.png Graphic file (type bmp)
<logos/ru/light/logoclr.png>
[1

] (./LB-02.toc)
Overfull \hbox (68.29076pt too wide) in paragraph at lines 129--129
[][]  
 []


Overfull \vbox (5.0pt too high) detected at line 129
 []

File: bgs/light/toc.jpeg Graphic file (type bmp)
<bgs/light/toc.jpeg>
File: logos/ru/light/logobw.png Graphic file (type bmp)
<logos/ru/light/logobw.png>
[2

]
Overfull \hbox (68.29076pt too wide) in paragraph at lines 134--134
[][][]  
 []


Overfull \vbox (5.0pt too high) detected at line 134
 []

File: bgs/light/section.jpg Graphic file (type bmp)
<bgs/light/section.jpg>
File: logos/ru/light/logobw.png Graphic file (type bmp)
<logos/ru/light/logobw.png>
[3

]
\openout4 = `LB-02.vrb'.

 (./LB-02.vrb
\openout6 = `LB-02.pyg'.

runsystem(pygmentize -S default -f latex -P commandprefix=PYG > LB-02.out.pyg).
..executed.

 (./LB-02.out.pyg)
runsystem(pygmentize -l python -f latex -P commandprefix=PYG -F tokenmerge -P s
tripnl=False -P "escapeinside=||" -P mathescape=True -F gobble:n=2 -P python3=T
rue -o LB-02.out.pyg LB-02.pyg)...executed.

 (./LB-02.out.pyg)
\openout6 = `LB-02.pyg'.

runsystem(pygmentize -l python -f latex -P commandprefix=PYG -F tokenmerge -P s
tripnl=False -P "escapeinside=||" -P mathescape=True -F gobble:n=2 -P python3=T
rue -o LB-02.out.pyg LB-02.pyg)...executed.

 (./LB-02.out.pyg)
\openout6 = `LB-02.pyg'.

runsystem(pygmentize -l python -f latex -P commandprefix=PYG -F tokenmerge -P s
tripnl=False -P "escapeinside=||" -P mathescape=True -F gobble:n=2 -P python3=T
rue -o LB-02.out.pyg LB-02.pyg)...executed.


(./LB-02.out.pyg)
\openout5 = `LB-02.pyg'.

runsystem(pygmentize -l pycon -f latex -P commandprefix=PYG -F tokenmerge -P st
ripnl=False -P "escapeinside=||" -P mathescape=True -F gobble:n=2 -P python3=Tr
ue -o LB-02.out.pyg LB-02.pyg)...executed.

 (./LB-02.out.pyg))
File: bgs/light/slide.jpg Graphic file (type bmp)
<bgs/light/slide.jpg>
File: logos/ru/light/logobw.png Graphic file (type bmp)
<logos/ru/light/logobw.png>
 [4

]
Overfull \hbox (68.29076pt too wide) in paragraph at lines 162--162
[][][]  
 []


Overfull \vbox (5.0pt too high) detected at line 162
 []

File: bgs/light/section.jpg Graphic file (type bmp)
<bgs/light/section.jpg>
File: logos/ru/light/logobw.png Graphic file (type bmp)
<logos/ru/light/logobw.png>
[5

]
\openout4 = `LB-02.vrb'.

 (./LB-02.vrb
\openout6 = `LB-02.pyg'.

runsystem(pygmentize -l python -f latex -P commandprefix=PYG -F tokenmerge -P s
tripnl=False -P "escapeinside=||" -P mathescape=True -F gobble:n=2 -P python3=T
rue -o LB-02.out.pyg LB-02.pyg)...executed.

 (./LB-02.out.pyg)
\openout6 = `LB-02.pyg'.

runsystem(pygmentize -l python -f latex -P commandprefix=PYG -F tokenmerge -P s
tripnl=False -P "escapeinside=||" -P mathescape=True -F gobble:n=2 -P python3=T
rue -o LB-02.out.pyg LB-02.pyg)...executed.

 (./LB-02.out.pyg)
\openout6 = `LB-02.pyg'.

runsystem(pygmentize -l ipython -f latex -P commandprefix=PYG -F tokenmerge -P 
stripnl=False -o LB-02.out.pyg LB-02.pyg)...executed.

 (./LB-02.out.pyg)
\openout6 = `LB-02.pyg'.

runsystem(pygmentize -l ipython -f latex -P commandprefix=PYG -F tokenmerge -P 
stripnl=False -o LB-02.out.pyg LB-02.pyg)...executed.


(./LB-02.out.pyg)
\openout6 = `LB-02.pyg'.

runsystem(pygmentize -l ipython -f latex -P commandprefix=PYG -F tokenmerge -P 
stripnl=False -o LB-02.out.pyg LB-02.pyg)...executed.

 (./LB-02.out.pyg)
\openout6 = `LB-02.pyg'.

runsystem(pygmentize -l ipython -f latex -P commandprefix=PYG -F tokenmerge -P 
stripnl=False -o LB-02.out.pyg LB-02.pyg)...executed.

 (./LB-02.out.pyg)
\openout6 = `LB-02.pyg'.

runsystem(pygmentize -l ipython -f latex -P commandprefix=PYG -F tokenmerge -P 
stripnl=False -o LB-02.out.pyg LB-02.pyg)...executed.

 (./LB-02.out.pyg)
\openout6 = `LB-02.pyg'.

runsystem(pygmentize -l ipython -f latex -P commandprefix=PYG -F tokenmerge -P 
stripnl=False -o LB-02.out.pyg LB-02.pyg)...executed.


(./LB-02.out.pyg)
\openout5 = `LB-02.pyg'.

runsystem(pygmentize -l pycon -f latex -P commandprefix=PYG -F tokenmerge -P st
ripnl=False -P "escapeinside=||" -P mathescape=True -F gobble:n=2 -P python3=Tr
ue -o LB-02.out.pyg LB-02.pyg)...executed.

 (./LB-02.out.pyg))
File: bgs/light/slide.jpg Graphic file (type bmp)
<bgs/light/slide.jpg>
File: logos/ru/light/logobw.png Graphic file (type bmp)
<logos/ru/light/logobw.png>
 [6

]
Overfull \hbox (68.29076pt too wide) in paragraph at lines 219--219
[][][]  
 []


Overfull \vbox (5.0pt too high) detected at line 219
 []

File: bgs/light/section.jpg Graphic file (type bmp)
<bgs/light/section.jpg>
File: logos/ru/light/logobw.png Graphic file (type bmp)
<logos/ru/light/logobw.png>
[7

]
\openout4 = `LB-02.vrb'.

 (./LB-02.vrb
\openout6 = `LB-02.pyg'.

runsystem(pygmentize -l python -f latex -P commandprefix=PYG -F tokenmerge -P s
tripnl=False -P "escapeinside=||" -P mathescape=True -F gobble:n=2 -P python3=T
rue -o LB-02.out.pyg LB-02.pyg)...executed.

 (./LB-02.out.pyg)
\openout6 = `LB-02.pyg'.

runsystem(pygmentize -l python -f latex -P commandprefix=PYG -F tokenmerge -P s
tripnl=False -P "escapeinside=||" -P mathescape=True -F gobble:n=2 -P python3=T
rue -o LB-02.out.pyg LB-02.pyg)...executed.

 (./LB-02.out.pyg)
\openout5 = `LB-02.pyg'.

runsystem(pygmentize -l pycon -f latex -P commandprefix=PYG -F tokenmerge -P st
ripnl=False -P "escapeinside=||" -P mathescape=True -F gobble:n=2 -P python3=Tr
ue -o LB-02.out.pyg LB-02.pyg)...executed.

 (./LB-02.out.pyg))
File: bgs/light/slide.jpg Graphic file (type bmp)
<bgs/light/slide.jpg>
File: logos/ru/light/logobw.png Graphic file (type bmp)
<logos/ru/light/logobw.png>

[8

]
\openout4 = `LB-02.vrb'.

 (./LB-02.vrb
\openout6 = `LB-02.pyg'.

runsystem(pygmentize -l python -f latex -P commandprefix=PYG -F tokenmerge -P s
tripnl=False -P "escapeinside=||" -P mathescape=True -F gobble:n=2 -P python3=T
rue -o LB-02.out.pyg LB-02.pyg)...executed.

 (./LB-02.out.pyg)
\openout6 = `LB-02.pyg'.

runsystem(pygmentize -l python -f latex -P commandprefix=PYG -F tokenmerge -P s
tripnl=False -P "escapeinside=||" -P mathescape=True -F gobble:n=2 -P python3=T
rue -o LB-02.out.pyg LB-02.pyg)...executed.

 (./LB-02.out.pyg)
\openout6 = `LB-02.pyg'.

runsystem(pygmentize -l python -f latex -P commandprefix=PYG -F tokenmerge -P s
tripnl=False -P "escapeinside=||" -P mathescape=True -F gobble:n=2 -P python3=T
rue -o LB-02.out.pyg LB-02.pyg)...executed.

 (./LB-02.out.pyg)
\openout6 = `LB-02.pyg'.

runsystem(pygmentize -l python -f latex -P commandprefix=PYG -F tokenmerge -P s
tripnl=False -P "escapeinside=||" -P mathescape=True -F gobble:n=2 -P python3=T
rue -o LB-02.out.pyg LB-02.pyg)...executed.


(./LB-02.out.pyg)
\openout6 = `LB-02.pyg'.

runsystem(pygmentize -l python -f latex -P commandprefix=PYG -F tokenmerge -P s
tripnl=False -P "escapeinside=||" -P mathescape=True -F gobble:n=2 -P python3=T
rue -o LB-02.out.pyg LB-02.pyg)...executed.

 (./LB-02.out.pyg)
\openout5 = `LB-02.pyg'.

runsystem(pygmentize -l pycon -f latex -P commandprefix=PYG -F tokenmerge -P st
ripnl=False -P "escapeinside=||" -P mathescape=True -F gobble:n=2 -P python3=Tr
ue -o LB-02.out.pyg LB-02.pyg)...executed.

 (./LB-02.out.pyg))
File: bgs/light/slide.jpg Graphic file (type bmp)
<bgs/light/slide.jpg>
File: logos/ru/light/logobw.png Graphic file (type bmp)
<logos/ru/light/logobw.png>
 [9

]
\openout4 = `LB-02.vrb'.

 (./LB-02.vrb
\openout6 = `LB-02.pyg'.

runsystem(pygmentize -l python -f latex -P commandprefix=PYG -F tokenmerge -P s
tripnl=False -P "escapeinside=||" -P mathescape=True -F gobble:n=2 -P python3=T
rue -o LB-02.out.pyg LB-02.pyg)...executed.


(./LB-02.out.pyg)
\openout6 = `LB-02.pyg'.

runsystem(pygmentize -l python -f latex -P commandprefix=PYG -F tokenmerge -P s
tripnl=False -P "escapeinside=||" -P mathescape=True -F gobble:n=2 -P python3=T
rue -o LB-02.out.pyg LB-02.pyg)...executed.

 (./LB-02.out.pyg)
\openout6 = `LB-02.pyg'.

runsystem(pygmentize -l python -f latex -P commandprefix=PYG -F tokenmerge -P s
tripnl=False -P "escapeinside=||" -P mathescape=True -F gobble:n=2 -P python3=T
rue -o LB-02.out.pyg LB-02.pyg)...executed.

 (./LB-02.out.pyg)
\openout6 = `LB-02.pyg'.

runsystem(pygmentize -l python -f latex -P commandprefix=PYG -F tokenmerge -P s
tripnl=False -P "escapeinside=||" -P mathescape=True -F gobble:n=2 -P python3=T
rue -o LB-02.out.pyg LB-02.pyg)...executed.

 (./LB-02.out.pyg)
\openout6 = `LB-02.pyg'.

runsystem(pygmentize -l python -f latex -P commandprefix=PYG -F tokenmerge -P s
tripnl=False -P "escapeinside=||" -P mathescape=True -F gobble:n=2 -P python3=T
rue -o LB-02.out.pyg LB-02.pyg)...executed.


(./LB-02.out.pyg)
\openout5 = `LB-02.pyg'.

runsystem(pygmentize -l pycon -f latex -P commandprefix=PYG -F tokenmerge -P st
ripnl=False -P "escapeinside=||" -P mathescape=True -F gobble:n=2 -P python3=Tr
ue -o LB-02.out.pyg LB-02.pyg)...executed.

 (./LB-02.out.pyg))
File: bgs/light/slide.jpg Graphic file (type bmp)
<bgs/light/slide.jpg>
File: logos/ru/light/logobw.png Graphic file (type bmp)
<logos/ru/light/logobw.png>
 [10

]
\openout4 = `LB-02.vrb'.

 (./LB-02.vrb
\openout6 = `LB-02.pyg'.

runsystem(pygmentize -l python -f latex -P commandprefix=PYG -F tokenmerge -P s
tripnl=False -P "escapeinside=||" -P mathescape=True -F gobble:n=2 -P python3=T
rue -o LB-02.out.pyg LB-02.pyg)...executed.

 (./LB-02.out.pyg)
\openout6 = `LB-02.pyg'.

runsystem(pygmentize -l python -f latex -P commandprefix=PYG -F tokenmerge -P s
tripnl=False -P "escapeinside=||" -P mathescape=True -F gobble:n=2 -P python3=T
rue -o LB-02.out.pyg LB-02.pyg)...executed.


(./LB-02.out.pyg)
\openout5 = `LB-02.pyg'.

runsystem(pygmentize -l pycon -f latex -P commandprefix=PYG -F tokenmerge -P st
ripnl=False -P "escapeinside=||" -P mathescape=True -F gobble:n=2 -P python3=Tr
ue -o LB-02.out.pyg LB-02.pyg)...executed.

 (./LB-02.out.pyg))
File: bgs/light/slide.jpg Graphic file (type bmp)
<bgs/light/slide.jpg>
File: logos/ru/light/logobw.png Graphic file (type bmp)
<logos/ru/light/logobw.png>
 [11

]
Overfull \hbox (68.29076pt too wide) in paragraph at lines 296--296
[][][]  
 []


Overfull \vbox (5.0pt too high) detected at line 296
 []

File: bgs/light/section.jpg Graphic file (type bmp)
<bgs/light/section.jpg>
File: logos/ru/light/logobw.png Graphic file (type bmp)
<logos/ru/light/logobw.png>
[12

]
\openout4 = `LB-02.vrb'.

 (./LB-02.vrb
\openout5 = `LB-02.pyg'.

runsystem(pygmentize -l pycon -f latex -P commandprefix=PYG -F tokenmerge -P st
ripnl=False -P "escapeinside=||" -P mathescape=True -F gobble:n=2 -P python3=Tr
ue -o LB-02.out.pyg LB-02.pyg)...executed.

 (./LB-02.out.pyg))
File: bgs/light/slide.jpg Graphic file (type bmp)
<bgs/light/slide.jpg>
File: logos/ru/light/logobw.png Graphic file (type bmp)
<logos/ru/light/logobw.png>
 [13

]
Overfull \hbox (68.29076pt too wide) in paragraph at lines 323--323
[][][]  
 []


Overfull \vbox (5.0pt too high) detected at line 323
 []

File: bgs/light/section.jpg Graphic file (type bmp)
<bgs/light/section.jpg>
File: logos/ru/light/logobw.png Graphic file (type bmp)
<logos/ru/light/logobw.png>
[14

]
\openout4 = `LB-02.vrb'.

 (./LB-02.vrb
\openout5 = `LB-02.pyg'.

runsystem(pygmentize -l pycon -f latex -P commandprefix=PYG -F tokenmerge -P st
ripnl=False -P "escapeinside=||" -P mathescape=True -F gobble:n=2 -P python3=Tr
ue -o LB-02.out.pyg LB-02.pyg)...executed.

 (./LB-02.out.pyg))
File: bgs/light/slide.jpg Graphic file (type bmp)
<bgs/light/slide.jpg>
File: logos/ru/light/logobw.png Graphic file (type bmp)
<logos/ru/light/logobw.png>
 [15

]
Overfull \hbox (68.29076pt too wide) in paragraph at lines 346--346
[][][]  
 []


Overfull \vbox (5.0pt too high) detected at line 346
 []

File: bgs/light/section.jpg Graphic file (type bmp)
<bgs/light/section.jpg>
File: logos/ru/light/logobw.png Graphic file (type bmp)
<logos/ru/light/logobw.png>
[16

]
\openout4 = `LB-02.vrb'.

 (./LB-02.vrb
\openout6 = `LB-02.pyg'.

runsystem(pygmentize -l python -f latex -P commandprefix=PYG -F tokenmerge -P s
tripnl=False -P "escapeinside=||" -P mathescape=True -F gobble:n=2 -P python3=T
rue -o LB-02.out.pyg LB-02.pyg)...executed.

 (./LB-02.out.pyg)
\openout5 = `LB-02.pyg'.

runsystem(pygmentize -l pycon -f latex -P commandprefix=PYG -F tokenmerge -P st
ripnl=False -P "escapeinside=||" -P mathescape=True -F gobble:n=2 -P python3=Tr
ue -o LB-02.out.pyg LB-02.pyg)...executed.

 (./LB-02.out.pyg)
\openout6 = `LB-02.pyg'.

runsystem(pygmentize -l python -f latex -P commandprefix=PYG -F tokenmerge -P s
tripnl=False -P "escapeinside=||" -P mathescape=True -F gobble:n=2 -P python3=T
rue -o LB-02.out.pyg LB-02.pyg)...executed.

 (./LB-02.out.pyg)
\openout6 = `LB-02.pyg'.

runsystem(pygmentize -l python -f latex -P commandprefix=PYG -F tokenmerge -P s
tripnl=False -P "escapeinside=||" -P mathescape=True -F gobble:n=2 -P python3=T
rue -o LB-02.out.pyg LB-02.pyg)...executed.


(./LB-02.out.pyg)
\openout5 = `LB-02.pyg'.

runsystem(pygmentize -l pycon -f latex -P commandprefix=PYG -F tokenmerge -P st
ripnl=False -P "escapeinside=||" -P mathescape=True -F gobble:n=2 -P python3=Tr
ue -o LB-02.out.pyg LB-02.pyg)...executed.

 (./LB-02.out.pyg))
File: bgs/light/slide.jpg Graphic file (type bmp)
<bgs/light/slide.jpg>
File: logos/ru/light/logobw.png Graphic file (type bmp)
<logos/ru/light/logobw.png>
 [17

]
\openout4 = `LB-02.vrb'.

 (./LB-02.vrb
\openout6 = `LB-02.pyg'.

runsystem(pygmentize -l python -f latex -P commandprefix=PYG -F tokenmerge -P s
tripnl=False -P "escapeinside=||" -P mathescape=True -F gobble:n=2 -P python3=T
rue -o LB-02.out.pyg LB-02.pyg)...executed.

 (./LB-02.out.pyg)
\openout5 = `LB-02.pyg'.

runsystem(pygmentize -l pycon -f latex -P commandprefix=PYG -F tokenmerge -P st
ripnl=False -P "escapeinside=||" -P mathescape=True -F gobble:n=2 -P python3=Tr
ue -o LB-02.out.pyg LB-02.pyg)...executed.


(./LB-02.out.pyg)
\openout6 = `LB-02.pyg'.

runsystem(pygmentize -l python -f latex -P commandprefix=PYG -F tokenmerge -P s
tripnl=False -P "escapeinside=||" -P mathescape=True -F gobble:n=2 -P python3=T
rue -o LB-02.out.pyg LB-02.pyg)...executed.

 (./LB-02.out.pyg)
\openout6 = `LB-02.pyg'.

runsystem(pygmentize -l python -f latex -P commandprefix=PYG -F tokenmerge -P s
tripnl=False -P "escapeinside=||" -P mathescape=True -F gobble:n=2 -P python3=T
rue -o LB-02.out.pyg LB-02.pyg)...executed.

 (./LB-02.out.pyg)
\openout6 = `LB-02.pyg'.

runsystem(pygmentize -l python -f latex -P commandprefix=PYG -F tokenmerge -P s
tripnl=False -P "escapeinside=||" -P mathescape=True -F gobble:n=2 -P python3=T
rue -o LB-02.out.pyg LB-02.pyg)...executed.

 (./LB-02.out.pyg)
\openout6 = `LB-02.pyg'.

runsystem(pygmentize -l python -f latex -P commandprefix=PYG -F tokenmerge -P s
tripnl=False -P "escapeinside=||" -P mathescape=True -F gobble:n=2 -P python3=T
rue -o LB-02.out.pyg LB-02.pyg)...executed.


(./LB-02.out.pyg)
\openout6 = `LB-02.pyg'.

runsystem(pygmentize -l python -f latex -P commandprefix=PYG -F tokenmerge -P s
tripnl=False -P "escapeinside=||" -P mathescape=True -F gobble:n=2 -P python3=T
rue -o LB-02.out.pyg LB-02.pyg)...executed.

 (./LB-02.out.pyg)
\openout6 = `LB-02.pyg'.

runsystem(pygmentize -l python -f latex -P commandprefix=PYG -F tokenmerge -P s
tripnl=False -P "escapeinside=||" -P mathescape=True -F gobble:n=2 -P python3=T
rue -o LB-02.out.pyg LB-02.pyg)...executed.

 (./LB-02.out.pyg)
\openout6 = `LB-02.pyg'.

runsystem(pygmentize -l python -f latex -P commandprefix=PYG -F tokenmerge -P s
tripnl=False -P "escapeinside=||" -P mathescape=True -F gobble:n=2 -P python3=T
rue -o LB-02.out.pyg LB-02.pyg)...executed.

 (./LB-02.out.pyg)
\openout6 = `LB-02.pyg'.

runsystem(pygmentize -l python -f latex -P commandprefix=PYG -F tokenmerge -P s
tripnl=False -P "escapeinside=||" -P mathescape=True -F gobble:n=2 -P python3=T
rue -o LB-02.out.pyg LB-02.pyg)...executed.


(./LB-02.out.pyg))
File: bgs/light/slide.jpg Graphic file (type bmp)
<bgs/light/slide.jpg>
File: logos/ru/light/logobw.png Graphic file (type bmp)
<logos/ru/light/logobw.png>
 [18

]
Overfull \hbox (68.29076pt too wide) in paragraph at lines 444--444
[][][]  
 []


Overfull \vbox (5.0pt too high) detected at line 444
 []

File: bgs/light/section.jpg Graphic file (type bmp)
<bgs/light/section.jpg>
File: logos/ru/light/logobw.png Graphic file (type bmp)
<logos/ru/light/logobw.png>
[19

]
\openout4 = `LB-02.vrb'.

 (./LB-02.vrb
\openout6 = `LB-02.pyg'.

runsystem(pygmentize -l python -f latex -P commandprefix=PYG -F tokenmerge -P s
tripnl=False -P "escapeinside=||" -P mathescape=True -F gobble:n=2 -P python3=T
rue -o LB-02.out.pyg LB-02.pyg)...executed.

 (./LB-02.out.pyg)
\openout5 = `LB-02.pyg'.

runsystem(pygmentize -l python -f latex -P commandprefix=PYG -F tokenmerge -P s
tripnl=False -P "escapeinside=||" -P mathescape=True -F gobble:n=2 -P python3=T
rue -o LB-02.out.pyg LB-02.pyg)...executed.

 (./LB-02.out.pyg)
\openout5 = `LB-02.pyg'.

runsystem(pygmentize -l python -f latex -P commandprefix=PYG -F tokenmerge -P s
tripnl=False -P "escapeinside=||" -P mathescape=True -F gobble:n=2 -P python3=T
rue -o LB-02.out.pyg LB-02.pyg)...executed.

 (./LB-02.out.pyg))
File: bgs/light/slide.jpg Graphic file (type bmp)
<bgs/light/slide.jpg>
File: logos/ru/light/logobw.png Graphic file (type bmp)
<logos/ru/light/logobw.png>

[20

]
\openout4 = `LB-02.vrb'.

 (./LB-02.vrb
\openout5 = `LB-02.pyg'.

runsystem(pygmentize -l pycon -f latex -P commandprefix=PYG -F tokenmerge -P st
ripnl=False -P "escapeinside=||" -P mathescape=True -F gobble:n=2 -P python3=Tr
ue -o LB-02.out.pyg LB-02.pyg)...executed.

 (./LB-02.out.pyg)
\openout6 = `LB-02.pyg'.

runsystem(pygmentize -l python -f latex -P commandprefix=PYG -F tokenmerge -P s
tripnl=False -P "escapeinside=||" -P mathescape=True -F gobble:n=2 -P python3=T
rue -o LB-02.out.pyg LB-02.pyg)...executed.

 (./LB-02.out.pyg))
File: bgs/light/slide.jpg Graphic file (type bmp)
<bgs/light/slide.jpg>
File: logos/ru/light/logobw.png Graphic file (type bmp)
<logos/ru/light/logobw.png>
 [21

]
Overfull \hbox (68.29076pt too wide) in paragraph at lines 495--495
[][][]  
 []


Overfull \vbox (5.0pt too high) detected at line 495
 []

File: bgs/light/section.jpg Graphic file (type bmp)
<bgs/light/section.jpg>
File: logos/ru/light/logobw.png Graphic file (type bmp)
<logos/ru/light/logobw.png>
[22

]
\openout4 = `LB-02.vrb'.

 (./LB-02.vrb
\openout6 = `LB-02.pyg'.

runsystem(pygmentize -l python -f latex -P commandprefix=PYG -F tokenmerge -P s
tripnl=False -P "escapeinside=||" -P mathescape=True -F gobble:n=2 -P python3=T
rue -o LB-02.out.pyg LB-02.pyg)...executed.

 (./LB-02.out.pyg)
\openout6 = `LB-02.pyg'.

runsystem(pygmentize -l python -f latex -P commandprefix=PYG -F tokenmerge -P s
tripnl=False -P "escapeinside=||" -P mathescape=True -F gobble:n=2 -P python3=T
rue -o LB-02.out.pyg LB-02.pyg)...executed.

 (./LB-02.out.pyg))
File: bgs/light/slide.jpg Graphic file (type bmp)
<bgs/light/slide.jpg>
File: logos/ru/light/logobw.png Graphic file (type bmp)
<logos/ru/light/logobw.png>
 [23

]
\openout4 = `LB-02.vrb'.

 (./LB-02.vrb
\openout6 = `LB-02.pyg'.

runsystem(pygmentize -l python -f latex -P commandprefix=PYG -F tokenmerge -P s
tripnl=False -P "escapeinside=||" -P mathescape=True -F gobble:n=2 -P python3=T
rue -o LB-02.out.pyg LB-02.pyg)...executed.


(./LB-02.out.pyg)
\openout6 = `LB-02.pyg'.

runsystem(pygmentize -l python -f latex -P commandprefix=PYG -F tokenmerge -P s
tripnl=False -P "escapeinside=||" -P mathescape=True -F gobble:n=2 -P python3=T
rue -o LB-02.out.pyg LB-02.pyg)...executed.

 (./LB-02.out.pyg)
\openout6 = `LB-02.pyg'.

runsystem(pygmentize -l python -f latex -P commandprefix=PYG -F tokenmerge -P s
tripnl=False -P "escapeinside=||" -P mathescape=True -F gobble:n=2 -P python3=T
rue -o LB-02.out.pyg LB-02.pyg)...executed.

 (./LB-02.out.pyg)
File: pics/while.pdf Graphic file (type pdf)
<use pics/while.pdf>
)
File: bgs/light/slide.jpg Graphic file (type bmp)
<bgs/light/slide.jpg>
File: logos/ru/light/logobw.png Graphic file (type bmp)
<logos/ru/light/logobw.png>
 [24

]
\openout4 = `LB-02.vrb'.

 (./LB-02.vrb
\openout6 = `LB-02.pyg'.

runsystem(pygmentize -l python -f latex -P commandprefix=PYG -F tokenmerge -P s
tripnl=False -P "escapeinside=||" -P mathescape=True -F gobble:n=2 -P python3=T
rue -o LB-02.out.pyg LB-02.pyg)...executed.


(./LB-02.out.pyg)
\openout5 = `LB-02.pyg'.

runsystem(pygmentize -l python -f latex -P commandprefix=PYG -F tokenmerge -P s
tripnl=False -P "escapeinside=||" -P mathescape=True -F gobble:n=2 -P python3=T
rue -o LB-02.out.pyg LB-02.pyg)...executed.

 (./LB-02.out.pyg)
\openout6 = `LB-02.pyg'.

runsystem(pygmentize -l python -f latex -P commandprefix=PYG -F tokenmerge -P s
tripnl=False -P "escapeinside=||" -P mathescape=True -F gobble:n=2 -P python3=T
rue -o LB-02.out.pyg LB-02.pyg)...executed.

 (./LB-02.out.pyg))
File: bgs/light/slide.jpg Graphic file (type bmp)
<bgs/light/slide.jpg>
File: logos/ru/light/logobw.png Graphic file (type bmp)
<logos/ru/light/logobw.png>
 [25

]
\openout4 = `LB-02.vrb'.

 (./LB-02.vrb
\openout5 = `LB-02.pyg'.

runsystem(pygmentize -l python -f latex -P commandprefix=PYG -F tokenmerge -P s
tripnl=False -P "escapeinside=||" -P mathescape=True -F gobble:n=2 -P python3=T
rue -o LB-02.out.pyg LB-02.pyg)...executed.


(./LB-02.out.pyg))
File: bgs/light/slide.jpg Graphic file (type bmp)
<bgs/light/slide.jpg>
File: logos/ru/light/logobw.png Graphic file (type bmp)
<logos/ru/light/logobw.png>
 [26

]
\openout4 = `LB-02.vrb'.

 (./LB-02.vrb
\openout6 = `LB-02.pyg'.

runsystem(pygmentize -l python -f latex -P commandprefix=PYG -F tokenmerge -P s
tripnl=False -P "escapeinside=||" -P mathescape=True -F gobble:n=2 -P python3=T
rue -o LB-02.out.pyg LB-02.pyg)...executed.

 (./LB-02.out.pyg)
\openout5 = `LB-02.pyg'.

runsystem(pygmentize -l pycon -f latex -P commandprefix=PYG -F tokenmerge -P st
ripnl=False -P "escapeinside=||" -P mathescape=True -F gobble:n=2 -P python3=Tr
ue -o LB-02.out.pyg LB-02.pyg)...executed.

 (./LB-02.out.pyg))
File: bgs/light/slide.jpg Graphic file (type bmp)
<bgs/light/slide.jpg>
File: logos/ru/light/logobw.png Graphic file (type bmp)
<logos/ru/light/logobw.png>

[27

]
\openout4 = `LB-02.vrb'.

 (./LB-02.vrb
\openout6 = `LB-02.pyg'.

runsystem(pygmentize -l python -f latex -P commandprefix=PYG -F tokenmerge -P s
tripnl=False -P "escapeinside=||" -P mathescape=True -F gobble:n=2 -P python3=T
rue -o LB-02.out.pyg LB-02.pyg)...executed.

 (./LB-02.out.pyg)
\openout6 = `LB-02.pyg'.

runsystem(pygmentize -l python -f latex -P commandprefix=PYG -F tokenmerge -P s
tripnl=False -P "escapeinside=||" -P mathescape=True -F gobble:n=2 -P python3=T
rue -o LB-02.out.pyg LB-02.pyg)...executed.

 (./LB-02.out.pyg)
\openout6 = `LB-02.pyg'.

runsystem(pygmentize -l python -f latex -P commandprefix=PYG -F tokenmerge -P s
tripnl=False -P "escapeinside=||" -P mathescape=True -F gobble:n=2 -P python3=T
rue -o LB-02.out.pyg LB-02.pyg)...executed.

 (./LB-02.out.pyg)
\openout5 = `LB-02.pyg'.

runsystem(pygmentize -l pycon -f latex -P commandprefix=PYG -F tokenmerge -P st
ripnl=False -P "escapeinside=||" -P mathescape=True -F gobble:n=2 -P python3=Tr
ue -o LB-02.out.pyg LB-02.pyg)...executed.


(./LB-02.out.pyg))
File: bgs/light/slide.jpg Graphic file (type bmp)
<bgs/light/slide.jpg>
File: logos/ru/light/logobw.png Graphic file (type bmp)
<logos/ru/light/logobw.png>
 [28

]
Overfull \hbox (68.29076pt too wide) in paragraph at lines 669--669
[][][]  
 []


Overfull \vbox (5.0pt too high) detected at line 669
 []

File: bgs/light/section.jpg Graphic file (type bmp)
<bgs/light/section.jpg>
File: logos/ru/light/logobw.png Graphic file (type bmp)
<logos/ru/light/logobw.png>
[29

]
\openout4 = `LB-02.vrb'.

 (./LB-02.vrb
\openout6 = `LB-02.pyg'.

runsystem(pygmentize -l python -f latex -P commandprefix=PYG -F tokenmerge -P s
tripnl=False -P "escapeinside=||" -P mathescape=True -F gobble:n=2 -P python3=T
rue -o LB-02.out.pyg LB-02.pyg)...executed.

 (./LB-02.out.pyg)
\openout6 = `LB-02.pyg'.

runsystem(pygmentize -l python -f latex -P commandprefix=PYG -F tokenmerge -P s
tripnl=False -P "escapeinside=||" -P mathescape=True -F gobble:n=2 -P python3=T
rue -o LB-02.out.pyg LB-02.pyg)...executed.

 (./LB-02.out.pyg)
\openout5 = `LB-02.pyg'.

runsystem(pygmentize -l pycon -f latex -P commandprefix=PYG -F tokenmerge -P st
ripnl=False -P "escapeinside=||" -P mathescape=True -F gobble:n=2 -P python3=Tr
ue -o LB-02.out.pyg LB-02.pyg)...executed.

 (./LB-02.out.pyg))
File: bgs/light/slide.jpg Graphic file (type bmp)
<bgs/light/slide.jpg>
File: logos/ru/light/logobw.png Graphic file (type bmp)
<logos/ru/light/logobw.png>

[30

]
\openout4 = `LB-02.vrb'.

 (./LB-02.vrb
\openout6 = `LB-02.pyg'.

runsystem(pygmentize -l python -f latex -P commandprefix=PYG -F tokenmerge -P s
tripnl=False -P "escapeinside=||" -P mathescape=True -F gobble:n=2 -P python3=T
rue -o LB-02.out.pyg LB-02.pyg)...executed.

 (./LB-02.out.pyg)
\openout5 = `LB-02.pyg'.

runsystem(pygmentize -l pycon -f latex -P commandprefix=PYG -F tokenmerge -P st
ripnl=False -P "escapeinside=||" -P mathescape=True -F gobble:n=2 -P python3=Tr
ue -o LB-02.out.pyg LB-02.pyg)...executed.

 (./LB-02.out.pyg)
\openout5 = `LB-02.pyg'.

runsystem(pygmentize -l pycon -f latex -P commandprefix=PYG -F tokenmerge -P st
ripnl=False -P "escapeinside=||" -P mathescape=True -F gobble:n=2 -P python3=Tr
ue -o LB-02.out.pyg LB-02.pyg)...executed.

 (./LB-02.out.pyg))
File: bgs/light/slide.jpg Graphic file (type bmp)
<bgs/light/slide.jpg>
File: logos/ru/light/logobw.png Graphic file (type bmp)
<logos/ru/light/logobw.png>

[31

]
\openout4 = `LB-02.vrb'.

 (./LB-02.vrb
\openout6 = `LB-02.pyg'.

runsystem(pygmentize -l python -f latex -P commandprefix=PYG -F tokenmerge -P s
tripnl=False -P "escapeinside=||" -P mathescape=True -F gobble:n=2 -P python3=T
rue -o LB-02.out.pyg LB-02.pyg)...executed.

 (./LB-02.out.pyg)
\openout6 = `LB-02.pyg'.

runsystem(pygmentize -l python -f latex -P commandprefix=PYG -F tokenmerge -P s
tripnl=False -P "escapeinside=||" -P mathescape=True -F gobble:n=2 -P python3=T
rue -o LB-02.out.pyg LB-02.pyg)...executed.

 (./LB-02.out.pyg)
\openout5 = `LB-02.pyg'.

runsystem(pygmentize -l python -f latex -P commandprefix=PYG -F tokenmerge -P s
tripnl=False -P "escapeinside=||" -P mathescape=True -F gobble:n=2 -P python3=T
rue -o LB-02.out.pyg LB-02.pyg)...executed.

 (./LB-02.out.pyg)
\openout5 = `LB-02.pyg'.

runsystem(pygmentize -l python -f latex -P commandprefix=PYG -F tokenmerge -P s
tripnl=False -P "escapeinside=||" -P mathescape=True -F gobble:n=2 -P python3=T
rue -o LB-02.out.pyg LB-02.pyg)...executed.


(./LB-02.out.pyg)
\openout6 = `LB-02.pyg'.

runsystem(pygmentize -l python -f latex -P commandprefix=PYG -F tokenmerge -P s
tripnl=False -P "escapeinside=||" -P mathescape=True -F gobble:n=2 -P python3=T
rue -o LB-02.out.pyg LB-02.pyg)...executed.

 (./LB-02.out.pyg)
\openout6 = `LB-02.pyg'.

runsystem(pygmentize -l python -f latex -P commandprefix=PYG -F tokenmerge -P s
tripnl=False -P "escapeinside=||" -P mathescape=True -F gobble:n=2 -P python3=T
rue -o LB-02.out.pyg LB-02.pyg)...executed.

 (./LB-02.out.pyg)
\openout6 = `LB-02.pyg'.

runsystem(pygmentize -l python -f latex -P commandprefix=PYG -F tokenmerge -P s
tripnl=False -P "escapeinside=||" -P mathescape=True -F gobble:n=2 -P python3=T
rue -o LB-02.out.pyg LB-02.pyg)...executed.

 (./LB-02.out.pyg)
\openout6 = `LB-02.pyg'.

runsystem(pygmentize -l python -f latex -P commandprefix=PYG -F tokenmerge -P s
tripnl=False -P "escapeinside=||" -P mathescape=True -F gobble:n=2 -P python3=T
rue -o LB-02.out.pyg LB-02.pyg)...executed.


(./LB-02.out.pyg))
File: bgs/light/slide.jpg Graphic file (type bmp)
<bgs/light/slide.jpg>
File: logos/ru/light/logobw.png Graphic file (type bmp)
<logos/ru/light/logobw.png>
 [32

]
Overfull \hbox (68.29076pt too wide) in paragraph at lines 820--820
[][][]  
 []


Overfull \vbox (5.0pt too high) detected at line 820
 []

File: bgs/light/section.jpg Graphic file (type bmp)
<bgs/light/section.jpg>
File: logos/ru/light/logobw.png Graphic file (type bmp)
<logos/ru/light/logobw.png>
[33

]
\openout4 = `LB-02.vrb'.

 (./LB-02.vrb
\openout6 = `LB-02.pyg'.

runsystem(pygmentize -l python -f latex -P commandprefix=PYG -F tokenmerge -P s
tripnl=False -P "escapeinside=||" -P mathescape=True -F gobble:n=2 -P python3=T
rue -o LB-02.out.pyg LB-02.pyg)...executed.

 (./LB-02.out.pyg))
File: bgs/light/slide.jpg Graphic file (type bmp)
<bgs/light/slide.jpg>
File: logos/ru/light/logobw.png Graphic file (type bmp)
<logos/ru/light/logobw.png>
 [34

]
\openout4 = `LB-02.vrb'.

 (./LB-02.vrb
\openout6 = `LB-02.pyg'.

runsystem(pygmentize -l python -f latex -P commandprefix=PYG -F tokenmerge -P s
tripnl=False -P "escapeinside=||" -P mathescape=True -F gobble:n=2 -P python3=T
rue -o LB-02.out.pyg LB-02.pyg)...executed.

 (./LB-02.out.pyg)
\openout5 = `LB-02.pyg'.

runsystem(pygmentize -l pycon -f latex -P commandprefix=PYG -F tokenmerge -P st
ripnl=False -P "escapeinside=||" -P mathescape=True -F gobble:n=2 -P python3=Tr
ue -o LB-02.out.pyg LB-02.pyg)...executed.


(./LB-02.out.pyg)
\openout6 = `LB-02.pyg'.

runsystem(pygmentize -l ipython -f latex -P commandprefix=PYG -F tokenmerge -P 
stripnl=False -o LB-02.out.pyg LB-02.pyg)...executed.

 (./LB-02.out.pyg))
Overfull \vbox (2.90405pt too high) detected at line 871
 []

File: bgs/light/slide.jpg Graphic file (type bmp)
<bgs/light/slide.jpg>
File: logos/ru/light/logobw.png Graphic file (type bmp)
<logos/ru/light/logobw.png>
[35

]
\openout4 = `LB-02.vrb'.

 (./LB-02.vrb
\openout6 = `LB-02.pyg'.

runsystem(pygmentize -l python -f latex -P commandprefix=PYG -F tokenmerge -P s
tripnl=False -P "escapeinside=||" -P mathescape=True -F gobble:n=2 -P python3=T
rue -o LB-02.out.pyg LB-02.pyg)...executed.

 (./LB-02.out.pyg)
\openout5 = `LB-02.pyg'.

runsystem(pygmentize -l pycon -f latex -P commandprefix=PYG -F tokenmerge -P st
ripnl=False -P "escapeinside=||" -P mathescape=True -F gobble:n=2 -P python3=Tr
ue -o LB-02.out.pyg LB-02.pyg)...executed.

 (./LB-02.out.pyg))
Overfull \vbox (7.67607pt too high) detected at line 902
 []

File: bgs/light/slide.jpg Graphic file (type bmp)
<bgs/light/slide.jpg>
File: logos/ru/light/logobw.png Graphic file (type bmp)
<logos/ru/light/logobw.png>
[36

]
Overfull \hbox (68.29076pt too wide) in paragraph at lines 906--906
[][][]  
 []


Overfull \vbox (5.0pt too high) detected at line 906
 []

File: bgs/light/section.jpg Graphic file (type bmp)
<bgs/light/section.jpg>
File: logos/ru/light/logobw.png Graphic file (type bmp)
<logos/ru/light/logobw.png>
[37

]
\openout4 = `LB-02.vrb'.

 (./LB-02.vrb
Overfull \hbox (7.7114pt too wide) detected at line 14
[]
 []

)
File: bgs/light/slide.jpg Graphic file (type bmp)
<bgs/light/slide.jpg>
File: logos/ru/light/logobw.png Graphic file (type bmp)
<logos/ru/light/logobw.png>
 [38

]
\openout4 = `LB-02.vrb'.

 (./LB-02.vrb)
File: bgs/light/slide.jpg Graphic file (type bmp)
<bgs/light/slide.jpg>
File: logos/ru/light/logobw.png Graphic file (type bmp)
<logos/ru/light/logobw.png>
 [39

]
\openout4 = `LB-02.vrb'.

 (./LB-02.vrb)
File: bgs/light/slide.jpg Graphic file (type bmp)
<bgs/light/slide.jpg>
File: logos/ru/light/logobw.png Graphic file (type bmp)
<logos/ru/light/logobw.png>
 [40

]
Underfull \hbox (badness 10000) in paragraph at lines 981--981

 []

File: pics/home.png Graphic file (type bmp)
<pics/home.png>
File: pics/mail.png Graphic file (type bmp)
<pics/mail.png>
File: pics/tel.png Graphic file (type bmp)
<pics/tel.png>

Overfull \hbox (68.29076pt too wide) in paragraph at lines 981--981
[][]  
 []


Overfull \vbox (5.0pt too high) detected at line 981
 []

File: bgs/contacts.jpg Graphic file (type bmp)
<bgs/contacts.jpg>
File: logos/ru/light/logoclr.png Graphic file (type bmp)
<logos/ru/light/logoclr.png>
[41

]
\tf@nav=\write8
\openout8 = `LB-02.nav'.

\tf@toc=\write9
\openout9 = `LB-02.toc'.

\tf@snm=\write10
\openout10 = `LB-02.snm'.

 (./LB-02.aux)

LaTeX Font Warning: Some font shapes were not available, defaults substituted.

Package rerunfilecheck Info: File `LB-02.out' has not changed.
(rerunfilecheck)             Checksum: FE3CAF62FF1310869066F73E1AC6FBA2;2641.
runsystem(del LB-02.pyg)...executed.

runsystem(del LB-02.out.pyg)...executed.

 ) 
Here is how much of TeX's memory you used:
 37072 strings out of 475848
 810854 string characters out of 5805114
 1200149 words of memory out of 5000000
 57178 multiletter control sequences out of 15000+600000
 480280 words of font info for 120 fonts, out of 8000000 for 9000
 1348 hyphenation exceptions out of 8191
 128i,16n,122p,495b,984s stack positions out of 10000i,1000n,20000p,200000b,200000s

Output written on LB-02.pdf (41 pages).
