This is XeTeX, Version 3.141592653-2.6-0.999995 (MiKTeX 23.5) (preloaded format=xelatex 2023.9.15)  3 APR 2024 09:25
entering extended mode
 \write18 enabled.
 %&-line parsing enabled.
**./Lec-07.tex
(Lec-07.tex
LaTeX2e <2023-06-01> patch level 1
L3 programming layer <2023-08-29>
(C:\Users\Vyacheslav\AppData\Local\Programs\MiKTeX\tex/latex/beamer\beamer.cls
Document Class: beamer 2023/05/15 v3.70 A class for typesetting presentations

(C:\Users\Vyacheslav\AppData\Local\Programs\MiKTeX\tex/latex/beamer\beamerbasem
odes.sty
(C:\Users\Vyacheslav\AppData\Local\Programs\MiKTeX\tex/latex/etoolbox\etoolbox.
sty
Package: etoolbox 2020/10/05 v2.5k e-TeX tools for LaTeX (JAW)
\etb@tempcnta=\count181
)
\beamer@tempbox=\box51
\beamer@tempcount=\count182
\c@beamerpauses=\count183

(C:\Users\Vyacheslav\AppData\Local\Programs\MiKTeX\tex/latex/beamer\beamerbased
ecode.sty
\beamer@slideinframe=\count184
\beamer@minimum=\count185
\beamer@decode@box=\box52
)
\beamer@commentbox=\box53
\beamer@modecount=\count186
)
(C:\Users\Vyacheslav\AppData\Local\Programs\MiKTeX\tex/generic/iftex\iftex.sty
Package: iftex 2022/02/03 v1.0f TeX engine tests
)
\headdp=\dimen140
\footheight=\dimen141
\sidebarheight=\dimen142
\beamer@tempdim=\dimen143
\beamer@finalheight=\dimen144
\beamer@animht=\dimen145
\beamer@animdp=\dimen146
\beamer@animwd=\dimen147
\beamer@leftmargin=\dimen148
\beamer@rightmargin=\dimen149
\beamer@leftsidebar=\dimen150
\beamer@rightsidebar=\dimen151
\beamer@boxsize=\dimen152
\beamer@vboxoffset=\dimen153
\beamer@descdefault=\dimen154
\beamer@descriptionwidth=\dimen155
\beamer@lastskip=\skip48
\beamer@areabox=\box54
\beamer@animcurrent=\box55
\beamer@animshowbox=\box56
\beamer@sectionbox=\box57
\beamer@logobox=\box58
\beamer@linebox=\box59
\beamer@sectioncount=\count187
\beamer@subsubsectionmax=\count188
\beamer@subsectionmax=\count189
\beamer@sectionmax=\count190
\beamer@totalheads=\count191
\beamer@headcounter=\count192
\beamer@partstartpage=\count193
\beamer@sectionstartpage=\count194
\beamer@subsectionstartpage=\count195
\beamer@animationtempa=\count196
\beamer@animationtempb=\count197
\beamer@xpos=\count198
\beamer@ypos=\count199
\beamer@ypos@offset=\count266
\beamer@showpartnumber=\count267
\beamer@currentsubsection=\count268
\beamer@coveringdepth=\count269
\beamer@sectionadjust=\count270
\beamer@toclastsection=\count271
\beamer@tocsectionnumber=\count272

(C:\Users\Vyacheslav\AppData\Local\Programs\MiKTeX\tex/latex/beamer\beamerbaseo
ptions.sty
(C:\Users\Vyacheslav\AppData\Local\Programs\MiKTeX\tex/latex/graphics\keyval.st
y
Package: keyval 2022/05/29 v1.15 key=value parser (DPC)
\KV@toks@=\toks17
))
\beamer@paperwidth=\skip49
\beamer@paperheight=\skip50

(C:\Users\Vyacheslav\AppData\Local\Programs\MiKTeX\tex/latex/geometry\geometry.
sty
Package: geometry 2020/01/02 v5.9 Page Geometry

(C:\Users\Vyacheslav\AppData\Local\Programs\MiKTeX\tex/generic/iftex\ifvtex.sty
Package: ifvtex 2019/10/25 v1.7 ifvtex legacy package. Use iftex instead.
)
\Gm@cnth=\count273
\Gm@cntv=\count274
\c@Gm@tempcnt=\count275
\Gm@bindingoffset=\dimen156
\Gm@wd@mp=\dimen157
\Gm@odd@mp=\dimen158
\Gm@even@mp=\dimen159
\Gm@layoutwidth=\dimen160
\Gm@layoutheight=\dimen161
\Gm@layouthoffset=\dimen162
\Gm@layoutvoffset=\dimen163
\Gm@dimlist=\toks18

(C:\Users\Vyacheslav\AppData\Local\Programs\MiKTeX\tex/latex/geometry\geometry.
cfg))
(C:\Users\Vyacheslav\AppData\Local\Programs\MiKTeX\tex/latex/pgf/math\pgfmath.s
ty
(C:\Users\Vyacheslav\AppData\Local\Programs\MiKTeX\tex/latex/pgf/utilities\pgfr
cs.sty
(C:\Users\Vyacheslav\AppData\Local\Programs\MiKTeX\tex/generic/pgf/utilities\pg
futil-common.tex
\pgfutil@everybye=\toks19
\pgfutil@tempdima=\dimen164
\pgfutil@tempdimb=\dimen165
)
(C:\Users\Vyacheslav\AppData\Local\Programs\MiKTeX\tex/generic/pgf/utilities\pg
futil-latex.def
\pgfutil@abb=\box60
)
(C:\Users\Vyacheslav\AppData\Local\Programs\MiKTeX\tex/generic/pgf/utilities\pg
frcs.code.tex
(C:\Users\Vyacheslav\AppData\Local\Programs\MiKTeX\tex/generic/pgf\pgf.revision
.tex)
Package: pgfrcs 2023-01-15 v3.1.10 (3.1.10)
))
(C:\Users\Vyacheslav\AppData\Local\Programs\MiKTeX\tex/latex/pgf/utilities\pgfk
eys.sty
(C:\Users\Vyacheslav\AppData\Local\Programs\MiKTeX\tex/generic/pgf/utilities\pg
fkeys.code.tex
\pgfkeys@pathtoks=\toks20
\pgfkeys@temptoks=\toks21

(C:\Users\Vyacheslav\AppData\Local\Programs\MiKTeX\tex/generic/pgf/utilities\pg
fkeyslibraryfiltered.code.tex
\pgfkeys@tmptoks=\toks22
)))
(C:\Users\Vyacheslav\AppData\Local\Programs\MiKTeX\tex/generic/pgf/math\pgfmath
.code.tex
(C:\Users\Vyacheslav\AppData\Local\Programs\MiKTeX\tex/generic/pgf/math\pgfmath
util.code.tex
\pgf@x=\dimen166
\pgf@xa=\dimen167
\pgf@xb=\dimen168
\pgf@xc=\dimen169
\pgf@y=\dimen170
\pgf@ya=\dimen171
\pgf@yb=\dimen172
\pgf@yc=\dimen173
\c@pgf@counta=\count276
\c@pgf@countb=\count277
\c@pgf@countc=\count278
\c@pgf@countd=\count279
)
(C:\Users\Vyacheslav\AppData\Local\Programs\MiKTeX\tex/generic/pgf/math\pgfmath
parser.code.tex
\pgfmath@dimen=\dimen174
\pgfmath@count=\count280
\pgfmath@box=\box61
\pgfmath@toks=\toks23
\pgfmath@stack@operand=\toks24
\pgfmath@stack@operation=\toks25
)
(C:\Users\Vyacheslav\AppData\Local\Programs\MiKTeX\tex/generic/pgf/math\pgfmath
functions.code.tex)
(C:\Users\Vyacheslav\AppData\Local\Programs\MiKTeX\tex/generic/pgf/math\pgfmath
functions.basic.code.tex)
(C:\Users\Vyacheslav\AppData\Local\Programs\MiKTeX\tex/generic/pgf/math\pgfmath
functions.trigonometric.code.tex)
(C:\Users\Vyacheslav\AppData\Local\Programs\MiKTeX\tex/generic/pgf/math\pgfmath
functions.random.code.tex)
(C:\Users\Vyacheslav\AppData\Local\Programs\MiKTeX\tex/generic/pgf/math\pgfmath
functions.comparison.code.tex)
(C:\Users\Vyacheslav\AppData\Local\Programs\MiKTeX\tex/generic/pgf/math\pgfmath
functions.base.code.tex)
(C:\Users\Vyacheslav\AppData\Local\Programs\MiKTeX\tex/generic/pgf/math\pgfmath
functions.round.code.tex)
(C:\Users\Vyacheslav\AppData\Local\Programs\MiKTeX\tex/generic/pgf/math\pgfmath
functions.misc.code.tex)
(C:\Users\Vyacheslav\AppData\Local\Programs\MiKTeX\tex/generic/pgf/math\pgfmath
functions.integerarithmetics.code.tex)
(C:\Users\Vyacheslav\AppData\Local\Programs\MiKTeX\tex/generic/pgf/math\pgfmath
calc.code.tex)
(C:\Users\Vyacheslav\AppData\Local\Programs\MiKTeX\tex/generic/pgf/math\pgfmath
float.code.tex
\c@pgfmathroundto@lastzeros=\count281
)))

Class beamer Warning: ``mathserif'' is obsolete. Use font theme ``serif'' with 
option ``onlymath'' on input line 360.

(C:\Users\Vyacheslav\AppData\Local\Programs\MiKTeX\tex/latex/base\size11.clo
File: size11.clo 2023/05/17 v1.4n Standard LaTeX file (size option)
)
(C:\Users\Vyacheslav\AppData\Local\Programs\MiKTeX\tex/latex/pgf/basiclayer\pgf
core.sty
(C:\Users\Vyacheslav\AppData\Local\Programs\MiKTeX\tex/latex/graphics\graphicx.
sty
Package: graphicx 2021/09/16 v1.2d Enhanced LaTeX Graphics (DPC,SPQR)

(C:\Users\Vyacheslav\AppData\Local\Programs\MiKTeX\tex/latex/graphics\graphics.
sty
Package: graphics 2022/03/10 v1.4e Standard LaTeX Graphics (DPC,SPQR)

(C:\Users\Vyacheslav\AppData\Local\Programs\MiKTeX\tex/latex/graphics\trig.sty
Package: trig 2021/08/11 v1.11 sin cos tan (DPC)
)
(C:\Users\Vyacheslav\AppData\Local\Programs\MiKTeX\tex/latex/graphics-cfg\graph
ics.cfg
File: graphics.cfg 2016/06/04 v1.11 sample graphics configuration
)
Package graphics Info: Driver file: xetex.def on input line 107.

(C:\Users\Vyacheslav\AppData\Local\Programs\MiKTeX\tex/latex/graphics-def\xetex
.def
File: xetex.def 2022/09/22 v5.0n Graphics/color driver for xetex
))
\Gin@req@height=\dimen175
\Gin@req@width=\dimen176
)
(C:\Users\Vyacheslav\AppData\Local\Programs\MiKTeX\tex/latex/pgf/systemlayer\pg
fsys.sty
(C:\Users\Vyacheslav\AppData\Local\Programs\MiKTeX\tex/generic/pgf/systemlayer\
pgfsys.code.tex
Package: pgfsys 2023-01-15 v3.1.10 (3.1.10)
\pgf@x=\dimen177
\pgf@y=\dimen178
\pgf@xa=\dimen179
\pgf@ya=\dimen180
\pgf@xb=\dimen181
\pgf@yb=\dimen182
\pgf@xc=\dimen183
\pgf@yc=\dimen184
\pgf@xd=\dimen185
\pgf@yd=\dimen186
\w@pgf@writea=\write3
\r@pgf@reada=\read2
\c@pgf@counta=\count282
\c@pgf@countb=\count283
\c@pgf@countc=\count284
\c@pgf@countd=\count285
\t@pgf@toka=\toks26
\t@pgf@tokb=\toks27
\t@pgf@tokc=\toks28
\pgf@sys@id@count=\count286

(C:\Users\Vyacheslav\AppData\Local\Programs\MiKTeX\tex/generic/pgf/systemlayer\
pgf.cfg
File: pgf.cfg 2023-01-15 v3.1.10 (3.1.10)
)
Driver file for pgf: pgfsys-xetex.def

(C:\Users\Vyacheslav\AppData\Local\Programs\MiKTeX\tex/generic/pgf/systemlayer\
pgfsys-xetex.def
File: pgfsys-xetex.def 2023-01-15 v3.1.10 (3.1.10)

(C:\Users\Vyacheslav\AppData\Local\Programs\MiKTeX\tex/generic/pgf/systemlayer\
pgfsys-dvipdfmx.def
File: pgfsys-dvipdfmx.def 2023-01-15 v3.1.10 (3.1.10)

(C:\Users\Vyacheslav\AppData\Local\Programs\MiKTeX\tex/generic/pgf/systemlayer\
pgfsys-common-pdf.def
File: pgfsys-common-pdf.def 2023-01-15 v3.1.10 (3.1.10)
)
\pgfsys@objnum=\count287
)))
(C:\Users\Vyacheslav\AppData\Local\Programs\MiKTeX\tex/generic/pgf/systemlayer\
pgfsyssoftpath.code.tex
File: pgfsyssoftpath.code.tex 2023-01-15 v3.1.10 (3.1.10)
\pgfsyssoftpath@smallbuffer@items=\count288
\pgfsyssoftpath@bigbuffer@items=\count289
)
(C:\Users\Vyacheslav\AppData\Local\Programs\MiKTeX\tex/generic/pgf/systemlayer\
pgfsysprotocol.code.tex
File: pgfsysprotocol.code.tex 2023-01-15 v3.1.10 (3.1.10)
))
(C:\Users\Vyacheslav\AppData\Local\Programs\MiKTeX\tex/latex/xcolor\xcolor.sty
Package: xcolor 2022/06/12 v2.14 LaTeX color extensions (UK)

(C:\Users\Vyacheslav\AppData\Local\Programs\MiKTeX\tex/latex/graphics-cfg\color
.cfg
File: color.cfg 2016/01/02 v1.6 sample color configuration
)
Package xcolor Info: Driver file: xetex.def on input line 227.

(C:\Users\Vyacheslav\AppData\Local\Programs\MiKTeX\tex/latex/graphics\mathcolor
.ltx)
Package xcolor Info: Model `cmy' substituted by `cmy0' on input line 1353.
Package xcolor Info: Model `RGB' extended on input line 1369.
Package xcolor Info: Model `HTML' substituted by `rgb' on input line 1371.
Package xcolor Info: Model `Hsb' substituted by `hsb' on input line 1372.
Package xcolor Info: Model `tHsb' substituted by `hsb' on input line 1373.
Package xcolor Info: Model `HSB' substituted by `hsb' on input line 1374.
Package xcolor Info: Model `Gray' substituted by `gray' on input line 1375.
Package xcolor Info: Model `wave' substituted by `hsb' on input line 1376.
)
(C:\Users\Vyacheslav\AppData\Local\Programs\MiKTeX\tex/generic/pgf/basiclayer\p
gfcore.code.tex
Package: pgfcore 2023-01-15 v3.1.10 (3.1.10)

(C:\Users\Vyacheslav\AppData\Local\Programs\MiKTeX\tex/generic/pgf/math\pgfint.
code.tex)
(C:\Users\Vyacheslav\AppData\Local\Programs\MiKTeX\tex/generic/pgf/basiclayer\p
gfcorepoints.code.tex
File: pgfcorepoints.code.tex 2023-01-15 v3.1.10 (3.1.10)
\pgf@picminx=\dimen187
\pgf@picmaxx=\dimen188
\pgf@picminy=\dimen189
\pgf@picmaxy=\dimen190
\pgf@pathminx=\dimen191
\pgf@pathmaxx=\dimen192
\pgf@pathminy=\dimen193
\pgf@pathmaxy=\dimen194
\pgf@xx=\dimen195
\pgf@xy=\dimen196
\pgf@yx=\dimen197
\pgf@yy=\dimen198
\pgf@zx=\dimen199
\pgf@zy=\dimen256
)
(C:\Users\Vyacheslav\AppData\Local\Programs\MiKTeX\tex/generic/pgf/basiclayer\p
gfcorepathconstruct.code.tex
File: pgfcorepathconstruct.code.tex 2023-01-15 v3.1.10 (3.1.10)
\pgf@path@lastx=\dimen257
\pgf@path@lasty=\dimen258
)
(C:\Users\Vyacheslav\AppData\Local\Programs\MiKTeX\tex/generic/pgf/basiclayer\p
gfcorepathusage.code.tex
File: pgfcorepathusage.code.tex 2023-01-15 v3.1.10 (3.1.10)
\pgf@shorten@end@additional=\dimen259
\pgf@shorten@start@additional=\dimen260
)
(C:\Users\Vyacheslav\AppData\Local\Programs\MiKTeX\tex/generic/pgf/basiclayer\p
gfcorescopes.code.tex
File: pgfcorescopes.code.tex 2023-01-15 v3.1.10 (3.1.10)
\pgfpic=\box62
\pgf@hbox=\box63
\pgf@layerbox@main=\box64
\pgf@picture@serial@count=\count290
)
(C:\Users\Vyacheslav\AppData\Local\Programs\MiKTeX\tex/generic/pgf/basiclayer\p
gfcoregraphicstate.code.tex
File: pgfcoregraphicstate.code.tex 2023-01-15 v3.1.10 (3.1.10)
\pgflinewidth=\dimen261
)
(C:\Users\Vyacheslav\AppData\Local\Programs\MiKTeX\tex/generic/pgf/basiclayer\p
gfcoretransformations.code.tex
File: pgfcoretransformations.code.tex 2023-01-15 v3.1.10 (3.1.10)
\pgf@pt@x=\dimen262
\pgf@pt@y=\dimen263
\pgf@pt@temp=\dimen264
)
(C:\Users\Vyacheslav\AppData\Local\Programs\MiKTeX\tex/generic/pgf/basiclayer\p
gfcorequick.code.tex
File: pgfcorequick.code.tex 2023-01-15 v3.1.10 (3.1.10)
)
(C:\Users\Vyacheslav\AppData\Local\Programs\MiKTeX\tex/generic/pgf/basiclayer\p
gfcoreobjects.code.tex
File: pgfcoreobjects.code.tex 2023-01-15 v3.1.10 (3.1.10)
)
(C:\Users\Vyacheslav\AppData\Local\Programs\MiKTeX\tex/generic/pgf/basiclayer\p
gfcorepathprocessing.code.tex
File: pgfcorepathprocessing.code.tex 2023-01-15 v3.1.10 (3.1.10)
)
(C:\Users\Vyacheslav\AppData\Local\Programs\MiKTeX\tex/generic/pgf/basiclayer\p
gfcorearrows.code.tex
File: pgfcorearrows.code.tex 2023-01-15 v3.1.10 (3.1.10)
\pgfarrowsep=\dimen265
)
(C:\Users\Vyacheslav\AppData\Local\Programs\MiKTeX\tex/generic/pgf/basiclayer\p
gfcoreshade.code.tex
File: pgfcoreshade.code.tex 2023-01-15 v3.1.10 (3.1.10)
\pgf@max=\dimen266
\pgf@sys@shading@range@num=\count291
\pgf@shadingcount=\count292
)
(C:\Users\Vyacheslav\AppData\Local\Programs\MiKTeX\tex/generic/pgf/basiclayer\p
gfcoreimage.code.tex
File: pgfcoreimage.code.tex 2023-01-15 v3.1.10 (3.1.10)
)
(C:\Users\Vyacheslav\AppData\Local\Programs\MiKTeX\tex/generic/pgf/basiclayer\p
gfcoreexternal.code.tex
File: pgfcoreexternal.code.tex 2023-01-15 v3.1.10 (3.1.10)
\pgfexternal@startupbox=\box65
)
(C:\Users\Vyacheslav\AppData\Local\Programs\MiKTeX\tex/generic/pgf/basiclayer\p
gfcorelayers.code.tex
File: pgfcorelayers.code.tex 2023-01-15 v3.1.10 (3.1.10)
)
(C:\Users\Vyacheslav\AppData\Local\Programs\MiKTeX\tex/generic/pgf/basiclayer\p
gfcoretransparency.code.tex
File: pgfcoretransparency.code.tex 2023-01-15 v3.1.10 (3.1.10)
)
(C:\Users\Vyacheslav\AppData\Local\Programs\MiKTeX\tex/generic/pgf/basiclayer\p
gfcorepatterns.code.tex
File: pgfcorepatterns.code.tex 2023-01-15 v3.1.10 (3.1.10)
)
(C:\Users\Vyacheslav\AppData\Local\Programs\MiKTeX\tex/generic/pgf/basiclayer\p
gfcorerdf.code.tex
File: pgfcorerdf.code.tex 2023-01-15 v3.1.10 (3.1.10)
)))
(C:\Users\Vyacheslav\AppData\Local\Programs\MiKTeX\tex/latex/pgf/utilities\xxco
lor.sty
Package: xxcolor 2003/10/24 ver 0.1
\XC@nummixins=\count293
\XC@countmixins=\count294
)
(C:\Users\Vyacheslav\AppData\Local\Programs\MiKTeX\tex/latex/base\atbegshi-ltx.
sty
Package: atbegshi-ltx 2021/01/10 v1.0c Emulation of the original atbegshi
package with kernel methods
)
(C:\Users\Vyacheslav\AppData\Local\Programs\MiKTeX\tex/latex/hyperref\hyperref.
sty
Package: hyperref 2023-07-08 v7.01b Hypertext links for LaTeX

(C:\Users\Vyacheslav\AppData\Local\Programs\MiKTeX\tex/generic/ltxcmds\ltxcmds.
sty
Package: ltxcmds 2020-05-10 v1.25 LaTeX kernel commands for general use (HO)
)
(C:\Users\Vyacheslav\AppData\Local\Programs\MiKTeX\tex/generic/pdftexcmds\pdfte
xcmds.sty
Package: pdftexcmds 2020-06-27 v0.33 Utility functions of pdfTeX for LuaTeX (HO
)

(C:\Users\Vyacheslav\AppData\Local\Programs\MiKTeX\tex/generic/infwarerr\infwar
err.sty
Package: infwarerr 2019/12/03 v1.5 Providing info/warning/error messages (HO)
)
Package pdftexcmds Info: \pdf@primitive is available.
Package pdftexcmds Info: \pdf@ifprimitive is available.
Package pdftexcmds Info: \pdfdraftmode not found.
)
(C:\Users\Vyacheslav\AppData\Local\Programs\MiKTeX\tex/latex/kvsetkeys\kvsetkey
s.sty
Package: kvsetkeys 2022-10-05 v1.19 Key value parser (HO)
)
(C:\Users\Vyacheslav\AppData\Local\Programs\MiKTeX\tex/generic/kvdefinekeys\kvd
efinekeys.sty
Package: kvdefinekeys 2019-12-19 v1.6 Define keys (HO)
)
(C:\Users\Vyacheslav\AppData\Local\Programs\MiKTeX\tex/generic/pdfescape\pdfesc
ape.sty
Package: pdfescape 2019/12/09 v1.15 Implements pdfTeX's escape features (HO)
)
(C:\Users\Vyacheslav\AppData\Local\Programs\MiKTeX\tex/latex/hycolor\hycolor.st
y
Package: hycolor 2020-01-27 v1.10 Color options for hyperref/bookmark (HO)
)
(C:\Users\Vyacheslav\AppData\Local\Programs\MiKTeX\tex/latex/letltxmacro\letltx
macro.sty
Package: letltxmacro 2019/12/03 v1.6 Let assignment for LaTeX macros (HO)
)
(C:\Users\Vyacheslav\AppData\Local\Programs\MiKTeX\tex/latex/auxhook\auxhook.st
y
Package: auxhook 2019-12-17 v1.6 Hooks for auxiliary files (HO)
)
(C:\Users\Vyacheslav\AppData\Local\Programs\MiKTeX\tex/latex/hyperref\nameref.s
ty
Package: nameref 2023-08-07 v2.53 Cross-referencing by name of section

(C:\Users\Vyacheslav\AppData\Local\Programs\MiKTeX\tex/latex/refcount\refcount.
sty
Package: refcount 2019/12/15 v3.6 Data extraction from label references (HO)
)
(C:\Users\Vyacheslav\AppData\Local\Programs\MiKTeX\tex/generic/gettitlestring\g
ettitlestring.sty
Package: gettitlestring 2019/12/15 v1.6 Cleanup title references (HO)

(C:\Users\Vyacheslav\AppData\Local\Programs\MiKTeX\tex/latex/kvoptions\kvoption
s.sty
Package: kvoptions 2022-06-15 v3.15 Key value format for package options (HO)
))
\c@section@level=\count295
)
\@linkdim=\dimen267
\Hy@linkcounter=\count296
\Hy@pagecounter=\count297

(C:\Users\Vyacheslav\AppData\Local\Programs\MiKTeX\tex/latex/hyperref\pd1enc.de
f
File: pd1enc.def 2023-07-08 v7.01b Hyperref: PDFDocEncoding definition (HO)
)
(C:\Users\Vyacheslav\AppData\Local\Programs\MiKTeX\tex/generic/intcalc\intcalc.
sty
Package: intcalc 2019/12/15 v1.3 Expandable calculations with integers (HO)
)
\Hy@SavedSpaceFactor=\count298

(C:\Users\Vyacheslav\AppData\Local\Programs\MiKTeX\tex/latex/hyperref\puenc.def
File: puenc.def 2023-07-08 v7.01b Hyperref: PDF Unicode definition (HO)
)
Package hyperref Info: Option `bookmarks' set `true' on input line 4050.
Package hyperref Info: Option `bookmarksopen' set `true' on input line 4050.
Package hyperref Info: Option `implicit' set `false' on input line 4050.
Package hyperref Info: Hyper figures OFF on input line 4167.
Package hyperref Info: Link nesting OFF on input line 4172.
Package hyperref Info: Hyper index ON on input line 4175.
Package hyperref Info: Plain pages OFF on input line 4182.
Package hyperref Info: Backreferencing OFF on input line 4187.
Package hyperref Info: Implicit mode OFF; no redefinition of LaTeX internals.
Package hyperref Info: Bookmarks ON on input line 4434.
\c@Hy@tempcnt=\count299
 (C:\Users\Vyacheslav\AppData\Local\Programs\MiKTeX\tex/latex/url\url.sty
\Urlmuskip=\muskip16
Package: url 2013/09/16  ver 3.4  Verb mode for urls, etc.
)
LaTeX Info: Redefining \url on input line 4772.
\XeTeXLinkMargin=\dimen268

(C:\Users\Vyacheslav\AppData\Local\Programs\MiKTeX\tex/generic/bitset\bitset.st
y
Package: bitset 2019/12/09 v1.3 Handle bit-vector datatype (HO)

(C:\Users\Vyacheslav\AppData\Local\Programs\MiKTeX\tex/generic/bigintcalc\bigin
tcalc.sty
Package: bigintcalc 2019/12/15 v1.5 Expandable calculations on big integers (HO
)
))
\Fld@menulength=\count300
\Field@Width=\dimen269
\Fld@charsize=\dimen270
Package hyperref Info: Hyper figures OFF on input line 6051.
Package hyperref Info: Link nesting OFF on input line 6056.
Package hyperref Info: Hyper index ON on input line 6059.
Package hyperref Info: backreferencing OFF on input line 6066.
Package hyperref Info: Link coloring OFF on input line 6071.
Package hyperref Info: Link coloring with OCG OFF on input line 6076.
Package hyperref Info: PDF/A mode OFF on input line 6081.
\Hy@abspage=\count301


Package hyperref Message: Stopped early.

)
Package hyperref Info: Driver (autodetected): hxetex.

(C:\Users\Vyacheslav\AppData\Local\Programs\MiKTeX\tex/latex/hyperref\hxetex.de
f
File: hxetex.def 2023-07-08 v7.01b Hyperref driver for XeTeX

(C:\Users\Vyacheslav\AppData\Local\Programs\MiKTeX\tex/generic/stringenc\string
enc.sty
Package: stringenc 2019/11/29 v1.12 Convert strings between diff. encodings (HO
)
)
\pdfm@box=\box66
\c@Hy@AnnotLevel=\count302
\HyField@AnnotCount=\count303
\Fld@listcount=\count304
\c@bookmark@seq@number=\count305

(C:\Users\Vyacheslav\AppData\Local\Programs\MiKTeX\tex/latex/rerunfilecheck\rer
unfilecheck.sty
Package: rerunfilecheck 2022-07-10 v1.10 Rerun checks for auxiliary files (HO)

(C:\Users\Vyacheslav\AppData\Local\Programs\MiKTeX\tex/latex/base\atveryend-ltx
.sty
Package: atveryend-ltx 2020/08/19 v1.0a Emulation of the original atveryend pac
kage
with kernel methods
)
(C:\Users\Vyacheslav\AppData\Local\Programs\MiKTeX\tex/generic/uniquecounter\un
iquecounter.sty
Package: uniquecounter 2019/12/15 v1.4 Provide unlimited unique counter (HO)
)
Package uniquecounter Info: New unique counter `rerunfilecheck' on input line 2
85.
))
(C:\Users\Vyacheslav\AppData\Local\Programs\MiKTeX\tex/latex/beamer\beamerbaser
equires.sty
(C:\Users\Vyacheslav\AppData\Local\Programs\MiKTeX\tex/latex/beamer\beamerbasec
ompatibility.sty)
(C:\Users\Vyacheslav\AppData\Local\Programs\MiKTeX\tex/latex/beamer\beamerbasef
ont.sty
(C:\Users\Vyacheslav\AppData\Local\Programs\MiKTeX\tex/latex/amsfonts\amssymb.s
ty
Package: amssymb 2013/01/14 v3.01 AMS font symbols

(C:\Users\Vyacheslav\AppData\Local\Programs\MiKTeX\tex/latex/amsfonts\amsfonts.
sty
Package: amsfonts 2013/01/14 v3.01 Basic AMSFonts support
\@emptytoks=\toks29
\symAMSa=\mathgroup4
\symAMSb=\mathgroup5
LaTeX Font Info:    Redeclaring math symbol \hbar on input line 98.
LaTeX Font Info:    Overwriting math alphabet `\mathfrak' in version `bold'
(Font)                  U/euf/m/n --> U/euf/b/n on input line 106.
)))
(C:\Users\Vyacheslav\AppData\Local\Programs\MiKTeX\tex/latex/beamer\beamerbaset
ranslator.sty
(C:\Users\Vyacheslav\AppData\Local\Programs\MiKTeX\tex/latex/translator\transla
tor.sty
Package: translator 2021-05-31 v1.12d Easy translation of strings in LaTeX
))
(C:\Users\Vyacheslav\AppData\Local\Programs\MiKTeX\tex/latex/beamer\beamerbasem
isc.sty)
(C:\Users\Vyacheslav\AppData\Local\Programs\MiKTeX\tex/latex/beamer\beamerbaset
woscreens.sty)
(C:\Users\Vyacheslav\AppData\Local\Programs\MiKTeX\tex/latex/beamer\beamerbaseo
verlay.sty
\beamer@argscount=\count306
\beamer@lastskipcover=\skip51
\beamer@trivlistdepth=\count307
)
(C:\Users\Vyacheslav\AppData\Local\Programs\MiKTeX\tex/latex/beamer\beamerbaset
itle.sty)
(C:\Users\Vyacheslav\AppData\Local\Programs\MiKTeX\tex/latex/beamer\beamerbases
ection.sty
\c@lecture=\count308
\c@part=\count309
\c@section=\count310
\c@subsection=\count311
\c@subsubsection=\count312
)
(C:\Users\Vyacheslav\AppData\Local\Programs\MiKTeX\tex/latex/beamer\beamerbasef
rame.sty
\beamer@framebox=\box67
\beamer@frametitlebox=\box68
\beamer@zoombox=\box69
\beamer@zoomcount=\count313
\beamer@zoomframecount=\count314
\beamer@frametextheight=\dimen271
\c@subsectionslide=\count315
\beamer@frametopskip=\skip52
\beamer@framebottomskip=\skip53
\beamer@frametopskipautobreak=\skip54
\beamer@framebottomskipautobreak=\skip55
\beamer@envbody=\toks30
\framewidth=\dimen272
\c@framenumber=\count316
)
(C:\Users\Vyacheslav\AppData\Local\Programs\MiKTeX\tex/latex/beamer\beamerbasev
erbatim.sty
\beamer@verbatimfileout=\write4
)
(C:\Users\Vyacheslav\AppData\Local\Programs\MiKTeX\tex/latex/beamer\beamerbasef
ramesize.sty
\beamer@splitbox=\box70
\beamer@autobreakcount=\count317
\beamer@autobreaklastheight=\dimen273
\beamer@frametitletoks=\toks31
\beamer@framesubtitletoks=\toks32
)
(C:\Users\Vyacheslav\AppData\Local\Programs\MiKTeX\tex/latex/beamer\beamerbasef
ramecomponents.sty
\beamer@footins=\box71
)
(C:\Users\Vyacheslav\AppData\Local\Programs\MiKTeX\tex/latex/beamer\beamerbasec
olor.sty)
(C:\Users\Vyacheslav\AppData\Local\Programs\MiKTeX\tex/latex/beamer\beamerbasen
otes.sty
\beamer@frameboxcopy=\box72
)
(C:\Users\Vyacheslav\AppData\Local\Programs\MiKTeX\tex/latex/beamer\beamerbaset
oc.sty)
(C:\Users\Vyacheslav\AppData\Local\Programs\MiKTeX\tex/latex/beamer\beamerbaset
emplates.sty
\beamer@sbttoks=\toks33

(C:\Users\Vyacheslav\AppData\Local\Programs\MiKTeX\tex/latex/beamer\beamerbasea
uxtemplates.sty
(C:\Users\Vyacheslav\AppData\Local\Programs\MiKTeX\tex/latex/beamer\beamerbaseb
oxes.sty
\bmb@box=\box73
\bmb@colorbox=\box74
\bmb@boxwidth=\dimen274
\bmb@boxheight=\dimen275
\bmb@prevheight=\dimen276
\bmb@temp=\dimen277
\bmb@dima=\dimen278
\bmb@dimb=\dimen279
\bmb@prevheight=\dimen280
)
\beamer@blockheadheight=\dimen281
))
(C:\Users\Vyacheslav\AppData\Local\Programs\MiKTeX\tex/latex/beamer\beamerbasel
ocalstructure.sty
(C:\Users\Vyacheslav\AppData\Local\Programs\MiKTeX\tex/latex/tools\enumerate.st
y
Package: enumerate 2015/07/23 v3.00 enumerate extensions (DPC)
\@enLab=\toks34
)
\beamer@bibiconwidth=\skip56
\c@figure=\count318
\c@table=\count319
\abovecaptionskip=\skip57
\belowcaptionskip=\skip58
)
(C:\Users\Vyacheslav\AppData\Local\Programs\MiKTeX\tex/latex/beamer\beamerbasen
avigation.sty
(C:\Users\Vyacheslav\AppData\Local\Programs\MiKTeX\tex/latex/beamer\beamerbasen
avigationsymbols.tex)
\beamer@section@min@dim=\dimen282
)
(C:\Users\Vyacheslav\AppData\Local\Programs\MiKTeX\tex/latex/beamer\beamerbaset
heorems.sty
(C:\Users\Vyacheslav\AppData\Local\Programs\MiKTeX\tex/latex/amsmath\amsmath.st
y
Package: amsmath 2023/05/13 v2.17o AMS math features
\@mathmargin=\skip59

For additional information on amsmath, use the `?' option.

(C:\Users\Vyacheslav\AppData\Local\Programs\MiKTeX\tex/latex/amsmath\amstext.st
y
Package: amstext 2021/08/26 v2.01 AMS text

(C:\Users\Vyacheslav\AppData\Local\Programs\MiKTeX\tex/latex/amsmath\amsgen.sty
File: amsgen.sty 1999/11/30 v2.0 generic functions
\@emptytoks=\toks35
\ex@=\dimen283
))
(C:\Users\Vyacheslav\AppData\Local\Programs\MiKTeX\tex/latex/amsmath\amsbsy.sty
Package: amsbsy 1999/11/29 v1.2d Bold Symbols
\pmbraise@=\dimen284
)
(C:\Users\Vyacheslav\AppData\Local\Programs\MiKTeX\tex/latex/amsmath\amsopn.sty
Package: amsopn 2022/04/08 v2.04 operator names
)
\inf@bad=\count320
LaTeX Info: Redefining \frac on input line 234.
\uproot@=\count321
\leftroot@=\count322
LaTeX Info: Redefining \overline on input line 399.
LaTeX Info: Redefining \colon on input line 410.
\classnum@=\count323
\DOTSCASE@=\count324
LaTeX Info: Redefining \ldots on input line 496.
LaTeX Info: Redefining \dots on input line 499.
LaTeX Info: Redefining \cdots on input line 620.
\Mathstrutbox@=\box75
\strutbox@=\box76
LaTeX Info: Redefining \big on input line 722.
LaTeX Info: Redefining \Big on input line 723.
LaTeX Info: Redefining \bigg on input line 724.
LaTeX Info: Redefining \Bigg on input line 725.
\big@size=\dimen285
LaTeX Font Info:    Redeclaring font encoding OML on input line 743.
LaTeX Font Info:    Redeclaring font encoding OMS on input line 744.
\macc@depth=\count325
LaTeX Info: Redefining \bmod on input line 905.
LaTeX Info: Redefining \pmod on input line 910.
LaTeX Info: Redefining \smash on input line 940.
LaTeX Info: Redefining \relbar on input line 970.
LaTeX Info: Redefining \Relbar on input line 971.
\c@MaxMatrixCols=\count326
\dotsspace@=\muskip17
\c@parentequation=\count327
\dspbrk@lvl=\count328
\tag@help=\toks36
\row@=\count329
\column@=\count330
\maxfields@=\count331
\andhelp@=\toks37
\eqnshift@=\dimen286
\alignsep@=\dimen287
\tagshift@=\dimen288
\tagwidth@=\dimen289
\totwidth@=\dimen290
\lineht@=\dimen291
\@envbody=\toks38
\multlinegap=\skip60
\multlinetaggap=\skip61
\mathdisplay@stack=\toks39
LaTeX Info: Redefining \[ on input line 2953.
LaTeX Info: Redefining \] on input line 2954.
)
(C:\Users\Vyacheslav\AppData\Local\Programs\MiKTeX\tex/latex/amscls\amsthm.sty
Package: amsthm 2020/05/29 v2.20.6
\thm@style=\toks40
\thm@bodyfont=\toks41
\thm@headfont=\toks42
\thm@notefont=\toks43
\thm@headpunct=\toks44
\thm@preskip=\skip62
\thm@postskip=\skip63
\thm@headsep=\skip64
\dth@everypar=\toks45
)
\c@theorem=\count332
)
(C:\Users\Vyacheslav\AppData\Local\Programs\MiKTeX\tex/latex/beamer\beamerbaset
hemes.sty))
(C:\Users\Vyacheslav\AppData\Local\Programs\MiKTeX\tex/latex/beamer\beamertheme
default.sty
(C:\Users\Vyacheslav\AppData\Local\Programs\MiKTeX\tex/latex/beamer\beamerfontt
hemedefault.sty)
(C:\Users\Vyacheslav\AppData\Local\Programs\MiKTeX\tex/latex/beamer\beamercolor
themedefault.sty)
(C:\Users\Vyacheslav\AppData\Local\Programs\MiKTeX\tex/latex/beamer\beamerinner
themedefault.sty
\beamer@dima=\dimen292
\beamer@dimb=\dimen293
)
(C:\Users\Vyacheslav\AppData\Local\Programs\MiKTeX\tex/latex/beamer\beamerouter
themedefault.sty))) (beamerthemetpu.sty
(C:\Users\Vyacheslav\AppData\Local\Programs\MiKTeX\tex/latex/pgf/frontendlayer\
tikz.sty
(C:\Users\Vyacheslav\AppData\Local\Programs\MiKTeX\tex/latex/pgf/basiclayer\pgf
.sty
Package: pgf 2023-01-15 v3.1.10 (3.1.10)

(C:\Users\Vyacheslav\AppData\Local\Programs\MiKTeX\tex/generic/pgf/modules\pgfm
oduleshapes.code.tex
File: pgfmoduleshapes.code.tex 2023-01-15 v3.1.10 (3.1.10)
\pgfnodeparttextbox=\box77
)
(C:\Users\Vyacheslav\AppData\Local\Programs\MiKTeX\tex/generic/pgf/modules\pgfm
oduleplot.code.tex
File: pgfmoduleplot.code.tex 2023-01-15 v3.1.10 (3.1.10)
)
(C:\Users\Vyacheslav\AppData\Local\Programs\MiKTeX\tex/latex/pgf/compatibility\
pgfcomp-version-0-65.sty
Package: pgfcomp-version-0-65 2023-01-15 v3.1.10 (3.1.10)
\pgf@nodesepstart=\dimen294
\pgf@nodesepend=\dimen295
)
(C:\Users\Vyacheslav\AppData\Local\Programs\MiKTeX\tex/latex/pgf/compatibility\
pgfcomp-version-1-18.sty
Package: pgfcomp-version-1-18 2023-01-15 v3.1.10 (3.1.10)
))
(C:\Users\Vyacheslav\AppData\Local\Programs\MiKTeX\tex/latex/pgf/utilities\pgff
or.sty
(C:\Users\Vyacheslav\AppData\Local\Programs\MiKTeX\tex/generic/pgf/utilities\pg
ffor.code.tex
Package: pgffor 2023-01-15 v3.1.10 (3.1.10)
\pgffor@iter=\dimen296
\pgffor@skip=\dimen297
\pgffor@stack=\toks46
\pgffor@toks=\toks47
))
(C:\Users\Vyacheslav\AppData\Local\Programs\MiKTeX\tex/generic/pgf/frontendlaye
r/tikz\tikz.code.tex
Package: tikz 2023-01-15 v3.1.10 (3.1.10)

(C:\Users\Vyacheslav\AppData\Local\Programs\MiKTeX\tex/generic/pgf/libraries\pg
flibraryplothandlers.code.tex
File: pgflibraryplothandlers.code.tex 2023-01-15 v3.1.10 (3.1.10)
\pgf@plot@mark@count=\count333
\pgfplotmarksize=\dimen298
)
\tikz@lastx=\dimen299
\tikz@lasty=\dimen300
\tikz@lastxsaved=\dimen301
\tikz@lastysaved=\dimen302
\tikz@lastmovetox=\dimen303
\tikz@lastmovetoy=\dimen304
\tikzleveldistance=\dimen305
\tikzsiblingdistance=\dimen306
\tikz@figbox=\box78
\tikz@figbox@bg=\box79
\tikz@tempbox=\box80
\tikz@tempbox@bg=\box81
\tikztreelevel=\count334
\tikznumberofchildren=\count335
\tikznumberofcurrentchild=\count336
\tikz@fig@count=\count337

(C:\Users\Vyacheslav\AppData\Local\Programs\MiKTeX\tex/generic/pgf/modules\pgfm
odulematrix.code.tex
File: pgfmodulematrix.code.tex 2023-01-15 v3.1.10 (3.1.10)
\pgfmatrixcurrentrow=\count338
\pgfmatrixcurrentcolumn=\count339
\pgf@matrix@numberofcolumns=\count340
)
\tikz@expandcount=\count341

(C:\Users\Vyacheslav\AppData\Local\Programs\MiKTeX\tex/generic/pgf/frontendlaye
r/tikz/libraries\tikzlibrarytopaths.code.tex
File: tikzlibrarytopaths.code.tex 2023-01-15 v3.1.10 (3.1.10)
)))
(C:\Users\Vyacheslav\AppData\Local\Programs\MiKTeX\tex/latex/tcolorbox\tcolorbo
x.sty
Package: tcolorbox 2023/06/19 version 6.0.4 text color boxes

(C:\Users\Vyacheslav\AppData\Local\Programs\MiKTeX\tex/latex/tools\verbatim.sty
Package: verbatim 2022-07-02 v1.5u LaTeX2e package for verbatim enhancements
\every@verbatim=\toks48
\verbatim@line=\toks49
\verbatim@in@stream=\read3
)
(C:\Users\Vyacheslav\AppData\Local\Programs\MiKTeX\tex/latex/environ\environ.st
y
Package: environ 2014/05/04 v0.3 A new way to define environments

(C:\Users\Vyacheslav\AppData\Local\Programs\MiKTeX\tex/latex/trimspaces\trimspa
ces.sty
Package: trimspaces 2009/09/17 v1.1 Trim spaces around a token list
))
\tcb@titlebox=\box82
\tcb@upperbox=\box83
\tcb@lowerbox=\box84
\tcb@phantombox=\box85
\c@tcbbreakpart=\count342
\c@tcblayer=\count343
\c@tcolorbox@number=\count344
\tcb@temp=\box86
\tcb@temp=\box87
\tcb@temp=\box88
\tcb@temp=\box89

(C:\Users\Vyacheslav\AppData\Local\Programs\MiKTeX\tex/latex/tcolorbox\tcbskins
.code.tex
Library (tcolorbox): 'tcbskins.code.tex' version '6.0.4'

(C:\Users\Vyacheslav\AppData\Local\Programs\MiKTeX\tex/latex/tikzfill\tikzfill.
image.sty
Package: tikzfill.image 2023/08/08 v1.0.1 Image filling library for TikZ

(C:\Users\Vyacheslav\AppData\Local\Programs\MiKTeX\tex/latex/tikzfill\tikzfill-
common.sty
Package: tikzfill-common 2023/08/08 v1.0.1 Auxiliary code for tikzfill
)
(C:\Users\Vyacheslav\AppData\Local\Programs\MiKTeX\tex/latex/tikzfill\tikzlibra
ryfill.image.code.tex
File: tikzlibraryfill.image.code.tex 2023/08/08 v1.0.1 Image filling library
\l__tikzfill_img_box=\box90
))
(C:\Users\Vyacheslav\AppData\Local\Programs\MiKTeX\tex/latex/tcolorbox\tcbskins
jigsaw.code.tex
Library (tcolorbox): 'tcbskinsjigsaw.code.tex' version '6.0.4'
))
(C:\Users\Vyacheslav\AppData\Local\Programs\MiKTeX\tex/latex/tcolorbox\tcbbreak
able.code.tex
Library (tcolorbox): 'tcbbreakable.code.tex' version '6.0.4'
(C:\Users\Vyacheslav\AppData\Local\Programs\MiKTeX\tex/latex/pdfcol\pdfcol.sty
Package: pdfcol 2022-09-21 v1.7 Handle new color stacks for pdfTeX (HO)
Package pdfcol Info: Interface disabled because of missing PDF mode of pdfTeX.
)
Package pdfcol Info: pdfTeX's color stacks are not available.
\tcb@testbox=\box91
\tcb@totalupperbox=\box92
\tcb@totallowerbox=\box93
)) (beamerinnerthemetpu.sty) (beamerouterthemetpu.sty) (beamercolorthemetpu.sty
) (beamerfontthemetpu.sty))
(C:\Users\Vyacheslav\AppData\Local\Programs\MiKTeX\tex/generic/babel\babel.sty
Package: babel 2023/08/29 v3.93 The Babel package
\babel@savecnt=\count345
\U@D=\dimen307
\l@unhyphenated=\language79

(C:\Users\Vyacheslav\AppData\Local\Programs\MiKTeX\tex/generic/babel\xebabel.de
f)
\bbl@readstream=\read4
LaTeX Info: Redefining \textlatin on input line 3944.
\bbl@dirlevel=\count346

*************************************
* Local config file bblopts.cfg used
*
(C:\Users\Vyacheslav\AppData\Local\Programs\MiKTeX\tex/latex/arabi\bblopts.cfg
File: bblopts.cfg 2005/09/08 v0.1 add Arabic and Farsi to "declared" options of
 babel
)
(C:\Users\Vyacheslav\AppData\Local\Programs\MiKTeX\tex/latex/babel-russian\russ
ianb.ldf
File: russianb.ldf 2021/01/10 1.3m Russian support for the Babel system
Language: russian 2020/09/09 1.3k Russian support for the Babel system
Package babel Info: Making " an active character on input line 124.
Package babel Info: Default for \cyrdash is provided on input line 163.
))
(C:\Users\Vyacheslav\AppData\Local\Programs\MiKTeX\tex/generic/babel/locale/ru\
babel-russian.tex
Package babel Info: Importing font and identification data for russian
(babel)             from babel-ru.ini. Reported on input line 11.
)
(C:\Users\Vyacheslav\AppData\Local\Programs\MiKTeX\tex/latex/base\inputenc.sty
Package: inputenc 2021/02/14 v1.3d Input encoding file
\inpenc@prehook=\toks50
\inpenc@posthook=\toks51


Package inputenc Warning: inputenc package ignored with utf8 based engines.

)
(C:\Users\Vyacheslav\AppData\Local\Programs\MiKTeX\tex/latex/fontspec\fontspec.
sty
(C:\Users\Vyacheslav\AppData\Local\Programs\MiKTeX\tex/latex/l3packages/xparse\
xparse.sty
(C:\Users\Vyacheslav\AppData\Local\Programs\MiKTeX\tex/latex/l3kernel\expl3.sty
Package: expl3 2023-08-29 L3 programming layer (loader) 

(C:\Users\Vyacheslav\AppData\Local\Programs\MiKTeX\tex/latex/l3backend\l3backen
d-xetex.def
File: l3backend-xetex.def 2023-04-19 L3 backend support: XeTeX
\g__graphics_track_int=\count347
\l__pdf_internal_box=\box94
\g__pdf_backend_object_int=\count348
\g__pdf_backend_annotation_int=\count349
\g__pdf_backend_link_int=\count350
))
Package: xparse 2023-08-29 L3 Experimental document command parser
)
Package: fontspec 2022/01/15 v2.8a Font selection for XeLaTeX and LuaLaTeX

(C:\Users\Vyacheslav\AppData\Local\Programs\MiKTeX\tex/latex/fontspec\fontspec-
xetex.sty
Package: fontspec-xetex 2022/01/15 v2.8a Font selection for XeLaTeX and LuaLaTe
X
\l__fontspec_script_int=\count351
\l__fontspec_language_int=\count352
\l__fontspec_strnum_int=\count353
\l__fontspec_tmp_int=\count354
\l__fontspec_tmpa_int=\count355
\l__fontspec_tmpb_int=\count356
\l__fontspec_tmpc_int=\count357
\l__fontspec_em_int=\count358
\l__fontspec_emdef_int=\count359
\l__fontspec_strong_int=\count360
\l__fontspec_strongdef_int=\count361
\l__fontspec_tmpa_dim=\dimen308
\l__fontspec_tmpb_dim=\dimen309
\l__fontspec_tmpc_dim=\dimen310

(C:\Users\Vyacheslav\AppData\Local\Programs\MiKTeX\tex/latex/base\fontenc.sty
Package: fontenc 2021/04/29 v2.0v Standard LaTeX package
)
(C:\Users\Vyacheslav\AppData\Local\Programs\MiKTeX\tex/latex/fontspec\fontspec.
cfg)))

Package fontspec Info: Font family 'Brygada1918(0)' created for font
(fontspec)             'Brygada1918' with options
(fontspec)             [Ligatures=TeX,Path=./fonts/BrygadaFontFiles/,Extension
(fontspec)             =
(fontspec)             .ttf,UprightFont=*-Regular,BoldFont=*-Bold,ItalicFont=*-
Italic,BoldItalicFont=*-BoldItalic].
(fontspec)              
(fontspec)              This font family consists of the following NFSS
(fontspec)             series/shapes:
(fontspec)              
(fontspec)             - 'normal' (m/n) with NFSS spec.:
(fontspec)             <->"[./fonts/BrygadaFontFiles/Brygada1918-Regular.ttf]/O
T:script=latn;language=dflt;mapping=tex-text;"
(fontspec)             - 'small caps'  (m/sc) with NFSS spec.:
(fontspec)             <->"[./fonts/BrygadaFontFiles/Brygada1918-Regular.ttf]/O
T:script=latn;language=dflt;+smcp;mapping=tex-text;"
(fontspec)             - 'bold' (b/n) with NFSS spec.:
(fontspec)             <->"[./fonts/BrygadaFontFiles/Brygada1918-Bold.ttf]/OT:s
cript=latn;language=dflt;mapping=tex-text;"
(fontspec)             - 'bold small caps'  (b/sc) with NFSS spec.:
(fontspec)             <->"[./fonts/BrygadaFontFiles/Brygada1918-Bold.ttf]/OT:s
cript=latn;language=dflt;+smcp;mapping=tex-text;"
(fontspec)             - 'italic' (m/it) with NFSS spec.:
(fontspec)             <->"[./fonts/BrygadaFontFiles/Brygada1918-Italic.ttf]/OT
:script=latn;language=dflt;mapping=tex-text;"
(fontspec)             - 'italic small caps'  (m/scit) with NFSS spec.:
(fontspec)             <->"[./fonts/BrygadaFontFiles/Brygada1918-Italic.ttf]/OT
:script=latn;language=dflt;+smcp;mapping=tex-text;"
(fontspec)             - 'bold italic' (b/it) with NFSS spec.:
(fontspec)             <->"[./fonts/BrygadaFontFiles/Brygada1918-BoldItalic.ttf
]/OT:script=latn;language=dflt;mapping=tex-text;"
(fontspec)             - 'bold italic small caps'  (b/scit) with NFSS spec.:
(fontspec)             <->"[./fonts/BrygadaFontFiles/Brygada1918-BoldItalic.ttf
]/OT:script=latn;language=dflt;+smcp;mapping=tex-text;"


Package fontspec Info: Font family 'ALSSirius(0)' created for font 'ALSSirius'
(fontspec)             with options
(fontspec)             [Ligatures=TeX,Path=./fonts/ALSSiriusFiles/,Extension =
(fontspec)             .otf,UprightFont=*-Regular,BoldFont=*-Bold].
(fontspec)              
(fontspec)              This font family consists of the following NFSS
(fontspec)             series/shapes:
(fontspec)              
(fontspec)             - 'normal' (m/n) with NFSS spec.:
(fontspec)             <->"[./fonts/ALSSiriusFiles/ALSSirius-Regular.otf]/OT:sc
ript=latn;language=dflt;mapping=tex-text;"
(fontspec)             - 'small caps'  (m/sc) with NFSS spec.: 
(fontspec)             - 'bold' (b/n) with NFSS spec.:
(fontspec)             <->"[./fonts/ALSSiriusFiles/ALSSirius-Bold.otf]/OT:scrip
t=latn;language=dflt;mapping=tex-text;"
(fontspec)             - 'bold small caps'  (b/sc) with NFSS spec.: 


Package fontspec Info: Font family 'Consolas(0)' created for font 'Consolas'
(fontspec)             with options
(fontspec)             [WordSpace={1,0,0},HyphenChar=None,PunctuationSpace=Word
Space,Path=./fonts/ConsolasFontFiles/,Extension
(fontspec)             =
(fontspec)             .ttf,UprightFont=*-Regular,BoldFont=*-Bold,ItalicFont=*-
Italic,BoldItalicFont=*-BoldItalic].
(fontspec)              
(fontspec)              This font family consists of the following NFSS
(fontspec)             series/shapes:
(fontspec)              
(fontspec)             - 'normal' (m/n) with NFSS spec.:
(fontspec)             <->"[./fonts/ConsolasFontFiles/Consolas-Regular.ttf]/OT:
script=latn;language=dflt;"
(fontspec)             - 'small caps'  (m/sc) with NFSS spec.: 
(fontspec)             and font adjustment code:
(fontspec)             \fontdimen 2\font =1\fontdimen 2\font \fontdimen 3\font
(fontspec)             =0\fontdimen 3\font \fontdimen 4\font =0\fontdimen
(fontspec)             4\font \fontdimen 7\font =0\fontdimen 2\font
(fontspec)             \tex_hyphenchar:D \font =-1\scan_stop: 
(fontspec)             - 'bold' (b/n) with NFSS spec.:
(fontspec)             <->"[./fonts/ConsolasFontFiles/Consolas-Bold.ttf]/OT:scr
ipt=latn;language=dflt;"
(fontspec)             - 'bold small caps'  (b/sc) with NFSS spec.: 
(fontspec)             and font adjustment code:
(fontspec)             \fontdimen 2\font =1\fontdimen 2\font \fontdimen 3\font
(fontspec)             =0\fontdimen 3\font \fontdimen 4\font =0\fontdimen
(fontspec)             4\font \fontdimen 7\font =0\fontdimen 2\font
(fontspec)             \tex_hyphenchar:D \font =-1\scan_stop: 
(fontspec)             - 'italic' (m/it) with NFSS spec.:
(fontspec)             <->"[./fonts/ConsolasFontFiles/Consolas-Italic.ttf]/OT:s
cript=latn;language=dflt;"
(fontspec)             - 'italic small caps'  (m/scit) with NFSS spec.: 
(fontspec)             and font adjustment code:
(fontspec)             \fontdimen 2\font =1\fontdimen 2\font \fontdimen 3\font
(fontspec)             =0\fontdimen 3\font \fontdimen 4\font =0\fontdimen
(fontspec)             4\font \fontdimen 7\font =0\fontdimen 2\font
(fontspec)             \tex_hyphenchar:D \font =-1\scan_stop: 
(fontspec)             - 'bold italic' (b/it) with NFSS spec.:
(fontspec)             <->"[./fonts/ConsolasFontFiles/Consolas-BoldItalic.ttf]/
OT:script=latn;language=dflt;"
(fontspec)             - 'bold italic small caps'  (b/scit) with NFSS spec.: 
(fontspec)             and font adjustment code:
(fontspec)             \fontdimen 2\font =1\fontdimen 2\font \fontdimen 3\font
(fontspec)             =0\fontdimen 3\font \fontdimen 4\font =0\fontdimen
(fontspec)             4\font \fontdimen 7\font =0\fontdimen 2\font
(fontspec)             \tex_hyphenchar:D \font =-1\scan_stop: 


(C:\Users\Vyacheslav\AppData\Local\Programs\MiKTeX\tex/latex/minted\minted.sty
Package: minted 2023/09/12 v2.8 Yet another Pygments shim for LaTeX

(C:\Users\Vyacheslav\AppData\Local\Programs\MiKTeX\tex/latex/fvextra\fvextra.st
y
Package: fvextra 2022/11/30 v1.5 fvextra - extensions and patches for fancyvrb

(C:\Users\Vyacheslav\AppData\Local\Programs\MiKTeX\tex/latex/fancyvrb\fancyvrb.
sty
Package: fancyvrb 2023/01/19 4.5a verbatim text (tvz,hv)
\FV@CodeLineNo=\count362
\FV@InFile=\read5
\FV@TabBox=\box95
\c@FancyVerbLine=\count363
\FV@StepNumber=\count364
\FV@OutFile=\write5
)
(C:\Users\Vyacheslav\AppData\Local\Programs\MiKTeX\tex/latex/upquote\upquote.st
y
Package: upquote 2012/04/19 v1.3 upright-quote and grave-accent glyphs in verba
tim

(C:\Users\Vyacheslav\AppData\Local\Programs\MiKTeX\tex/latex/base\textcomp.sty
Package: textcomp 2020/02/02 v2.0n Standard LaTeX package
))
(C:\Users\Vyacheslav\AppData\Local\Programs\MiKTeX\tex/latex/lineno\lineno.sty
Package: lineno 2023/05/20 line numbers on paragraphs v5.3
Invalid UTF-8 byte or sequence at line 292 replaced by U+FFFD.
\linenopenalty=\count365
\output=\toks52
\linenoprevgraf=\count366
\linenumbersep=\dimen311
\linenumberwidth=\dimen312
\c@linenumber=\count367
\c@pagewiselinenumber=\count368
\c@LN@truepage=\count369
\c@internallinenumber=\count370
\c@internallinenumbers=\count371
\quotelinenumbersep=\dimen313
\bframerule=\dimen314
\bframesep=\dimen315
\bframebox=\box96
\linenoamsmath@ams@eqpen=\count372
LaTeX Info: Redefining \\ on input line 3180.
)
\c@FV@TrueTabGroupLevel=\count373
\c@FV@TrueTabCounter=\count374
\FV@TabBox@Group=\box97
\FV@TmpLength=\skip65
\c@FV@HighlightLinesStart=\count375
\c@FV@HighlightLinesStop=\count376
\FV@LoopCount=\count377
\FV@NCharsBox=\box98
\FV@BreakIndent=\dimen316
\FV@BreakIndentNChars=\count378
\FV@BreakSymbolSepLeft=\dimen317
\FV@BreakSymbolSepLeftNChars=\count379
\FV@BreakSymbolSepRight=\dimen318
\FV@BreakSymbolSepRightNChars=\count380
\FV@BreakSymbolIndentLeft=\dimen319
\FV@BreakSymbolIndentLeftNChars=\count381
\FV@BreakSymbolIndentRight=\dimen320
\FV@BreakSymbolIndentRightNChars=\count382
\c@FancyVerbLineBreakLast=\count383
\FV@LineBox=\box99
\FV@LineIndentBox=\box100
\c@FV@BreakBufferDepth=\count384
\FV@LineWidth=\dimen321
) (C:\Users\Vyacheslav\AppData\Local\Programs\MiKTeX\tex/latex/base\ifthen.sty
Package: ifthen 2022/04/13 v1.1d Standard LaTeX ifthen package (DPC)
)
(C:\Users\Vyacheslav\AppData\Local\Programs\MiKTeX\tex/latex/tools\shellesc.sty
Package: shellesc 2023/04/15 v1.0d unified shell escape interface for LaTeX
Package shellesc Info: Unrestricted shell escape enabled on input line 75.
)
(C:\Users\Vyacheslav\AppData\Local\Programs\MiKTeX\tex/latex/ifplatform\ifplatf
orm.sty
Package: ifplatform 2017/10/13 v0.4a Testing for the operating system

(C:\Users\Vyacheslav\AppData\Local\Programs\MiKTeX\tex/generic/catchfile\catchf
ile.sty
Package: catchfile 2019/12/09 v1.8 Catch the contents of a file (HO)

(C:\Users\Vyacheslav\AppData\Local\Programs\MiKTeX\tex/generic/etexcmds\etexcmd
s.sty
Package: etexcmds 2019/12/15 v1.7 Avoid name clashes with e-TeX commands (HO)
))
(C:\Users\Vyacheslav\AppData\Local\Programs\MiKTeX\tex/generic/iftex\ifluatex.s
ty
Package: ifluatex 2019/10/25 v1.5 ifluatex legacy package. Use iftex instead.
))
(C:\Users\Vyacheslav\AppData\Local\Programs\MiKTeX\tex/latex/xstring\xstring.st
y
(C:\Users\Vyacheslav\AppData\Local\Programs\MiKTeX\tex/generic/xstring\xstring.
tex
\xs_counta=\count385
\xs_countb=\count386
)
Package: xstring 2023/08/22 v1.86 String manipulations (CT)
)
(C:\Users\Vyacheslav\AppData\Local\Programs\MiKTeX\tex/latex/framed\framed.sty
Package: framed 2011/10/22 v 0.96: framed or shaded text with page breaks
\OuterFrameSep=\skip66
\fb@frw=\dimen322
\fb@frh=\dimen323
\FrameRule=\dimen324
\FrameSep=\dimen325
) (C:\Users\Vyacheslav\AppData\Local\Programs\MiKTeX\tex/latex/float\float.sty
Package: float 2001/11/08 v1.3d Float enhancements (AL)
\c@float@type=\count387
\float@exts=\toks53
\float@box=\box101
\@float@everytoks=\toks54
\@floatcapt=\box102
)
\minted@appexistsfile=\read6
\minted@bgbox=\box103
\minted@code=\write6
\c@minted@FancyVerbLineTemp=\count388
\c@minted@pygmentizecounter=\count389
\@float@every@listing=\toks55
\c@listing=\count390
)
(C:\Users\Vyacheslav\AppData\Local\Programs\MiKTeX\tex/latex/colortbl\colortbl.
sty
Package: colortbl 2024/02/20 v1.0g Color table columns (DPC)

(C:\Users\Vyacheslav\AppData\Local\Programs\MiKTeX\tex/latex/tools\array.sty
Package: array 2022/09/04 v2.5g Tabular extension package (FMi)
\col@sep=\dimen326
\ar@mcellbox=\box104
\extrarowheight=\dimen327
\NC@list=\toks56
\extratabsurround=\skip67
\backup@length=\skip68
\ar@cellbox=\box105
)
\everycr=\toks57
\minrowclearance=\skip69
\rownum=\count391
)
(C:\Users\Vyacheslav\AppData\Local\Programs\MiKTeX\tex/latex/booktabs\booktabs.
sty
Package: booktabs 2020/01/12 v1.61803398 Publication quality tables
\heavyrulewidth=\dimen328
\lightrulewidth=\dimen329
\cmidrulewidth=\dimen330
\belowrulesep=\dimen331
\belowbottomsep=\dimen332
\aboverulesep=\dimen333
\abovetopsep=\dimen334
\cmidrulesep=\dimen335
\cmidrulekern=\dimen336
\defaultaddspace=\dimen337
\@cmidla=\count392
\@cmidlb=\count393
\@aboverulesep=\dimen338
\@belowrulesep=\dimen339
\@thisruleclass=\count394
\@lastruleclass=\count395
\@thisrulewidth=\dimen340
)
(C:\Users\Vyacheslav\AppData\Local\Programs\MiKTeX\tex/latex/tools\multicol.sty
Package: multicol 2023/03/30 v1.9f multicolumn formatting (FMi)
\c@tracingmulticols=\count396
\mult@box=\box106
\multicol@leftmargin=\dimen341
\c@unbalance=\count397
\c@collectmore=\count398
\doublecol@number=\count399
\multicoltolerance=\count400
\multicolpretolerance=\count401
\full@width=\dimen342
\page@free=\dimen343
\premulticols=\dimen344
\postmulticols=\dimen345
\multicolsep=\skip70
\multicolbaselineskip=\skip71
\partial@page=\box107
\last@line=\box108
\mc@boxedresult=\box109
\maxbalancingoverflow=\dimen346
\mult@rightbox=\box110
\mult@grightbox=\box111
\mult@firstbox=\box112
\mult@gfirstbox=\box113
\@tempa=\box114
\@tempa=\box115
\@tempa=\box116
\@tempa=\box117
\@tempa=\box118
\@tempa=\box119
\@tempa=\box120
\@tempa=\box121
\@tempa=\box122
\@tempa=\box123
\@tempa=\box124
\@tempa=\box125
\@tempa=\box126
\@tempa=\box127
\@tempa=\box128
\@tempa=\box129
\@tempa=\box130
\@tempa=\box131
\@tempa=\box132
\@tempa=\box133
\@tempa=\box134
\@tempa=\box135
\@tempa=\box136
\@tempa=\box137
\@tempa=\box138
\@tempa=\box139
\@tempa=\box140
\@tempa=\box141
\@tempa=\box142
\@tempa=\box143
\@tempa=\box144
\@tempa=\box145
\@tempa=\box146
\@tempa=\box147
\@tempa=\box148
\@tempa=\box149
\c@minrows=\count402
\c@columnbadness=\count403
\c@finalcolumnbadness=\count404
\last@try=\dimen347
\multicolovershoot=\dimen348
\multicolundershoot=\dimen349
\mult@nat@firstbox=\box150
\colbreak@box=\box151
\mc@col@check@num=\count405
)
(C:\Users\Vyacheslav\AppData\Local\Programs\MiKTeX\tex/latex/tools\longtable.st
y
Package: longtable 2021-09-01 v4.17 Multi-page Table package (DPC)
\LTleft=\skip72
\LTright=\skip73
\LTpre=\skip74
\LTpost=\skip75
\LTchunksize=\count406
\LTcapwidth=\dimen350
\LT@head=\box152
\LT@firsthead=\box153
\LT@foot=\box154
\LT@lastfoot=\box155
\LT@gbox=\box156
\LT@cols=\count407
\LT@rows=\count408
\c@LT@tables=\count409
\c@LT@chunks=\count410
\LT@p@ftn=\toks58
)
(C:\Users\Vyacheslav\AppData\Local\Programs\MiKTeX\tex/latex/wrapfig\wrapfig.st
y
\wrapoverhang=\dimen351
\WF@size=\dimen352
\c@WF@wrappedlines=\count411
\WF@box=\box157
\WF@everypar=\toks59
Package: wrapfig 2003/01/31  v 3.6
)
(C:\Users\Vyacheslav\AppData\Local\Programs\MiKTeX\tex/latex/ragged2e\ragged2e.
sty
Package: ragged2e 2023/06/22 v3.6 ragged2e Package
\CenteringLeftskip=\skip76
\RaggedLeftLeftskip=\skip77
\RaggedRightLeftskip=\skip78
\CenteringRightskip=\skip79
\RaggedLeftRightskip=\skip80
\RaggedRightRightskip=\skip81
\CenteringParfillskip=\skip82
\RaggedLeftParfillskip=\skip83
\RaggedRightParfillskip=\skip84
\JustifyingParfillskip=\skip85
\CenteringParindent=\skip86
\RaggedLeftParindent=\skip87
\RaggedRightParindent=\skip88
\JustifyingParindent=\skip89
)
(C:\Users\Vyacheslav\AppData\Local\Programs\MiKTeX\tex/latex/caption\caption.st
y
Package: caption 2023/08/05 v3.6o Customizing captions (AR)

(C:\Users\Vyacheslav\AppData\Local\Programs\MiKTeX\tex/latex/caption\caption3.s
ty
Package: caption3 2023/07/31 v2.4d caption3 kernel (AR)
\caption@tempdima=\dimen353
\captionmargin=\dimen354
\caption@leftmargin=\dimen355
\caption@rightmargin=\dimen356
\caption@width=\dimen357
\caption@indent=\dimen358
\caption@parindent=\dimen359
\caption@hangindent=\dimen360
Package caption Info: beamer document class detected.

(C:\Users\Vyacheslav\AppData\Local\Programs\MiKTeX\tex/latex/caption\caption-be
amer.sto
File: caption-beamer.sto 2022/01/06 v2.0c Adaption of the caption package to th
e beamer document classes (AR)
))
\c@caption@flags=\count412
\c@continuedfloat=\count413
Package caption Info: float package is loaded.
Package caption Info: hyperref package is loaded.
Package caption Info: Hyperref support is turned off
(caption)             because hyperref has stopped early.
Package caption Info: longtable package is loaded.

(C:\Users\Vyacheslav\AppData\Local\Programs\MiKTeX\tex/latex/caption\ltcaption.
sty
Package: ltcaption 2021/01/08 v1.4c longtable captions (AR)
)
Package caption Info: wrapfig package is loaded.
)
(C:\Users\Vyacheslav\AppData\Local\Programs\MiKTeX\tex/latex/chemfig\chemfig.st
y
(C:\Users\Vyacheslav\AppData\Local\Programs\MiKTeX\tex/generic/chemfig\chemfig.
tex
(C:\Users\Vyacheslav\AppData\Local\Programs\MiKTeX\tex/generic/simplekv\simplek
v.tex
Package: simplekv 2023/10/02 v0.2c Simple keyval package (CT)
)
(C:\Users\Vyacheslav\AppData\Local\Programs\MiKTeX\tex/generic/pgf/libraries\pg
flibraryarrows.meta.code.tex
File: pgflibraryarrows.meta.code.tex 2023-01-15 v3.1.10 (3.1.10)
\pgfarrowinset=\dimen361
\pgfarrowlength=\dimen362
\pgfarrowwidth=\dimen363
\pgfarrowlinewidth=\dimen364
)
\CF_cnt_atomgroup=\count414
\CF_cnt_group=\count415
\CF_cnt_atom=\count416
\CF_cnt_cycle=\count417
\CF_cnt_cyclebonds=\count418
\CF_cnt_compound=\count419
\CF_dim=\dimen365
\CF_arrowsize=\dimen366
\CF_zero=\dimen367
\CF_box=\box158
\CF_boxstuff=\box159
\CF_testbox=\box160
\CF_chargebox=\box161
\CF_substtoks=\toks60
)
Package: chemfig 2023/06/30 v1.6e Draw molecule with an easy syntax (CT)
)
(C:\Users\Vyacheslav\AppData\Local\Programs\MiKTeX\tex/latex/tools\tabularx.sty
Package: tabularx 2020/01/15 v2.11c `tabularx' package (DPC)
\TX@col@width=\dimen368
\TX@old@table=\dimen369
\TX@old@col=\dimen370
\TX@target=\dimen371
\TX@delta=\dimen372
\TX@cols=\count420
\TX@ftn=\toks61
)

Package hyperref Warning: Token not allowed in a PDF string (Unicode):
(hyperref)                removing `\\' on input line 124.

runsystem(for ^%i in (pygmentize.exe pygmentize.bat pygmentize.cmd) do set > Le
c-07.aex <nul: /p x=^%~$PATH:i>> Lec-07.aex)...executed.

runsystem(del Lec-07.aex)...executed.

(Lec-07.aux

LaTeX Warning: Label `c<1>' multiply defined.


LaTeX Warning: Label `c' multiply defined.


LaTeX Warning: Label `c<1>' multiply defined.


LaTeX Warning: Label `c' multiply defined.


LaTeX Warning: Label `c<1>' multiply defined.


LaTeX Warning: Label `c' multiply defined.


LaTeX Warning: Label `c<1>' multiply defined.


LaTeX Warning: Label `c' multiply defined.


LaTeX Warning: Label `c<1>' multiply defined.


LaTeX Warning: Label `c' multiply defined.


LaTeX Warning: Label `c<1>' multiply defined.


LaTeX Warning: Label `c' multiply defined.


LaTeX Warning: Label `c<1>' multiply defined.


LaTeX Warning: Label `c' multiply defined.


LaTeX Warning: Label `c<1>' multiply defined.


LaTeX Warning: Label `c' multiply defined.


LaTeX Warning: Label `c<1>' multiply defined.


LaTeX Warning: Label `c' multiply defined.


LaTeX Warning: Label `c<1>' multiply defined.


LaTeX Warning: Label `c' multiply defined.


LaTeX Warning: Label `c<1>' multiply defined.


LaTeX Warning: Label `c' multiply defined.


LaTeX Warning: Label `c<1>' multiply defined.


LaTeX Warning: Label `c' multiply defined.


LaTeX Warning: Label `c<1>' multiply defined.


LaTeX Warning: Label `c' multiply defined.


LaTeX Warning: Label `c<1>' multiply defined.


LaTeX Warning: Label `c' multiply defined.


LaTeX Warning: Label `c<1>' multiply defined.


LaTeX Warning: Label `c' multiply defined.

)
\openout1 = `Lec-07.aux'.

LaTeX Font Info:    Checking defaults for OML/cmm/m/it on input line 127.
LaTeX Font Info:    ... okay on input line 127.
LaTeX Font Info:    Checking defaults for OMS/cmsy/m/n on input line 127.
LaTeX Font Info:    ... okay on input line 127.
LaTeX Font Info:    Checking defaults for OT1/cmr/m/n on input line 127.
LaTeX Font Info:    ... okay on input line 127.
LaTeX Font Info:    Checking defaults for T1/cmr/m/n on input line 127.
LaTeX Font Info:    ... okay on input line 127.
LaTeX Font Info:    Checking defaults for TS1/cmr/m/n on input line 127.
LaTeX Font Info:    Trying to load font information for TS1+cmr on input line 1
27.
 (C:\Users\Vyacheslav\AppData\Local\Programs\MiKTeX\tex/latex/base\ts1cmr.fd
File: ts1cmr.fd 2023/04/13 v2.5m Standard LaTeX font definitions
)
LaTeX Font Info:    ... okay on input line 127.
LaTeX Font Info:    Checking defaults for TU/lmr/m/n on input line 127.
LaTeX Font Info:    ... okay on input line 127.
LaTeX Font Info:    Checking defaults for OMX/cmex/m/n on input line 127.
LaTeX Font Info:    ... okay on input line 127.
LaTeX Font Info:    Checking defaults for U/cmr/m/n on input line 127.
LaTeX Font Info:    ... okay on input line 127.
LaTeX Font Info:    Checking defaults for PD1/pdf/m/n on input line 127.
LaTeX Font Info:    ... okay on input line 127.
LaTeX Font Info:    Checking defaults for PU/pdf/m/n on input line 127.
LaTeX Font Info:    ... okay on input line 127.

*geometry* driver: auto-detecting
*geometry* detected driver: xetex
*geometry* verbose mode - [ preamble ] result:
* driver: xetex
* paper: custom
* layout: <same size as paper>
* layoutoffset:(h,v)=(0.0pt,0.0pt)
* modes: includehead includefoot 
* h-part:(L,W,R)=(36.42035pt, 386.95332pt, 31.8704pt)
* v-part:(T,H,B)=(0.0pt, 256.0748pt, 0.0pt)
* \paperwidth=455.24408pt
* \paperheight=256.0748pt
* \textwidth=386.95332pt
* \textheight=227.62207pt
* \oddsidemargin=-35.84964pt
* \evensidemargin=-35.84964pt
* \topmargin=-72.26999pt
* \headheight=14.22636pt
* \headsep=0.0pt
* \topskip=11.0pt
* \footskip=14.22636pt
* \marginparwidth=4.0pt
* \marginparsep=10.0pt
* \columnsep=10.0pt
* \skip\footins=10.0pt plus 4.0pt minus 2.0pt
* \hoffset=0.0pt
* \voffset=0.0pt
* \mag=1000
* \@twocolumnfalse
* \@twosidefalse
* \@mparswitchfalse
* \@reversemarginfalse
* (1in=72.27pt=25.4mm, 1cm=28.453pt)

Package hyperref Info: Link coloring OFF on input line 127.
(Lec-07.out) (Lec-07.out)
\@outlinefile=\write7
\openout7 = `Lec-07.out'.

\symnumbers=\mathgroup6
\sympureletters=\mathgroup7
LaTeX Font Info:    Overwriting math alphabet `\mathrm' in version `normal'
(Font)                  OT1/cmr/m/n --> TU/Brygada1918(0)/m/n on input line 127
.
LaTeX Font Info:    Redeclaring math alphabet \mathbf on input line 127.
LaTeX Font Info:    Overwriting math alphabet `\mathbf' in version `normal'
(Font)                  OT1/cmr/bx/n --> TU/Brygada1918(0)/b/n on input line 12
7.
LaTeX Font Info:    Overwriting math alphabet `\mathbf' in version `bold'
(Font)                  OT1/cmr/bx/n --> TU/Brygada1918(0)/b/n on input line 12
7.
LaTeX Font Info:    Redeclaring math alphabet \mathsf on input line 127.
LaTeX Font Info:    Overwriting math alphabet `\mathsf' in version `normal'
(Font)                  OT1/cmss/m/n --> TU/ALSSirius(0)/m/n on input line 127.

LaTeX Font Info:    Overwriting math alphabet `\mathsf' in version `bold'
(Font)                  OT1/cmss/bx/n --> TU/ALSSirius(0)/m/n on input line 127
.
LaTeX Font Info:    Redeclaring math alphabet \mathit on input line 127.
LaTeX Font Info:    Overwriting math alphabet `\mathit' in version `normal'
(Font)                  OT1/cmr/m/it --> TU/Brygada1918(0)/m/it on input line 1
27.
LaTeX Font Info:    Overwriting math alphabet `\mathit' in version `bold'
(Font)                  OT1/cmr/bx/it --> TU/Brygada1918(0)/m/it on input line 
127.
LaTeX Font Info:    Redeclaring math alphabet \mathtt on input line 127.
LaTeX Font Info:    Overwriting math alphabet `\mathtt' in version `normal'
(Font)                  OT1/cmtt/m/n --> TU/Consolas(0)/m/n on input line 127.
LaTeX Font Info:    Overwriting math alphabet `\mathtt' in version `bold'
(Font)                  OT1/cmtt/m/n --> TU/Consolas(0)/m/n on input line 127.
LaTeX Font Info:    Overwriting symbol font `numbers' in version `bold'
(Font)                  TU/Brygada1918(0)/m/n --> TU/Brygada1918(0)/b/n on inpu
t line 127.
LaTeX Font Info:    Overwriting symbol font `pureletters' in version `bold'
(Font)                  TU/Brygada1918(0)/m/it --> TU/Brygada1918(0)/b/it on in
put line 127.
LaTeX Font Info:    Overwriting math alphabet `\mathrm' in version `bold'
(Font)                  OT1/cmr/bx/n --> TU/Brygada1918(0)/b/n on input line 12
7.
LaTeX Font Info:    Overwriting math alphabet `\mathbf' in version `bold'
(Font)                  TU/Brygada1918(0)/b/n --> TU/Brygada1918(0)/b/n on inpu
t line 127.
LaTeX Font Info:    Overwriting math alphabet `\mathsf' in version `bold'
(Font)                  TU/ALSSirius(0)/m/n --> TU/ALSSirius(0)/b/n on input li
ne 127.
LaTeX Font Info:    Overwriting math alphabet `\mathit' in version `bold'
(Font)                  TU/Brygada1918(0)/m/it --> TU/Brygada1918(0)/b/it on in
put line 127.
LaTeX Font Info:    Overwriting math alphabet `\mathtt' in version `bold'
(Font)                  TU/Consolas(0)/m/n --> TU/Consolas(0)/b/n on input line
 127.

(C:\Users\Vyacheslav\AppData\Local\Programs\MiKTeX\tex/latex/translator\transla
tor-basic-dictionary-English.dict
Dictionary: translator-basic-dictionary, Language: English 
)
(C:\Users\Vyacheslav\AppData\Local\Programs\MiKTeX\tex/latex/translator\transla
tor-bibliography-dictionary-English.dict
Dictionary: translator-bibliography-dictionary, Language: English 
)
(C:\Users\Vyacheslav\AppData\Local\Programs\MiKTeX\tex/latex/translator\transla
tor-environment-dictionary-English.dict
Dictionary: translator-environment-dictionary, Language: English 
)
(C:\Users\Vyacheslav\AppData\Local\Programs\MiKTeX\tex/latex/translator\transla
tor-months-dictionary-English.dict
Dictionary: translator-months-dictionary, Language: English 
)
(C:\Users\Vyacheslav\AppData\Local\Programs\MiKTeX\tex/latex/translator\transla
tor-numbers-dictionary-English.dict
Dictionary: translator-numbers-dictionary, Language: English 
)
(C:\Users\Vyacheslav\AppData\Local\Programs\MiKTeX\tex/latex/translator\transla
tor-theorem-dictionary-English.dict
Dictionary: translator-theorem-dictionary, Language: English 
)
LaTeX Info: Redefining \th on input line 127.

Package fontspec Info: Adjusting the maths setup (use [no-math] to avoid
(fontspec)             this).

\symlegacymaths=\mathgroup8
LaTeX Font Info:    Overwriting symbol font `legacymaths' in version `bold'
(Font)                  OT1/cmr/m/n --> OT1/cmr/bx/n on input line 127.
LaTeX Font Info:    Redeclaring math accent \acute on input line 127.
LaTeX Font Info:    Redeclaring math accent \grave on input line 127.
LaTeX Font Info:    Redeclaring math accent \ddot on input line 127.
LaTeX Font Info:    Redeclaring math accent \tilde on input line 127.
LaTeX Font Info:    Redeclaring math accent \bar on input line 127.
LaTeX Font Info:    Redeclaring math accent \breve on input line 127.
LaTeX Font Info:    Redeclaring math accent \check on input line 127.
LaTeX Font Info:    Redeclaring math accent \hat on input line 127.
LaTeX Font Info:    Redeclaring math accent \dot on input line 127.
LaTeX Font Info:    Redeclaring math accent \mathring on input line 127.
LaTeX Font Info:    Redeclaring math symbol \Gamma on input line 127.
LaTeX Font Info:    Redeclaring math symbol \Delta on input line 127.
LaTeX Font Info:    Redeclaring math symbol \Theta on input line 127.
LaTeX Font Info:    Redeclaring math symbol \Lambda on input line 127.
LaTeX Font Info:    Redeclaring math symbol \Xi on input line 127.
LaTeX Font Info:    Redeclaring math symbol \Pi on input line 127.
LaTeX Font Info:    Redeclaring math symbol \Sigma on input line 127.
LaTeX Font Info:    Redeclaring math symbol \Upsilon on input line 127.
LaTeX Font Info:    Redeclaring math symbol \Phi on input line 127.
LaTeX Font Info:    Redeclaring math symbol \Psi on input line 127.
LaTeX Font Info:    Redeclaring math symbol \Omega on input line 127.
LaTeX Font Info:    Redeclaring math symbol \mathdollar on input line 127.
LaTeX Font Info:    Redeclaring symbol font `operators' on input line 127.
LaTeX Font Info:    Encoding `OT1' has changed to `TU' for symbol font
(Font)              `operators' in the math version `normal' on input line 127.

LaTeX Font Info:    Overwriting symbol font `operators' in version `normal'
(Font)                  OT1/cmr/m/n --> TU/Brygada1918(0)/m/n on input line 127
.
LaTeX Font Info:    Encoding `OT1' has changed to `TU' for symbol font
(Font)              `operators' in the math version `bold' on input line 127.
LaTeX Font Info:    Overwriting symbol font `operators' in version `bold'
(Font)                  OT1/cmr/bx/n --> TU/Brygada1918(0)/m/n on input line 12
7.
LaTeX Font Info:    Overwriting symbol font `operators' in version `normal'
(Font)                  TU/Brygada1918(0)/m/n --> TU/Brygada1918(0)/m/n on inpu
t line 127.
LaTeX Font Info:    Redeclaring math alphabet \mathrm on input line 127.
LaTeX Font Info:    Overwriting math alphabet `\mathit' in version `normal'
(Font)                  TU/Brygada1918(0)/m/it --> TU/Brygada1918(0)/m/it on in
put line 127.
LaTeX Font Info:    Overwriting math alphabet `\mathbf' in version `normal'
(Font)                  TU/Brygada1918(0)/b/n --> TU/Brygada1918(0)/b/n on inpu
t line 127.
LaTeX Font Info:    Overwriting math alphabet `\mathsf' in version `normal'
(Font)                  TU/ALSSirius(0)/m/n --> TU/ALSSirius(0)/m/n on input li
ne 127.
LaTeX Font Info:    Overwriting math alphabet `\mathtt' in version `normal'
(Font)                  TU/Consolas(0)/m/n --> TU/Consolas(0)/m/n on input line
 127.
LaTeX Font Info:    Overwriting symbol font `operators' in version `bold'
(Font)                  TU/Brygada1918(0)/m/n --> TU/Brygada1918(0)/b/n on inpu
t line 127.
LaTeX Font Info:    Overwriting math alphabet `\mathit' in version `bold'
(Font)                  TU/Brygada1918(0)/b/it --> TU/Brygada1918(0)/b/it on in
put line 127.
LaTeX Font Info:    Overwriting math alphabet `\mathsf' in version `bold'
(Font)                  TU/ALSSirius(0)/b/n --> TU/ALSSirius(0)/b/n on input li
ne 127.
LaTeX Font Info:    Overwriting math alphabet `\mathtt' in version `bold'
(Font)                  TU/Consolas(0)/b/n --> TU/Consolas(0)/b/n on input line
 127.
Package caption Info: Begin \AtBeginDocument code.
Package caption Info: End \AtBeginDocument code.
 (Lec-07.nav)
Underfull \hbox (badness 10000) in paragraph at lines 133--133
[]\TU/ALSSirius(0)/b/n/17.28  
 []


Underfull \hbox (badness 10000) in paragraph at lines 133--133
\TU/ALSSirius(0)/b/n/17.28  
 []

LaTeX Font Info:    Trying to load font information for U+msa on input line 133
.
(C:\Users\Vyacheslav\AppData\Local\Programs\MiKTeX\tex/latex/amsfonts\umsa.fd
File: umsa.fd 2013/01/14 v3.01 AMS symbols A
)
LaTeX Font Info:    Trying to load font information for U+msb on input line 133
.

(C:\Users\Vyacheslav\AppData\Local\Programs\MiKTeX\tex/latex/amsfonts\umsb.fd
File: umsb.fd 2013/01/14 v3.01 AMS symbols B
)
Overfull \hbox (68.29076pt too wide) in paragraph at lines 133--133
[][][]  
 []


Overfull \vbox (5.0pt too high) detected at line 133
 []

File: bgs/light/title.png Graphic file (type bmp)
<bgs/light/title.png>
File: logos/ru/light/logoclr.png Graphic file (type bmp)
<logos/ru/light/logoclr.png>
[1

]
Overfull \hbox (68.29076pt too wide) in paragraph at lines 139--139
[][][]  
 []


Overfull \vbox (5.0pt too high) detected at line 139
 []

File: bgs/light/section.jpg Graphic file (type bmp)
<bgs/light/section.jpg>
File: logos/ru/light/logobw.png Graphic file (type bmp)
<logos/ru/light/logobw.png>
[2

]
\openout4 = `Lec-07.3.vrb'.

 (Lec-07.3.vrb
File: ./pics/ic8.png Graphic file (type bmp)
<./pics/ic8.png>
File: ./pics/nc7.png Graphic file (type bmp)
<./pics/nc7.png>
)
File: bgs/light/slide.jpg Graphic file (type bmp)
<bgs/light/slide.jpg>
File: logos/ru/light/logobw.png Graphic file (type bmp)
<logos/ru/light/logobw.png>
 [3

]
\openout4 = `Lec-07.4.vrb'.

 (Lec-07.4.vrb
File: ./pics/ron.png Graphic file (type bmp)
<./pics/ron.png>
)
Overfull \vbox (7.07826pt too high) detected at line 177
 []

File: bgs/light/slide.jpg Graphic file (type bmp)
<bgs/light/slide.jpg>
File: logos/ru/light/logobw.png Graphic file (type bmp)
<logos/ru/light/logobw.png>
[4

]
\openout4 = `Lec-07.5.vrb'.

 (Lec-07.5.vrb
Overfull \hbox (1.7166pt too wide) in paragraph at lines 8--8
[]|$[]$| 
 []


Overfull \hbox (2.06335pt too wide) in paragraph at lines 8--8
[]|\TU/ALSSirius(0)/m/n/8 
 []


Overfull \hbox (5.88321pt too wide) in paragraph at lines 9--9
[]|$[][]$| 
 []


Overfull \hbox (2.06335pt too wide) in paragraph at lines 9--9
[]|\TU/ALSSirius(0)/m/n/8 
 []


Overfull \hbox (5.88321pt too wide) in paragraph at lines 10--10
[]|$[][]$| 
 []


Overfull \hbox (2.06335pt too wide) in paragraph at lines 10--10
[]|\TU/ALSSirius(0)/m/n/8 
 []


Overfull \hbox (5.88321pt too wide) in paragraph at lines 11--11
[]|$[][]$| 
 []


Overfull \hbox (2.06335pt too wide) in paragraph at lines 11--11
[]|\TU/ALSSirius(0)/m/n/8 
 []


Underfull \hbox (badness 2717) in paragraph at lines 11--12
[]|\TU/ALSSirius(0)/m/n/8   $[][]$  $[]$  , 
    
 []


Overfull \hbox (3.1086pt too wide) in paragraph at lines 12--12
[]|$[][]$| 
 []


Overfull \hbox (2.06335pt too wide) in paragraph at lines 12--12
[]|\TU/ALSSirius(0)/m/n/8 
 []


Overfull \hbox (6.2512pt too wide) in paragraph at lines 13--13
[]|$[][]$| 
 []


Overfull \hbox (2.06335pt too wide) in paragraph at lines 13--13
[]|\TU/ALSSirius(0)/m/n/8 
 []


Overfull \hbox (6.2512pt too wide) in paragraph at lines 14--14
[]|$[][]$| 
 []


Overfull \hbox (2.06335pt too wide) in paragraph at lines 14--14
[]|\TU/ALSSirius(0)/m/n/8 
 []


Overfull \hbox (5.89922pt too wide) in paragraph at lines 15--15
[]|$[][]$| 
 []


Overfull \hbox (2.06335pt too wide) in paragraph at lines 15--15
[]|\TU/ALSSirius(0)/m/n/8 
 []


Underfull \hbox (badness 10000) in paragraph at lines 15--16
[]|\TU/ALSSirius(0)/m/n/8      
  
 []


Overfull \hbox (5.89922pt too wide) in paragraph at lines 16--16
[]|$[][]$| 
 []


Overfull \hbox (2.06335pt too wide) in paragraph at lines 16--16
[]|\TU/ALSSirius(0)/m/n/8 
 []


Underfull \hbox (badness 1975) in paragraph at lines 16--17
[]|\TU/ALSSirius(0)/m/n/8      
  
 []


Overfull \hbox (22.45518pt too wide) in paragraph at lines 7--18
[][]  
 []

)
Overfull \vbox (2.97891pt too high) detected at line 200
 []

File: bgs/light/slide.jpg Graphic file (type bmp)
<bgs/light/slide.jpg>
File: logos/ru/light/logobw.png Graphic file (type bmp)
<logos/ru/light/logobw.png>
[5

]
\openout4 = `Lec-07.6.vrb'.

 (Lec-07.6.vrb
Overfull \hbox (41.82077pt too wide) in paragraph at lines 29--37
[]$[][]$ 
 []

)
File: bgs/light/slide.jpg Graphic file (type bmp)
<bgs/light/slide.jpg>
File: logos/ru/light/logobw.png Graphic file (type bmp)
<logos/ru/light/logobw.png>
 [6

]
\openout4 = `Lec-07.7.vrb'.

 (Lec-07.7.vrb
Underfull \hbox (badness 10000) in paragraph at lines 31--32
[]$[][]\OML/cmm/m/it/8 ; [][]$ \TU/ALSSirius(0)/m/n/8  , 
  $[]$-
 []


Underfull \hbox (badness 10000) in paragraph at lines 31--32
\TU/ALSSirius(0)/m/n/8     c $[]$-
 []

)
File: bgs/light/slide.jpg Graphic file (type bmp)
<bgs/light/slide.jpg>
File: logos/ru/light/logobw.png Graphic file (type bmp)
<logos/ru/light/logobw.png>
 [7

]
\openout4 = `Lec-07.8.vrb'.

 (Lec-07.8.vrb
\openout5 = `Lec-07.pyg'.

runsystem(pygmentize -S default -f latex -P commandprefix=PYG > Lec-07.out.pyg)
...executed.

 (Lec-07.out.pyg)
runsystem(pygmentize -l "python" -f latex -P commandprefix=PYG -F tokenmerge -P
 stripnl="False" -P escapeinside="||" -P mathescape="True" -F gobble:n="2" -P p
ython3="True" -o Lec-07.out.pyg Lec-07.pyg)...executed.

 (Lec-07.out.pyg))
File: bgs/light/slide.jpg Graphic file (type bmp)
<bgs/light/slide.jpg>
File: logos/ru/light/logobw.png Graphic file (type bmp)
<logos/ru/light/logobw.png>
 [8

]
Overfull \hbox (68.29076pt too wide) in paragraph at lines 308--308
[][][]  
 []


Overfull \vbox (5.0pt too high) detected at line 308
 []

File: bgs/light/section.jpg Graphic file (type bmp)
<bgs/light/section.jpg>
File: logos/ru/light/logobw.png Graphic file (type bmp)
<logos/ru/light/logobw.png>
[9

]
\openout4 = `Lec-07.10.vrb'.

 (Lec-07.10.vrb)
File: bgs/light/slide.jpg Graphic file (type bmp)
<bgs/light/slide.jpg>
File: logos/ru/light/logobw.png Graphic file (type bmp)
<logos/ru/light/logobw.png>
 [10

]
\openout4 = `Lec-07.11.vrb'.

 (Lec-07.11.vrb
\openout6 = `Lec-07.pyg'.

runsystem(pygmentize -l "python" -f latex -P commandprefix=PYG -F tokenmerge -P
 stripnl="False" -P escapeinside="||" -P mathescape="True" -F gobble:n="2" -P p
ython3="True" -o Lec-07.out.pyg Lec-07.pyg)...executed.

 (Lec-07.out.pyg)
\openout5 = `Lec-07.pyg'.

runsystem(pygmentize -l "python" -f latex -P commandprefix=PYG -F tokenmerge -P
 stripnl="False" -P escapeinside="||" -P mathescape="True" -F gobble:n="2" -P p
ython3="True" -o Lec-07.out.pyg Lec-07.pyg)...executed.

 (Lec-07.out.pyg)
Underfull \hbox (badness 10000) in paragraph at lines 19--20
[]|\TU/ALSSirius(0)/m/n/8     
 []


Overfull \hbox (23.26921pt too wide) in paragraph at lines 5--22
[][]  
 []

)
File: bgs/light/slide.jpg Graphic file (type bmp)
<bgs/light/slide.jpg>
File: logos/ru/light/logobw.png Graphic file (type bmp)
<logos/ru/light/logobw.png>
 [11

]
\openout4 = `Lec-07.12.vrb'.

 (Lec-07.12.vrb)
File: bgs/light/slide.jpg Graphic file (type bmp)
<bgs/light/slide.jpg>
File: logos/ru/light/logobw.png Graphic file (type bmp)
<logos/ru/light/logobw.png>
 [12

]
\openout4 = `Lec-07.13.vrb'.

 (Lec-07.13.vrb
\openout6 = `Lec-07.pyg'.

runsystem(pygmentize -l "python" -f latex -P commandprefix=PYG -F tokenmerge -P
 stripnl="False" -P escapeinside="||" -P mathescape="True" -F gobble:n="2" -P p
ython3="True" -o Lec-07.out.pyg Lec-07.pyg)...executed.

 (Lec-07.out.pyg)
\openout6 = `Lec-07.pyg'.

runsystem(pygmentize -l "python" -f latex -P commandprefix=PYG -F tokenmerge -P
 stripnl="False" -P escapeinside="||" -P mathescape="True" -F gobble:n="2" -P p
ython3="True" -o Lec-07.out.pyg Lec-07.pyg)...executed.

 (Lec-07.out.pyg)
\openout6 = `Lec-07.pyg'.

runsystem(pygmentize -l "python" -f latex -P commandprefix=PYG -F tokenmerge -P
 stripnl="False" -P escapeinside="||" -P mathescape="True" -F gobble:n="2" -P p
ython3="True" -o Lec-07.out.pyg Lec-07.pyg)...executed.


(Lec-07.out.pyg)
\openout6 = `Lec-07.pyg'.

runsystem(pygmentize -l "python" -f latex -P commandprefix=PYG -F tokenmerge -P
 stripnl="False" -P escapeinside="||" -P mathescape="True" -F gobble:n="2" -P p
ython3="True" -o Lec-07.out.pyg Lec-07.pyg)...executed.

 (Lec-07.out.pyg)
\openout6 = `Lec-07.pyg'.

runsystem(pygmentize -l "python" -f latex -P commandprefix=PYG -F tokenmerge -P
 stripnl="False" -P escapeinside="||" -P mathescape="True" -F gobble:n="2" -P p
ython3="True" -o Lec-07.out.pyg Lec-07.pyg)...executed.

 (Lec-07.out.pyg)
\openout6 = `Lec-07.pyg'.

runsystem(pygmentize -l "python" -f latex -P commandprefix=PYG -F tokenmerge -P
 stripnl="False" -P escapeinside="||" -P mathescape="True" -F gobble:n="2" -P p
ython3="True" -o Lec-07.out.pyg Lec-07.pyg)...executed.

 (Lec-07.out.pyg)
\openout6 = `Lec-07.pyg'.

runsystem(pygmentize -l "python" -f latex -P commandprefix=PYG -F tokenmerge -P
 stripnl="False" -P escapeinside="||" -P mathescape="True" -F gobble:n="2" -P p
ython3="True" -o Lec-07.out.pyg Lec-07.pyg)...executed.


(Lec-07.out.pyg)
\openout6 = `Lec-07.pyg'.

runsystem(pygmentize -l "python" -f latex -P commandprefix=PYG -F tokenmerge -P
 stripnl="False" -P escapeinside="||" -P mathescape="True" -F gobble:n="2" -P p
ython3="True" -o Lec-07.out.pyg Lec-07.pyg)...executed.

 (Lec-07.out.pyg)
\openout6 = `Lec-07.pyg'.

runsystem(pygmentize -l "python" -f latex -P commandprefix=PYG -F tokenmerge -P
 stripnl="False" -P escapeinside="||" -P mathescape="True" -F gobble:n="2" -P p
ython3="True" -o Lec-07.out.pyg Lec-07.pyg)...executed.

 (Lec-07.out.pyg))
File: bgs/light/slide.jpg Graphic file (type bmp)
<bgs/light/slide.jpg>
File: logos/ru/light/logobw.png Graphic file (type bmp)
<logos/ru/light/logobw.png>
 [13

]
\openout4 = `Lec-07.14.vrb'.

 (Lec-07.14.vrb
File: ./pics/eggholder.pdf Graphic file (type pdf)
<use ./pics/eggholder.pdf>

Overfull \hbox (18.77364pt too wide) detected at line 11
[] \OT1/cmr/m/n/8 = [] \OMS/cmsy/m/n/8 ^^A [] [] ^^@ [] ^^A [] []
 []


Underfull \hbox (badness 10000) in paragraph at lines 13--14
[]\TU/ALSSirius(0)/m/n/8     
 []


Underfull \hbox (badness 1331) in paragraph at lines 13--14
\TU/ALSSirius(0)/m/n/8  $[] \OMS/cmsy/m/n/8 2 [] \OT1/cmr/m/n/8 ;  [] 
\OMS/cmsy/m/n/8 2 []$ \TU/ALSSirius(0)/m/n/8 
 []

)
File: bgs/light/slide.jpg Graphic file (type bmp)
<bgs/light/slide.jpg>
File: logos/ru/light/logobw.png Graphic file (type bmp)
<logos/ru/light/logobw.png>
 [14

]
\openout4 = `Lec-07.15.vrb'.

 (Lec-07.15.vrb
\openout5 = `Lec-07.pyg'.

runsystem(pygmentize -l "python" -f latex -P commandprefix=PYG -F tokenmerge -P
 stripnl="False" -P escapeinside="||" -P mathescape="True" -F gobble:n="2" -P p
ython3="True" -o Lec-07.out.pyg Lec-07.pyg)...executed.

 (Lec-07.out.pyg))
File: bgs/light/slide.jpg Graphic file (type bmp)
<bgs/light/slide.jpg>
File: logos/ru/light/logobw.png Graphic file (type bmp)
<logos/ru/light/logobw.png>
 [15

]
\openout4 = `Lec-07.16.vrb'.

 (Lec-07.16.vrb
\openout5 = `Lec-07.pyg'.

runsystem(pygmentize -l "python" -f latex -P commandprefix=PYG -F tokenmerge -P
 stripnl="False" -P escapeinside="||" -P mathescape="True" -F gobble:n="2" -P p
ython3="True" -o Lec-07.out.pyg Lec-07.pyg)...executed.

 (Lec-07.out.pyg)
\openout5 = `Lec-07.pyg'.

runsystem(pygmentize -l "pycon" -f latex -P commandprefix=PYG -F tokenmerge -P 
stripnl="False" -P escapeinside="||" -P mathescape="True" -F gobble:n="2" -P py
thon3="True" -o Lec-07.out.pyg Lec-07.pyg)...executed.


(Lec-07.out.pyg))
File: bgs/light/slide.jpg Graphic file (type bmp)
<bgs/light/slide.jpg>
File: logos/ru/light/logobw.png Graphic file (type bmp)
<logos/ru/light/logobw.png>
 [16

]
\openout4 = `Lec-07.17.vrb'.

 (Lec-07.17.vrb
\openout6 = `Lec-07.pyg'.

runsystem(pygmentize -l "python" -f latex -P commandprefix=PYG -F tokenmerge -P
 stripnl="False" -P escapeinside="||" -P mathescape="True" -F gobble:n="2" -P p
ython3="True" -o Lec-07.out.pyg Lec-07.pyg)...executed.

 (Lec-07.out.pyg)
\openout6 = `Lec-07.pyg'.

runsystem(pygmentize -l "python" -f latex -P commandprefix=PYG -F tokenmerge -P
 stripnl="False" -P escapeinside="||" -P mathescape="True" -F gobble:n="2" -P p
ython3="True" -o Lec-07.out.pyg Lec-07.pyg)...executed.

 (Lec-07.out.pyg)
\openout6 = `Lec-07.pyg'.

runsystem(pygmentize -l "python" -f latex -P commandprefix=PYG -F tokenmerge -P
 stripnl="False" -P escapeinside="||" -P mathescape="True" -F gobble:n="2" -P p
ython3="True" -o Lec-07.out.pyg Lec-07.pyg)...executed.


(Lec-07.out.pyg)
\openout6 = `Lec-07.pyg'.

runsystem(pygmentize -l "python" -f latex -P commandprefix=PYG -F tokenmerge -P
 stripnl="False" -P escapeinside="||" -P mathescape="True" -F gobble:n="2" -P p
ython3="True" -o Lec-07.out.pyg Lec-07.pyg)...executed.

 (Lec-07.out.pyg)
\openout6 = `Lec-07.pyg'.

runsystem(pygmentize -l "python" -f latex -P commandprefix=PYG -F tokenmerge -P
 stripnl="False" -P escapeinside="||" -P mathescape="True" -F gobble:n="2" -P p
ython3="True" -o Lec-07.out.pyg Lec-07.pyg)...executed.

 (Lec-07.out.pyg)
\openout6 = `Lec-07.pyg'.

runsystem(pygmentize -l "python" -f latex -P commandprefix=PYG -F tokenmerge -P
 stripnl="False" -P escapeinside="||" -P mathescape="True" -F gobble:n="2" -P p
ython3="True" -o Lec-07.out.pyg Lec-07.pyg)...executed.

 (Lec-07.out.pyg)
\openout6 = `Lec-07.pyg'.

runsystem(pygmentize -l "python" -f latex -P commandprefix=PYG -F tokenmerge -P
 stripnl="False" -P escapeinside="||" -P mathescape="True" -F gobble:n="2" -P p
ython3="True" -o Lec-07.out.pyg Lec-07.pyg)...executed.


(Lec-07.out.pyg))
File: bgs/light/slide.jpg Graphic file (type bmp)
<bgs/light/slide.jpg>
File: logos/ru/light/logobw.png Graphic file (type bmp)
<logos/ru/light/logobw.png>
 [17

]
\openout4 = `Lec-07.18.vrb'.

 (Lec-07.18.vrb
\openout5 = `Lec-07.pyg'.

runsystem(pygmentize -l "python" -f latex -P commandprefix=PYG -F tokenmerge -P
 stripnl="False" -P escapeinside="||" -P mathescape="True" -F gobble:n="2" -P p
ython3="True" -o Lec-07.out.pyg Lec-07.pyg)...executed.

 (Lec-07.out.pyg))
File: bgs/light/slide.jpg Graphic file (type bmp)
<bgs/light/slide.jpg>
File: logos/ru/light/logobw.png Graphic file (type bmp)
<logos/ru/light/logobw.png>
 [18

]
\openout4 = `Lec-07.19.vrb'.

 (Lec-07.19.vrb
\openout5 = `Lec-07.pyg'.

runsystem(pygmentize -l "python" -f latex -P commandprefix=PYG -F tokenmerge -P
 stripnl="False" -P escapeinside="||" -P mathescape="True" -F gobble:n="2" -P p
ython3="True" -o Lec-07.out.pyg Lec-07.pyg)...executed.


(Lec-07.out.pyg)
\openout5 = `Lec-07.pyg'.

runsystem(pygmentize -l "pycon" -f latex -P commandprefix=PYG -F tokenmerge -P 
stripnl="False" -P escapeinside="||" -P mathescape="True" -F gobble:n="2" -P py
thon3="True" -o Lec-07.out.pyg Lec-07.pyg)...executed.

 (Lec-07.out.pyg))
File: bgs/light/slide.jpg Graphic file (type bmp)
<bgs/light/slide.jpg>
File: logos/ru/light/logobw.png Graphic file (type bmp)
<logos/ru/light/logobw.png>
 [19

]
Underfull \hbox (badness 10000) in paragraph at lines 584--584

 []

File: pics/home.png Graphic file (type bmp)
<pics/home.png>
File: pics/mail.png Graphic file (type bmp)
<pics/mail.png>
File: pics/tel.png Graphic file (type bmp)
<pics/tel.png>

Overfull \hbox (68.29076pt too wide) in paragraph at lines 584--584
[][]  
 []


Overfull \vbox (5.0pt too high) detected at line 584
 []

File: bgs/contacts.jpg Graphic file (type bmp)
<bgs/contacts.jpg>
File: logos/ru/light/logoclr.png Graphic file (type bmp)
<logos/ru/light/logoclr.png>
[20

]
\tf@nav=\write8
\openout8 = `Lec-07.nav'.

\tf@toc=\write9
\openout9 = `Lec-07.toc'.

\tf@snm=\write10
\openout10 = `Lec-07.snm'.



Package caption Warning: Unused \captionsetup[table] on input line 111.
See the caption package documentation for explanation.

(Lec-07.aux)
 ***********
LaTeX2e <2023-06-01> patch level 1
L3 programming layer <2023-08-29>
 ***********


LaTeX Warning: There were multiply-defined labels.

Package rerunfilecheck Info: File `Lec-07.out' has not changed.
(rerunfilecheck)             Checksum: 8C0A742A4204E68F2C55C53268C6CC66;929.
runsystem(del Lec-07.pyg)...executed.

runsystem(del Lec-07.out.pyg)...executed.

 ) 
Here is how much of TeX's memory you used:
 37750 strings out of 410378
 810152 string characters out of 5787015
 1930432 words of memory out of 5000000
 58309 multiletter control sequences out of 15000+600000
 564082 words of font info for 103 fonts, out of 8000000 for 9000
 1348 hyphenation exceptions out of 8191
 101i,17n,107p,509b,792s stack positions out of 10000i,1000n,20000p,200000b,200000s

Output written on Lec-07.pdf (20 pages).
